#
# There is insufficient memory for the Java Runtime Environment to continue.
# Native memory allocation (malloc) failed to allocate 273744 bytes for Chunk::new
# Possible reasons:
#   The system is out of physical RAM or swap space
#   The process is running with CompressedOops enabled, and the Java Heap may be blocking the growth of the native heap
# Possible solutions:
#   Reduce memory load on the system
#   Increase physical memory or swap space
#   Check if swap backing store is full
#   Decrease Java heap size (-Xmx/-Xms)
#   Decrease number of Java threads
#   Decrease Java thread stack sizes (-Xss)
#   Set larger code cache with -XX:ReservedCodeCacheSize=
#   JVM is running with Unscaled Compressed Oops mode in which the Java heap is
#     placed in the first 4GB address space. The Java Heap base address is the
#     maximum limit for the native heap growth. Please use -XX:HeapBaseMinAddress
#     to set the Java Heap base and to place the Java Heap above 4GB virtual address.
# This output file may be truncated or incomplete.
#
#  Out of Memory Error (arena.cpp:189), pid=44172, tid=64224
#
# JRE version: Java(TM) SE Runtime Environment (17.0.12+8) (build 17.0.12+8-LTS-286)
# Java VM: Java HotSpot(TM) 64-Bit Server VM (17.0.12+8-LTS-286, mixed mode, sharing, tiered, compressed oops, compressed class ptrs, g1 gc, windows-amd64)
# No core dump will be written. Minidumps are not enabled by default on client versions of Windows
#

---------------  S U M M A R Y ------------

Command Line: -javaagent:C:\Program Files\JetBrains\IntelliJ IDEA 2024.3.3\lib\idea_rt.jar=52165:C:\Program Files\JetBrains\IntelliJ IDEA 2024.3.3\bin -Dfile.encoding=UTF-8 com.poly.beeshoes.Application

Host: 11th Gen Intel(R) Core(TM) i3-1115G4 @ 3.00GHz, 4 cores, 7G,  Windows 11 , 64 bit Build 22621 (10.0.22621.5124)
Time: Wed Apr 23 14:33:58 2025 SE Asia Standard Time elapsed time: 58.813512 seconds (0d 0h 0m 58s)

---------------  T H R E A D  ---------------

Current thread (0x000002947f8bd2a0):  JavaThread "C2 CompilerThread0" daemon [_thread_in_native, id=64224, stack(0x000000c57e200000,0x000000c57e300000)]


Current CompileTask:
C2:  58813 10837   !   4       java.lang.reflect.Field::declaredAnnotations (82 bytes)

Stack: [0x000000c57e200000,0x000000c57e300000]
Native frames: (J=compiled Java code, j=interpreted, Vv=VM code, C=native code)
V  [jvm.dll+0x67a04a]
V  [jvm.dll+0x7da4ed]
V  [jvm.dll+0x7dbe33]
V  [jvm.dll+0x7dc4a3]
V  [jvm.dll+0x24508f]
V  [jvm.dll+0xab773]
V  [jvm.dll+0xabd3c]
V  [jvm.dll+0x11e324]
V  [jvm.dll+0x6087a2]
V  [jvm.dll+0x60c715]
V  [jvm.dll+0x2166be]
V  [jvm.dll+0x215c6f]
V  [jvm.dll+0x1a2960]
V  [jvm.dll+0x22610b]
V  [jvm.dll+0x2242ab]
V  [jvm.dll+0x79075c]
V  [jvm.dll+0x78abea]
V  [jvm.dll+0x678f35]
C  [ucrtbase.dll+0x29333]
C  [KERNEL32.DLL+0x1259d]
C  [ntdll.dll+0x5af38]


---------------  P R O C E S S  ---------------

Threads class SMR info:
_java_thread_list=0x0000029448166f20, length=37, elements={
0x000002947f8954a0, 0x000002947f896e70, 0x000002947f8ac190, 0x000002947f8aca60,
0x000002947f8afae0, 0x000002947f8b09c0, 0x000002947f8bd2a0, 0x000002947f8c0060,
0x000002947f8e08d0, 0x000002947fa82dd0, 0x000002947fd00970, 0x000002947fd08fc0,
0x00000294461921d0, 0x0000029445492ab0, 0x0000029446188120, 0x0000029445775b50,
0x00000294464bbb70, 0x00000294464bb660, 0x00000294464b6560, 0x00000294464bcaa0,
0x00000294464b6a70, 0x00000294464b5630, 0x00000294464b8de0, 0x00000294464b9800,
0x00000294464b9d10, 0x0000029445b9fc60, 0x0000029445cef040, 0x0000029445cf13b0,
0x0000029445cee620, 0x0000029445ceb380, 0x0000029445ceb890, 0x0000029445cf0ea0,
0x0000029445cefa60, 0x0000029445cec7c0, 0x0000029445cef550, 0x0000029445cf0480,
0x0000029445ceccd0
}

Java Threads: ( => current thread )
  0x000002947f8954a0 JavaThread "Reference Handler" daemon [_thread_blocked, id=56308, stack(0x000000c57dc00000,0x000000c57dd00000)]
  0x000002947f896e70 JavaThread "Finalizer" daemon [_thread_blocked, id=56756, stack(0x000000c57dd00000,0x000000c57de00000)]
  0x000002947f8ac190 JavaThread "Signal Dispatcher" daemon [_thread_blocked, id=63988, stack(0x000000c57de00000,0x000000c57df00000)]
  0x000002947f8aca60 JavaThread "Attach Listener" daemon [_thread_blocked, id=10824, stack(0x000000c57df00000,0x000000c57e000000)]
  0x000002947f8afae0 JavaThread "Service Thread" daemon [_thread_blocked, id=48248, stack(0x000000c57e000000,0x000000c57e100000)]
  0x000002947f8b09c0 JavaThread "Monitor Deflation Thread" daemon [_thread_blocked, id=49340, stack(0x000000c57e100000,0x000000c57e200000)]
=>0x000002947f8bd2a0 JavaThread "C2 CompilerThread0" daemon [_thread_in_native, id=64224, stack(0x000000c57e200000,0x000000c57e300000)]
  0x000002947f8c0060 JavaThread "C1 CompilerThread0" daemon [_thread_blocked, id=52560, stack(0x000000c57e300000,0x000000c57e400000)]
  0x000002947f8e08d0 JavaThread "Sweeper thread" daemon [_thread_blocked, id=40580, stack(0x000000c57e400000,0x000000c57e500000)]
  0x000002947fa82dd0 JavaThread "Common-Cleaner" daemon [_thread_blocked, id=60036, stack(0x000000c57e500000,0x000000c57e600000)]
  0x000002947fd00970 JavaThread "Monitor Ctrl-Break" daemon [_thread_in_native, id=19404, stack(0x000000c57e600000,0x000000c57e700000)]
  0x000002947fd08fc0 JavaThread "Notification Thread" daemon [_thread_blocked, id=50320, stack(0x000000c57e700000,0x000000c57e800000)]
  0x00000294461921d0 JavaThread "RMI TCP Accept-0" daemon [_thread_in_native, id=35520, stack(0x000000c57ed00000,0x000000c57ee00000)]
  0x0000029445492ab0 JavaThread "RMI TCP Connection(1)-10.1.8.35" daemon [_thread_in_native, id=1592, stack(0x000000c57ee00000,0x000000c57ef00000)]
  0x0000029446188120 JavaThread "RMI Scheduler(0)" daemon [_thread_blocked, id=28272, stack(0x000000c57ef00000,0x000000c57f000000)]
  0x0000029445775b50 JavaThread "JMX server connection timeout 20" daemon [_thread_blocked, id=61676, stack(0x000000c57f100000,0x000000c57f200000)]
  0x00000294464bbb70 JavaThread "mysql-cj-abandoned-connection-cleanup" daemon [_thread_blocked, id=22532, stack(0x000000c57f400000,0x000000c57f500000)]
  0x00000294464bb660 JavaThread "HikariPool-1 housekeeper" daemon [_thread_blocked, id=23056, stack(0x000000c57f600000,0x000000c57f700000)]
  0x00000294464b6560 JavaThread "Catalina-utility-1" [_thread_in_Java, id=41668, stack(0x000000c57f800000,0x000000c57f900000)]
  0x00000294464bcaa0 JavaThread "Catalina-utility-2" [_thread_blocked, id=54552, stack(0x000000c57f900000,0x000000c57fa00000)]
  0x00000294464b6a70 JavaThread "container-0" [_thread_blocked, id=1012, stack(0x000000c57fa00000,0x000000c57fb00000)]
  0x00000294464b5630 JavaThread "File Watcher" daemon [_thread_blocked, id=65700, stack(0x000000c57f700000,0x000000c57f800000)]
  0x00000294464b8de0 JavaThread "Live Reload Server" daemon [_thread_in_native, id=66020, stack(0x000000c57fc00000,0x000000c57fd00000)]
  0x00000294464b9800 JavaThread "http-nio-8080-exec-1" daemon [_thread_blocked, id=37628, stack(0x000000c57fb00000,0x000000c57fc00000)]
  0x00000294464b9d10 JavaThread "http-nio-8080-exec-2" daemon [_thread_blocked, id=21524, stack(0x000000c57fd00000,0x000000c57fe00000)]
  0x0000029445b9fc60 JavaThread "http-nio-8080-exec-3" daemon [_thread_in_native, id=43368, stack(0x000000c57fe00000,0x000000c57ff00000)]
  0x0000029445cef040 JavaThread "http-nio-8080-exec-4" daemon [_thread_blocked, id=15816, stack(0x000000c57ff00000,0x000000c580000000)]
  0x0000029445cf13b0 JavaThread "http-nio-8080-exec-5" daemon [_thread_blocked, id=43416, stack(0x000000c500000000,0x000000c500100000)]
  0x0000029445cee620 JavaThread "http-nio-8080-exec-6" daemon [_thread_blocked, id=47468, stack(0x000000c500100000,0x000000c500200000)]
  0x0000029445ceb380 JavaThread "http-nio-8080-exec-7" daemon [_thread_blocked, id=11216, stack(0x000000c500200000,0x000000c500300000)]
  0x0000029445ceb890 JavaThread "http-nio-8080-exec-8" daemon [_thread_blocked, id=42848, stack(0x000000c500300000,0x000000c500400000)]
  0x0000029445cf0ea0 JavaThread "http-nio-8080-exec-9" daemon [_thread_blocked, id=3704, stack(0x000000c500400000,0x000000c500500000)]
  0x0000029445cefa60 JavaThread "http-nio-8080-exec-10" daemon [_thread_blocked, id=53700, stack(0x000000c500500000,0x000000c500600000)]
  0x0000029445cec7c0 JavaThread "http-nio-8080-Poller" daemon [_thread_in_native, id=65376, stack(0x000000c500600000,0x000000c500700000)]
  0x0000029445cef550 JavaThread "http-nio-8080-Acceptor" daemon [_thread_in_native, id=53900, stack(0x000000c500700000,0x000000c500800000)]
  0x0000029445cf0480 JavaThread "scheduling-1" [_thread_blocked, id=67344, stack(0x000000c500800000,0x000000c500900000)]
  0x0000029445ceccd0 JavaThread "DestroyJavaVM" [_thread_blocked, id=66336, stack(0x000000c57d500000,0x000000c57d600000)]

Other Threads:
  0x000002947f890f60 VMThread "VM Thread" [stack: 0x000000c57db00000,0x000000c57dc00000] [id=23720] _threads_hazard_ptr=0x0000029448166f20
  0x00000294620f6640 WatcherThread [stack: 0x000000c57e800000,0x000000c57e900000] [id=14540]
  0x0000029462150ca0 GCTaskThread "GC Thread#0" [stack: 0x000000c57d600000,0x000000c57d700000] [id=53204]
  0x0000029445773f60 GCTaskThread "GC Thread#1" [stack: 0x000000c57e900000,0x000000c57ea00000] [id=37164]
  0x00000294457d7da0 GCTaskThread "GC Thread#2" [stack: 0x000000c57ea00000,0x000000c57eb00000] [id=26400]
  0x00000294457e7810 GCTaskThread "GC Thread#3" [stack: 0x000000c57eb00000,0x000000c57ec00000] [id=68372]
  0x00000294621624c0 ConcurrentGCThread "G1 Main Marker" [stack: 0x000000c57d700000,0x000000c57d800000] [id=19676]
  0x0000029462164580 ConcurrentGCThread "G1 Conc#0" [stack: 0x000000c57d800000,0x000000c57d900000] [id=15364]
  0x000002947f7524c0 ConcurrentGCThread "G1 Refine#0" [stack: 0x000000c57d900000,0x000000c57da00000] [id=43124]
  0x00000294457e06f0 ConcurrentGCThread "G1 Refine#1" [stack: 0x000000c57ec00000,0x000000c57ed00000] [id=50300]
  0x000002947f753590 ConcurrentGCThread "G1 Service" [stack: 0x000000c57da00000,0x000000c57db00000] [id=41392]

Threads with active compile tasks:
C2 CompilerThread0    58855 10837   !   4       java.lang.reflect.Field::declaredAnnotations (82 bytes)

VM state: not at safepoint (normal execution)

VM Mutex/Monitor currently owned by a thread:  ([mutex/lock_event])
[0x00000294620efe30] Compile_lock - owner thread: 0x0000029445cf13b0

Heap address: 0x0000000083200000, size: 1998 MB, Compressed Oops mode: 32-bit

CDS archive(s) mapped at: [0x0000029400000000-0x0000029400bd0000-0x0000029400bd0000), size 12386304, SharedBaseAddress: 0x0000029400000000, ArchiveRelocationMode: 1.
Compressed class space mapped at: 0x0000029401000000-0x0000029441000000, reserved size: 1073741824
Narrow klass base: 0x0000029400000000, Narrow klass shift: 0, Narrow klass range: 0x100000000

GC Precious Log:
 CPUs: 4 total, 4 available
 Memory: 7991M
 Large Page Support: Disabled
 NUMA Support: Disabled
 Compressed Oops: Enabled (32-bit)
 Heap Region Size: 1M
 Heap Min Capacity: 8M
 Heap Initial Capacity: 126M
 Heap Max Capacity: 1998M
 Pre-touch: Disabled
 Parallel Workers: 4
 Concurrent Workers: 1
 Concurrent Refinement Workers: 4
 Periodic GC: Disabled

Heap:
 garbage-first heap   total 101376K, used 71201K [0x0000000083200000, 0x0000000100000000)
  region size 1024K, 31 young (31744K), 5 survivors (5120K)
 Metaspace       used 84311K, committed 84992K, reserved 1179648K
  class space    used 11434K, committed 11776K, reserved 1048576K

Heap Regions: E=young(eden), S=young(survivor), O=old, HS=humongous(starts), HC=humongous(continues), CS=collection set, F=free, OA=open archive, CA=closed archive, TAMS=top-at-mark-start (previous, next)
|   0|0x0000000083200000, 0x0000000083300000, 0x0000000083300000|100%|HS|  |TAMS 0x0000000083300000, 0x0000000083200000| Complete 
|   1|0x0000000083300000, 0x0000000083400000, 0x0000000083400000|100%| O|  |TAMS 0x0000000083400000, 0x0000000083300000| Untracked 
|   2|0x0000000083400000, 0x0000000083500000, 0x0000000083500000|100%| O|  |TAMS 0x0000000083500000, 0x0000000083400000| Untracked 
|   3|0x0000000083500000, 0x0000000083600000, 0x0000000083600000|100%| O|  |TAMS 0x0000000083600000, 0x0000000083500000| Untracked 
|   4|0x0000000083600000, 0x0000000083700000, 0x0000000083700000|100%| O|  |TAMS 0x0000000083700000, 0x0000000083600000| Untracked 
|   5|0x0000000083700000, 0x0000000083800000, 0x0000000083800000|100%| O|  |TAMS 0x0000000083800000, 0x0000000083700000| Untracked 
|   6|0x0000000083800000, 0x0000000083900000, 0x0000000083900000|100%| O|  |TAMS 0x0000000083900000, 0x0000000083800000| Untracked 
|   7|0x0000000083900000, 0x0000000083a00000, 0x0000000083a00000|100%| O|  |TAMS 0x0000000083a00000, 0x0000000083900000| Untracked 
|   8|0x0000000083a00000, 0x0000000083b00000, 0x0000000083b00000|100%| O|  |TAMS 0x0000000083b00000, 0x0000000083a00000| Untracked 
|   9|0x0000000083b00000, 0x0000000083c00000, 0x0000000083c00000|100%| O|  |TAMS 0x0000000083c00000, 0x0000000083b00000| Untracked 
|  10|0x0000000083c00000, 0x0000000083d00000, 0x0000000083d00000|100%| O|  |TAMS 0x0000000083d00000, 0x0000000083c00000| Untracked 
|  11|0x0000000083d00000, 0x0000000083e00000, 0x0000000083e00000|100%| O|  |TAMS 0x0000000083e00000, 0x0000000083d00000| Untracked 
|  12|0x0000000083e00000, 0x0000000083f00000, 0x0000000083f00000|100%| O|  |TAMS 0x0000000083f00000, 0x0000000083e00000| Untracked 
|  13|0x0000000083f00000, 0x0000000084000000, 0x0000000084000000|100%| O|  |TAMS 0x0000000084000000, 0x0000000083f00000| Untracked 
|  14|0x0000000084000000, 0x0000000084100000, 0x0000000084100000|100%| O|  |TAMS 0x0000000084100000, 0x0000000084000000| Untracked 
|  15|0x0000000084100000, 0x0000000084200000, 0x0000000084200000|100%| O|  |TAMS 0x0000000084200000, 0x0000000084100000| Untracked 
|  16|0x0000000084200000, 0x0000000084300000, 0x0000000084300000|100%| O|  |TAMS 0x0000000084300000, 0x0000000084200000| Untracked 
|  17|0x0000000084300000, 0x0000000084400000, 0x0000000084400000|100%| O|  |TAMS 0x0000000084400000, 0x0000000084300000| Untracked 
|  18|0x0000000084400000, 0x0000000084500000, 0x0000000084500000|100%| O|  |TAMS 0x0000000084500000, 0x0000000084400000| Untracked 
|  19|0x0000000084500000, 0x0000000084600000, 0x0000000084600000|100%| O|  |TAMS 0x0000000084600000, 0x0000000084500000| Untracked 
|  20|0x0000000084600000, 0x0000000084700000, 0x0000000084700000|100%| O|  |TAMS 0x0000000084700000, 0x0000000084600000| Untracked 
|  21|0x0000000084700000, 0x0000000084800000, 0x0000000084800000|100%| O|  |TAMS 0x0000000084800000, 0x0000000084700000| Untracked 
|  22|0x0000000084800000, 0x0000000084900000, 0x0000000084900000|100%| O|  |TAMS 0x0000000084900000, 0x0000000084800000| Untracked 
|  23|0x0000000084900000, 0x0000000084a00000, 0x0000000084a00000|100%| O|  |TAMS 0x0000000084a00000, 0x0000000084900000| Untracked 
|  24|0x0000000084a00000, 0x0000000084b00000, 0x0000000084b00000|100%| O|  |TAMS 0x0000000084b00000, 0x0000000084a00000| Untracked 
|  25|0x0000000084b00000, 0x0000000084c00000, 0x0000000084c00000|100%| O|  |TAMS 0x0000000084c00000, 0x0000000084b00000| Untracked 
|  26|0x0000000084c00000, 0x0000000084d00000, 0x0000000084d00000|100%| O|  |TAMS 0x0000000084d00000, 0x0000000084c00000| Untracked 
|  27|0x0000000084d00000, 0x0000000084e00000, 0x0000000084e00000|100%| O|  |TAMS 0x0000000084e00000, 0x0000000084d00000| Untracked 
|  28|0x0000000084e00000, 0x0000000084f00000, 0x0000000084f00000|100%| O|  |TAMS 0x0000000084f00000, 0x0000000084e00000| Untracked 
|  29|0x0000000084f00000, 0x0000000085000000, 0x0000000085000000|100%| O|  |TAMS 0x0000000085000000, 0x0000000084f00000| Untracked 
|  30|0x0000000085000000, 0x0000000085100000, 0x0000000085100000|100%| O|  |TAMS 0x0000000085100000, 0x0000000085000000| Untracked 
|  31|0x0000000085100000, 0x0000000085200000, 0x0000000085200000|100%| O|  |TAMS 0x0000000085200000, 0x0000000085100000| Untracked 
|  32|0x0000000085200000, 0x0000000085300000, 0x0000000085300000|100%| O|  |TAMS 0x0000000085300000, 0x0000000085200000| Untracked 
|  33|0x0000000085300000, 0x0000000085400000, 0x0000000085400000|100%| O|  |TAMS 0x0000000085400000, 0x0000000085300000| Untracked 
|  34|0x0000000085400000, 0x0000000085500000, 0x0000000085500000|100%| O|  |TAMS 0x0000000085500000, 0x0000000085400000| Untracked 
|  35|0x0000000085500000, 0x0000000085600000, 0x0000000085600000|100%| O|  |TAMS 0x0000000085600000, 0x0000000085500000| Untracked 
|  36|0x0000000085600000, 0x0000000085700000, 0x0000000085700000|100%| O|  |TAMS 0x0000000085654e00, 0x0000000085600000| Untracked 
|  37|0x0000000085700000, 0x0000000085800000, 0x0000000085800000|100%| O|  |TAMS 0x0000000085700000, 0x0000000085700000| Untracked 
|  38|0x0000000085800000, 0x0000000085900000, 0x0000000085900000|100%| O|  |TAMS 0x0000000085800000, 0x0000000085800000| Untracked 
|  39|0x0000000085900000, 0x0000000085a00000, 0x0000000085a00000|100%| O|  |TAMS 0x0000000085900000, 0x0000000085900000| Untracked 
|  40|0x0000000085a00000, 0x0000000085a88400, 0x0000000085b00000| 53%| O|  |TAMS 0x0000000085a00000, 0x0000000085a00000| Untracked 
|  41|0x0000000085b00000, 0x0000000085b00000, 0x0000000085c00000|  0%| F|  |TAMS 0x0000000085b00000, 0x0000000085b00000| Untracked 
|  42|0x0000000085c00000, 0x0000000085c00000, 0x0000000085d00000|  0%| F|  |TAMS 0x0000000085c00000, 0x0000000085c00000| Untracked 
|  43|0x0000000085d00000, 0x0000000085d00000, 0x0000000085e00000|  0%| F|  |TAMS 0x0000000085d00000, 0x0000000085d00000| Untracked 
|  44|0x0000000085e00000, 0x0000000085e00000, 0x0000000085f00000|  0%| F|  |TAMS 0x0000000085e00000, 0x0000000085e00000| Untracked 
|  45|0x0000000085f00000, 0x0000000085f00000, 0x0000000086000000|  0%| F|  |TAMS 0x0000000085f00000, 0x0000000085f00000| Untracked 
|  46|0x0000000086000000, 0x0000000086000000, 0x0000000086100000|  0%| F|  |TAMS 0x0000000086000000, 0x0000000086000000| Untracked 
|  47|0x0000000086100000, 0x0000000086100000, 0x0000000086200000|  0%| F|  |TAMS 0x0000000086100000, 0x0000000086100000| Untracked 
|  48|0x0000000086200000, 0x0000000086200000, 0x0000000086300000|  0%| F|  |TAMS 0x0000000086200000, 0x0000000086200000| Untracked 
|  49|0x0000000086300000, 0x0000000086300000, 0x0000000086400000|  0%| F|  |TAMS 0x0000000086300000, 0x0000000086300000| Untracked 
|  50|0x0000000086400000, 0x0000000086400000, 0x0000000086500000|  0%| F|  |TAMS 0x0000000086400000, 0x0000000086400000| Untracked 
|  51|0x0000000086500000, 0x0000000086500000, 0x0000000086600000|  0%| F|  |TAMS 0x0000000086500000, 0x0000000086500000| Untracked 
|  52|0x0000000086600000, 0x0000000086600000, 0x0000000086700000|  0%| F|  |TAMS 0x0000000086600000, 0x0000000086600000| Untracked 
|  53|0x0000000086700000, 0x0000000086700000, 0x0000000086800000|  0%| F|  |TAMS 0x0000000086700000, 0x0000000086700000| Untracked 
|  54|0x0000000086800000, 0x0000000086900000, 0x0000000086900000|100%| S|CS|TAMS 0x0000000086800000, 0x0000000086800000| Complete 
|  55|0x0000000086900000, 0x0000000086a00000, 0x0000000086a00000|100%| S|CS|TAMS 0x0000000086900000, 0x0000000086900000| Complete 
|  56|0x0000000086a00000, 0x0000000086b00000, 0x0000000086b00000|100%| S|CS|TAMS 0x0000000086a00000, 0x0000000086a00000| Complete 
|  57|0x0000000086b00000, 0x0000000086c00000, 0x0000000086c00000|100%| S|CS|TAMS 0x0000000086b00000, 0x0000000086b00000| Complete 
|  58|0x0000000086c00000, 0x0000000086d00000, 0x0000000086d00000|100%| S|CS|TAMS 0x0000000086c00000, 0x0000000086c00000| Complete 
|  59|0x0000000086d00000, 0x0000000086d00000, 0x0000000086e00000|  0%| F|  |TAMS 0x0000000086d00000, 0x0000000086d00000| Untracked 
|  60|0x0000000086e00000, 0x0000000086e00000, 0x0000000086f00000|  0%| F|  |TAMS 0x0000000086e00000, 0x0000000086e00000| Untracked 
|  61|0x0000000086f00000, 0x0000000086f00000, 0x0000000087000000|  0%| F|  |TAMS 0x0000000086f00000, 0x0000000086f00000| Untracked 
|  62|0x0000000087000000, 0x0000000087000000, 0x0000000087100000|  0%| F|  |TAMS 0x0000000087000000, 0x0000000087000000| Untracked 
|  63|0x0000000087100000, 0x0000000087100000, 0x0000000087200000|  0%| F|  |TAMS 0x0000000087100000, 0x0000000087100000| Untracked 
|  64|0x0000000087200000, 0x0000000087200000, 0x0000000087300000|  0%| F|  |TAMS 0x0000000087200000, 0x0000000087200000| Untracked 
|  65|0x0000000087300000, 0x0000000087300000, 0x0000000087400000|  0%| F|  |TAMS 0x0000000087300000, 0x0000000087300000| Untracked 
|  66|0x0000000087400000, 0x0000000087400000, 0x0000000087500000|  0%| F|  |TAMS 0x0000000087400000, 0x0000000087400000| Untracked 
|  67|0x0000000087500000, 0x0000000087500000, 0x0000000087600000|  0%| F|  |TAMS 0x0000000087500000, 0x0000000087500000| Untracked 
|  68|0x0000000087600000, 0x0000000087600000, 0x0000000087700000|  0%| F|  |TAMS 0x0000000087600000, 0x0000000087600000| Untracked 
|  69|0x0000000087700000, 0x0000000087700000, 0x0000000087800000|  0%| F|  |TAMS 0x0000000087700000, 0x0000000087700000| Untracked 
|  70|0x0000000087800000, 0x0000000087800000, 0x0000000087900000|  0%| F|  |TAMS 0x0000000087800000, 0x0000000087800000| Untracked 
|  71|0x0000000087900000, 0x0000000087900000, 0x0000000087a00000|  0%| F|  |TAMS 0x0000000087900000, 0x0000000087900000| Untracked 
|  72|0x0000000087a00000, 0x0000000087a00000, 0x0000000087b00000|  0%| F|  |TAMS 0x0000000087a00000, 0x0000000087a00000| Untracked 
|  73|0x0000000087b00000, 0x0000000087b66e88, 0x0000000087c00000| 40%| E|  |TAMS 0x0000000087b00000, 0x0000000087b00000| Complete 
|  74|0x0000000087c00000, 0x0000000087d00000, 0x0000000087d00000|100%| E|CS|TAMS 0x0000000087c00000, 0x0000000087c00000| Complete 
|  75|0x0000000087d00000, 0x0000000087e00000, 0x0000000087e00000|100%| E|CS|TAMS 0x0000000087d00000, 0x0000000087d00000| Complete 
|  76|0x0000000087e00000, 0x0000000087f00000, 0x0000000087f00000|100%| E|  |TAMS 0x0000000087e00000, 0x0000000087e00000| Complete 
|  77|0x0000000087f00000, 0x0000000088000000, 0x0000000088000000|100%| E|CS|TAMS 0x0000000087f00000, 0x0000000087f00000| Complete 
|  78|0x0000000088000000, 0x0000000088100000, 0x0000000088100000|100%| E|CS|TAMS 0x0000000088000000, 0x0000000088000000| Complete 
|  79|0x0000000088100000, 0x0000000088200000, 0x0000000088200000|100%| E|CS|TAMS 0x0000000088100000, 0x0000000088100000| Complete 
|  80|0x0000000088200000, 0x0000000088300000, 0x0000000088300000|100%| E|CS|TAMS 0x0000000088200000, 0x0000000088200000| Complete 
|  81|0x0000000088300000, 0x0000000088400000, 0x0000000088400000|100%| E|CS|TAMS 0x0000000088300000, 0x0000000088300000| Complete 
|  82|0x0000000088400000, 0x0000000088500000, 0x0000000088500000|100%| E|CS|TAMS 0x0000000088400000, 0x0000000088400000| Complete 
|  83|0x0000000088500000, 0x0000000088600000, 0x0000000088600000|100%| E|CS|TAMS 0x0000000088500000, 0x0000000088500000| Complete 
|  84|0x0000000088600000, 0x0000000088700000, 0x0000000088700000|100%| E|CS|TAMS 0x0000000088600000, 0x0000000088600000| Complete 
|  85|0x0000000088700000, 0x0000000088800000, 0x0000000088800000|100%| E|CS|TAMS 0x0000000088700000, 0x0000000088700000| Complete 
|  86|0x0000000088800000, 0x0000000088900000, 0x0000000088900000|100%| E|CS|TAMS 0x0000000088800000, 0x0000000088800000| Complete 
|  87|0x0000000088900000, 0x0000000088a00000, 0x0000000088a00000|100%| E|CS|TAMS 0x0000000088900000, 0x0000000088900000| Complete 
|  88|0x0000000088a00000, 0x0000000088b00000, 0x0000000088b00000|100%| E|CS|TAMS 0x0000000088a00000, 0x0000000088a00000| Complete 
|  89|0x0000000088b00000, 0x0000000088c00000, 0x0000000088c00000|100%| E|CS|TAMS 0x0000000088b00000, 0x0000000088b00000| Complete 
|  90|0x0000000088c00000, 0x0000000088d00000, 0x0000000088d00000|100%| E|CS|TAMS 0x0000000088c00000, 0x0000000088c00000| Complete 
|  91|0x0000000088d00000, 0x0000000088e00000, 0x0000000088e00000|100%| E|CS|TAMS 0x0000000088d00000, 0x0000000088d00000| Complete 
|  92|0x0000000088e00000, 0x0000000088f00000, 0x0000000088f00000|100%| E|CS|TAMS 0x0000000088e00000, 0x0000000088e00000| Complete 
|  93|0x0000000088f00000, 0x0000000089000000, 0x0000000089000000|100%| E|CS|TAMS 0x0000000088f00000, 0x0000000088f00000| Complete 
|  94|0x0000000089000000, 0x0000000089100000, 0x0000000089100000|100%| E|CS|TAMS 0x0000000089000000, 0x0000000089000000| Complete 
|  95|0x0000000089100000, 0x0000000089200000, 0x0000000089200000|100%| E|CS|TAMS 0x0000000089100000, 0x0000000089100000| Complete 
|  96|0x0000000089200000, 0x0000000089300000, 0x0000000089300000|100%| E|CS|TAMS 0x0000000089200000, 0x0000000089200000| Complete 
|  97|0x0000000089300000, 0x0000000089400000, 0x0000000089400000|100%| E|CS|TAMS 0x0000000089300000, 0x0000000089300000| Complete 
| 125|0x000000008af00000, 0x000000008b000000, 0x000000008b000000|100%| E|CS|TAMS 0x000000008af00000, 0x000000008af00000| Complete 

Card table byte_map: [0x0000029478d90000,0x0000029479180000] _byte_map_base: 0x0000029478977000

Marking Bits (Prev, Next): (CMBitMap*) 0x0000029462152210, (CMBitMap*) 0x00000294621521d0
 Prev Bits: [0x000002947b4b0000, 0x000002947d3e8000)
 Next Bits: [0x0000029479570000, 0x000002947b4a8000)

Polling page: 0x00000294618b0000

Metaspace:

Usage:
  Non-class:     71.17 MB used.
      Class:     11.17 MB used.
       Both:     82.34 MB used.

Virtual space:
  Non-class space:      128.00 MB reserved,      71.50 MB ( 56%) committed,  2 nodes.
      Class space:        1.00 GB reserved,      11.50 MB (  1%) committed,  1 nodes.
             Both:        1.12 GB reserved,      83.00 MB (  7%) committed. 

Chunk freelists:
   Non-Class:  7.86 MB
       Class:  4.52 MB
        Both:  12.38 MB

MaxMetaspaceSize: unlimited
CompressedClassSpaceSize: 1.00 GB
Initial GC threshold: 21.00 MB
Current GC threshold: 121.50 MB
CDS: on
MetaspaceReclaimPolicy: balanced
 - commit_granule_bytes: 65536.
 - commit_granule_words: 8192.
 - virtual_space_node_default_size: 8388608.
 - enlarge_chunks_in_place: 1.
 - new_chunks_are_fully_committed: 0.
 - uncommit_free_chunks: 1.
 - use_allocation_guard: 0.
 - handle_deallocations: 1.


Internal statistics:

num_allocs_failed_limit: 6.
num_arena_births: 988.
num_arena_deaths: 0.
num_vsnodes_births: 3.
num_vsnodes_deaths: 0.
num_space_committed: 1328.
num_space_uncommitted: 0.
num_chunks_returned_to_freelist: 6.
num_chunks_taken_from_freelist: 4071.
num_chunk_merges: 6.
num_chunk_splits: 2847.
num_chunks_enlarged: 2136.
num_inconsistent_stats: 0.

CodeHeap 'non-profiled nmethods': size=120000Kb used=6415Kb max_used=6415Kb free=113584Kb
 bounds [0x0000029471470000, 0x0000029471ac0000, 0x00000294789a0000]
CodeHeap 'profiled nmethods': size=120000Kb used=17611Kb max_used=17611Kb free=102389Kb
 bounds [0x00000294699a0000, 0x000002946aae0000, 0x0000029470ed0000]
CodeHeap 'non-nmethods': size=5760Kb used=1391Kb max_used=1450Kb free=4368Kb
 bounds [0x0000029470ed0000, 0x0000029471140000, 0x0000029471470000]
 total_blobs=10000 nmethods=9288 adapters=623
 compilation: enabled
              stopped_count=0, restarted_count=0
 full_count=0

Compilation events (20 events):
Event: 58.623 Thread 0x000002947f8c0060 nmethod 10848 0x000002946aac3590 code [0x000002946aac37c0, 0x000002946aac4068]
Event: 58.653 Thread 0x000002947f8c0060 10851       3       java.lang.NoSuchMethodException::<init> (6 bytes)
Event: 58.654 Thread 0x000002947f8c0060 nmethod 10851 0x000002946aac4310 code [0x000002946aac44c0, 0x000002946aac46c8]
Event: 58.738 Thread 0x000002947f8c0060 10853       3       org.hibernate.query.sql.internal.ParameterRecognizerImpl::other (10 bytes)
Event: 58.739 Thread 0x000002947f8c0060 nmethod 10853 0x000002946aac4790 code [0x000002946aac4940, 0x000002946aac4ae8]
Event: 58.748 Thread 0x000002947f8c0060 10854       3       jdk.internal.misc.Unsafe::putReferenceOpaque (9 bytes)
Event: 58.748 Thread 0x000002947f8c0060 nmethod 10854 0x000002946aac4c10 code [0x000002946aac4da0, 0x000002946aac4ef8]
Event: 58.792 Thread 0x000002947f8c0060 10855       3       org.springframework.core.annotation.AnnotationTypeMappings$Cache::get (20 bytes)
Event: 58.794 Thread 0x000002947f8c0060 nmethod 10855 0x000002946aac4f90 code [0x000002946aac51a0, 0x000002946aac58d8]
Event: 58.804 Thread 0x000002947f8c0060 10856       1       com.mysql.cj.conf.AbstractPropertyDefinition::getLowerBound (5 bytes)
Event: 58.804 Thread 0x000002947f8c0060 nmethod 10856 0x0000029471ab3110 code [0x0000029471ab32a0, 0x0000029471ab3378]
Event: 58.804 Thread 0x000002947f8c0060 10857       1       com.mysql.cj.conf.AbstractPropertyDefinition::getUpperBound (5 bytes)
Event: 58.804 Thread 0x000002947f8c0060 nmethod 10857 0x0000029471ab3410 code [0x0000029471ab35a0, 0x0000029471ab3678]
Event: 58.807 Thread 0x000002947f8c0060 10858       3       org.hibernate.sql.ast.tree.from.NamedTableReference::getTableExpression (19 bytes)
Event: 58.807 Thread 0x000002947f8c0060 nmethod 10858 0x000002946aac5b90 code [0x000002946aac5d20, 0x000002946aac5e78]
Event: 58.807 Thread 0x000002947f8c0060 10859       3       org.hibernate.resource.jdbc.internal.LogicalConnectionManagedImpl::getPhysicalConnection (9 bytes)
Event: 58.807 Thread 0x000002947f8c0060 nmethod 10859 0x000002946aac5f10 code [0x000002946aac6100, 0x000002946aac65f8]
Event: 58.807 Thread 0x000002947f8c0060 10861       3       java.util.concurrent.CopyOnWriteArrayList::indexOfRange (63 bytes)
Event: 58.808 Thread 0x000002947f8c0060 nmethod 10861 0x000002946aac6790 code [0x000002946aac6960, 0x000002946aac6e08]
Event: 58.808 Thread 0x000002947f8c0060 10860   !   3       org.hibernate.resource.jdbc.internal.LogicalConnectionManagedImpl::acquireConnectionIfNeeded (69 bytes)

GC Heap History (20 events):
Event: 14.879 GC heap before
{Heap before GC invocations=33 (full 0):
 garbage-first heap   total 68608K, used 56438K [0x0000000083200000, 0x0000000100000000)
  region size 1024K, 24 young (24576K), 1 survivors (1024K)
 Metaspace       used 71123K, committed 71680K, reserved 1114112K
  class space    used 9779K, committed 10048K, reserved 1048576K
}
Event: 14.883 GC heap after
{Heap after GC invocations=34 (full 0):
 garbage-first heap   total 82944K, used 34865K [0x0000000083200000, 0x0000000100000000)
  region size 1024K, 3 young (3072K), 3 survivors (3072K)
 Metaspace       used 71123K, committed 71680K, reserved 1114112K
  class space    used 9779K, committed 10048K, reserved 1048576K
}
Event: 15.205 GC heap before
{Heap before GC invocations=35 (full 0):
 garbage-first heap   total 82944K, used 66609K [0x0000000083200000, 0x0000000100000000)
  region size 1024K, 34 young (34816K), 3 survivors (3072K)
 Metaspace       used 73022K, committed 73664K, reserved 1114112K
  class space    used 10024K, committed 10304K, reserved 1048576K
}
Event: 15.209 GC heap after
{Heap after GC invocations=36 (full 0):
 garbage-first heap   total 82944K, used 36900K [0x0000000083200000, 0x0000000100000000)
  region size 1024K, 5 young (5120K), 5 survivors (5120K)
 Metaspace       used 73022K, committed 73664K, reserved 1114112K
  class space    used 10024K, committed 10304K, reserved 1048576K
}
Event: 15.340 GC heap before
{Heap before GC invocations=36 (full 0):
 garbage-first heap   total 82944K, used 66596K [0x0000000083200000, 0x0000000100000000)
  region size 1024K, 34 young (34816K), 5 survivors (5120K)
 Metaspace       used 73093K, committed 73728K, reserved 1114112K
  class space    used 10026K, committed 10304K, reserved 1048576K
}
Event: 15.346 GC heap after
{Heap after GC invocations=37 (full 0):
 garbage-first heap   total 82944K, used 39853K [0x0000000083200000, 0x0000000100000000)
  region size 1024K, 5 young (5120K), 5 survivors (5120K)
 Metaspace       used 73093K, committed 73728K, reserved 1114112K
  class space    used 10026K, committed 10304K, reserved 1048576K
}
Event: 15.507 GC heap before
{Heap before GC invocations=37 (full 0):
 garbage-first heap   total 82944K, used 65453K [0x0000000083200000, 0x0000000100000000)
  region size 1024K, 30 young (30720K), 5 survivors (5120K)
 Metaspace       used 73290K, committed 73856K, reserved 1114112K
  class space    used 10050K, committed 10304K, reserved 1048576K
}
Event: 15.512 GC heap after
{Heap after GC invocations=38 (full 0):
 garbage-first heap   total 82944K, used 38227K [0x0000000083200000, 0x0000000100000000)
  region size 1024K, 1 young (1024K), 1 survivors (1024K)
 Metaspace       used 73290K, committed 73856K, reserved 1114112K
  class space    used 10050K, committed 10304K, reserved 1048576K
}
Event: 15.719 GC heap before
{Heap before GC invocations=38 (full 0):
 garbage-first heap   total 82944K, used 65875K [0x0000000083200000, 0x0000000100000000)
  region size 1024K, 28 young (28672K), 1 survivors (1024K)
 Metaspace       used 73454K, committed 74112K, reserved 1114112K
  class space    used 10060K, committed 10368K, reserved 1048576K
}
Event: 15.722 GC heap after
{Heap after GC invocations=39 (full 0):
 garbage-first heap   total 82944K, used 39129K [0x0000000083200000, 0x0000000100000000)
  region size 1024K, 2 young (2048K), 2 survivors (2048K)
 Metaspace       used 73454K, committed 74112K, reserved 1114112K
  class space    used 10060K, committed 10368K, reserved 1048576K
}
Event: 15.957 GC heap before
{Heap before GC invocations=40 (full 0):
 garbage-first heap   total 82944K, used 66777K [0x0000000083200000, 0x0000000100000000)
  region size 1024K, 29 young (29696K), 2 survivors (2048K)
 Metaspace       used 73814K, committed 74368K, reserved 1114112K
  class space    used 10091K, committed 10368K, reserved 1048576K
}
Event: 15.960 GC heap after
{Heap after GC invocations=41 (full 0):
 garbage-first heap   total 82944K, used 39773K [0x0000000083200000, 0x0000000100000000)
  region size 1024K, 3 young (3072K), 3 survivors (3072K)
 Metaspace       used 73814K, committed 74368K, reserved 1114112K
  class space    used 10091K, committed 10368K, reserved 1048576K
}
Event: 16.132 GC heap before
{Heap before GC invocations=41 (full 0):
 garbage-first heap   total 82944K, used 67421K [0x0000000083200000, 0x0000000100000000)
  region size 1024K, 30 young (30720K), 3 survivors (3072K)
 Metaspace       used 73983K, committed 74624K, reserved 1114112K
  class space    used 10099K, committed 10432K, reserved 1048576K
}
Event: 16.136 GC heap after
{Heap after GC invocations=42 (full 0):
 garbage-first heap   total 101376K, used 40718K [0x0000000083200000, 0x0000000100000000)
  region size 1024K, 3 young (3072K), 3 survivors (3072K)
 Metaspace       used 73983K, committed 74624K, reserved 1114112K
  class space    used 10099K, committed 10432K, reserved 1048576K
}
Event: 16.531 GC heap before
{Heap before GC invocations=43 (full 0):
 garbage-first heap   total 101376K, used 83726K [0x0000000083200000, 0x0000000100000000)
  region size 1024K, 45 young (46080K), 3 survivors (3072K)
 Metaspace       used 74729K, committed 75328K, reserved 1114112K
  class space    used 10178K, committed 10496K, reserved 1048576K
}
Event: 16.536 GC heap after
{Heap after GC invocations=44 (full 0):
 garbage-first heap   total 101376K, used 41761K [0x0000000083200000, 0x0000000100000000)
  region size 1024K, 4 young (4096K), 4 survivors (4096K)
 Metaspace       used 74729K, committed 75328K, reserved 1114112K
  class space    used 10178K, committed 10496K, reserved 1048576K
}
Event: 17.152 GC heap before
{Heap before GC invocations=44 (full 0):
 garbage-first heap   total 101376K, used 84769K [0x0000000083200000, 0x0000000100000000)
  region size 1024K, 46 young (47104K), 4 survivors (4096K)
 Metaspace       used 76083K, committed 76672K, reserved 1179648K
  class space    used 10334K, committed 10624K, reserved 1048576K
}
Event: 17.158 GC heap after
{Heap after GC invocations=45 (full 0):
 garbage-first heap   total 101376K, used 43810K [0x0000000083200000, 0x0000000100000000)
  region size 1024K, 5 young (5120K), 5 survivors (5120K)
 Metaspace       used 76083K, committed 76672K, reserved 1179648K
  class space    used 10334K, committed 10624K, reserved 1048576K
}
Event: 22.905 GC heap before
{Heap before GC invocations=45 (full 0):
 garbage-first heap   total 101376K, used 84770K [0x0000000083200000, 0x0000000100000000)
  region size 1024K, 45 young (46080K), 5 survivors (5120K)
 Metaspace       used 80639K, committed 81216K, reserved 1179648K
  class space    used 10977K, committed 11264K, reserved 1048576K
}
Event: 22.916 GC heap after
{Heap after GC invocations=46 (full 0):
 garbage-first heap   total 101376K, used 46625K [0x0000000083200000, 0x0000000100000000)
  region size 1024K, 5 young (5120K), 5 survivors (5120K)
 Metaspace       used 80639K, committed 81216K, reserved 1179648K
  class space    used 10977K, committed 11264K, reserved 1048576K
}

Deoptimization events (20 events):
Event: 58.626 Thread 0x00000294464b9d10 Uncommon trap: trap_request=0xffffff66 fr.pc=0x0000029471a1b438 relative=0x0000000000000df8
Event: 58.626 Thread 0x00000294464b9d10 Uncommon trap: reason=speculate_class_check action=maybe_recompile pc=0x0000029471a1b438 method=org.springframework.transaction.interceptor.AbstractFallbackTransactionAttributeSource.getTransactionAttribute(Ljava/lang/reflect/Method;Ljava/lang/Class;)Lorg
Event: 58.626 Thread 0x00000294464b9d10 DEOPT PACKING pc=0x0000029471a1b438 sp=0x000000c57fdfaa60
Event: 58.626 Thread 0x00000294464b9d10 DEOPT UNPACKING pc=0x0000029470f25ba3 sp=0x000000c57fdfaa18 mode 2
Event: 58.734 Thread 0x0000029445cee620 Uncommon trap: trap_request=0xffffffde fr.pc=0x00000294715b77e4 relative=0x00000000000000c4
Event: 58.734 Thread 0x0000029445cee620 Uncommon trap: reason=class_check action=maybe_recompile pc=0x00000294715b77e4 method=java.util.concurrent.ConcurrentMap.computeIfAbsent(Ljava/lang/Object;Ljava/util/function/Function;)Ljava/lang/Object; @ 7 c2
Event: 58.734 Thread 0x0000029445cee620 DEOPT PACKING pc=0x00000294715b77e4 sp=0x000000c5001f9050
Event: 58.734 Thread 0x0000029445cee620 DEOPT UNPACKING pc=0x0000029470f25ba3 sp=0x000000c5001f8fe8 mode 2
Event: 58.738 Thread 0x00000294464b9d10 Uncommon trap: trap_request=0xffffffde fr.pc=0x00000294715b77e4 relative=0x00000000000000c4
Event: 58.738 Thread 0x00000294464b9d10 Uncommon trap: reason=class_check action=maybe_recompile pc=0x00000294715b77e4 method=java.util.concurrent.ConcurrentMap.computeIfAbsent(Ljava/lang/Object;Ljava/util/function/Function;)Ljava/lang/Object; @ 7 c2
Event: 58.738 Thread 0x00000294464b9d10 DEOPT PACKING pc=0x00000294715b77e4 sp=0x000000c57fdf8b30
Event: 58.738 Thread 0x00000294464b9d10 DEOPT UNPACKING pc=0x0000029470f25ba3 sp=0x000000c57fdf8ac8 mode 2
Event: 58.738 Thread 0x0000029445cef040 Uncommon trap: trap_request=0xffffffde fr.pc=0x00000294715b77e4 relative=0x00000000000000c4
Event: 58.738 Thread 0x0000029445cef040 Uncommon trap: reason=class_check action=maybe_recompile pc=0x00000294715b77e4 method=java.util.concurrent.ConcurrentMap.computeIfAbsent(Ljava/lang/Object;Ljava/util/function/Function;)Ljava/lang/Object; @ 7 c2
Event: 58.738 Thread 0x0000029445cef040 DEOPT PACKING pc=0x00000294715b77e4 sp=0x000000c57fff8d10
Event: 58.738 Thread 0x0000029445cef040 DEOPT UNPACKING pc=0x0000029470f25ba3 sp=0x000000c57fff8ca8 mode 2
Event: 58.739 Thread 0x0000029445b9fc60 Uncommon trap: trap_request=0xffffffde fr.pc=0x00000294715b77e4 relative=0x00000000000000c4
Event: 58.739 Thread 0x0000029445b9fc60 Uncommon trap: reason=class_check action=maybe_recompile pc=0x00000294715b77e4 method=java.util.concurrent.ConcurrentMap.computeIfAbsent(Ljava/lang/Object;Ljava/util/function/Function;)Ljava/lang/Object; @ 7 c2
Event: 58.739 Thread 0x0000029445b9fc60 DEOPT PACKING pc=0x00000294715b77e4 sp=0x000000c57fef8e70
Event: 58.739 Thread 0x0000029445b9fc60 DEOPT UNPACKING pc=0x0000029470f25ba3 sp=0x000000c57fef8e08 mode 2

Classes unloaded (0 events):
No events

Classes redefined (0 events):
No events

Internal exceptions (20 events):
Event: 15.120 Thread 0x0000029445b9ed30 Exception <a 'java/lang/reflect/InvocationTargetException'{0x000000008712dee8}> (0x000000008712dee8) 
thrown [s\open\src\hotspot\share\runtime\reflection.cpp, line 1121]
Event: 15.122 Thread 0x0000029445b9ed30 Exception <a 'java/lang/reflect/InvocationTargetException'{0x000000008713dc40}> (0x000000008713dc40) 
thrown [s\open\src\hotspot\share\runtime\reflection.cpp, line 1121]
Event: 15.180 Thread 0x0000029445b9ed30 Exception <a 'java/lang/reflect/InvocationTargetException'{0x0000000086650330}> (0x0000000086650330) 
thrown [s\open\src\hotspot\share\runtime\reflection.cpp, line 1121]
Event: 15.184 Thread 0x0000029445b9ed30 Exception <a 'java/lang/reflect/InvocationTargetException'{0x0000000086667680}> (0x0000000086667680) 
thrown [s\open\src\hotspot\share\runtime\reflection.cpp, line 1121]
Event: 15.186 Thread 0x0000029445b9ed30 Exception <a 'java/lang/reflect/InvocationTargetException'{0x000000008666f6d0}> (0x000000008666f6d0) 
thrown [s\open\src\hotspot\share\runtime\reflection.cpp, line 1121]
Event: 15.190 Thread 0x0000029445b9ed30 Exception <a 'java/lang/reflect/InvocationTargetException'{0x000000008668cf58}> (0x000000008668cf58) 
thrown [s\open\src\hotspot\share\runtime\reflection.cpp, line 1121]
Event: 15.192 Thread 0x0000029445b9ed30 Exception <a 'java/lang/reflect/InvocationTargetException'{0x000000008669cae8}> (0x000000008669cae8) 
thrown [s\open\src\hotspot\share\runtime\reflection.cpp, line 1121]
Event: 16.248 Thread 0x0000029445b9ed30 Exception <a 'java/io/FileNotFoundException'{0x0000000088657ca8}> (0x0000000088657ca8) 
thrown [s\open\src\hotspot\share\prims\jni.cpp, line 516]
Event: 16.249 Thread 0x0000029445b9ed30 Exception <a 'java/io/FileNotFoundException'{0x0000000088662da0}> (0x0000000088662da0) 
thrown [s\open\src\hotspot\share\prims\jni.cpp, line 516]
Event: 16.969 Thread 0x0000029445b9ed30 Exception <a 'java/lang/IncompatibleClassChangeError'{0x0000000087112be8}: Found class java.lang.Object, but interface was expected> (0x0000000087112be8) 
thrown [s\open\src\hotspot\share\interpreter\linkResolver.cpp, line 826]
Event: 17.173 Thread 0x0000029445b9ed30 Implicit null exception at 0x0000029471581941 to 0x0000029471581d07
Event: 18.065 Thread 0x0000029445b9ed30 Exception <a 'java/lang/IncompatibleClassChangeError'{0x00000000886c58b0}: Found class java.lang.Object, but interface was expected> (0x00000000886c58b0) 
thrown [s\open\src\hotspot\share\interpreter\linkResolver.cpp, line 826]
Event: 18.336 Thread 0x0000029445b9ed30 Exception <a 'java/lang/NoSuchMethodError'{0x000000008811ff88}: 'java.lang.Object java.lang.invoke.DirectMethodHandle$Holder.invokeInterface(java.lang.Object, java.lang.Object, java.lang.Object, java.lang.Object)'> (0x000000008811ff88) 
thrown [s\open\src\hotspot\share\interpreter\linkResolver.cpp, line 759]
Event: 22.289 Thread 0x0000029445b9ed30 Implicit null exception at 0x00000294715eb5ba to 0x00000294715eb7a8
Event: 22.543 Thread 0x0000029445b9ed30 Exception <a 'java/lang/NoSuchMethodError'{0x0000000087225700}: 'java.lang.Object java.lang.invoke.DirectMethodHandle$Holder.newInvokeSpecial(java.lang.Object, java.lang.Object, int, java.lang.Object, java.lang.Object)'> (0x0000000087225700) 
thrown [s\open\src\hotspot\share\interpreter\linkResolver.cpp, line 759]
Event: 22.543 Thread 0x0000029445b9ed30 Exception <a 'java/lang/NoSuchMethodError'{0x0000000087230998}: 'java.lang.Object java.lang.invoke.DirectMethodHandle$Holder.invokeSpecial(java.lang.Object, java.lang.Object, int, java.lang.Object, int, java.lang.Object)'> (0x0000000087230998) 
thrown [s\open\src\hotspot\share\interpreter\linkResolver.cpp, line 759]
Event: 22.544 Thread 0x0000029445b9ed30 Exception <a 'java/lang/NoSuchMethodError'{0x00000000872389b8}: 'java.lang.Object java.lang.invoke.DirectMethodHandle$Holder.newInvokeSpecial(java.lang.Object, java.lang.Object, int, java.lang.Object, int)'> (0x00000000872389b8) 
thrown [s\open\src\hotspot\share\interpreter\linkResolver.cpp, line 759]
Event: 22.544 Thread 0x0000029445b9ed30 Exception <a 'java/lang/NoSuchMethodError'{0x000000008723cab8}: 'java.lang.Object java.lang.invoke.DirectMethodHandle$Holder.invokeSpecial(java.lang.Object, java.lang.Object, java.lang.Object, int, java.lang.Object, int)'> (0x000000008723cab8) 
thrown [s\open\src\hotspot\share\interpreter\linkResolver.cpp, line 759]
Event: 57.106 Thread 0x0000029445b9fc60 Exception <a 'java/lang/NoSuchMethodError'{0x0000000088321c40}: 'java.lang.Object java.lang.invoke.DirectMethodHandle$Holder.invokeSpecial(java.lang.Object, java.lang.Object, java.lang.Object, java.lang.Object, java.lang.Object, long)'> (0x0000000088321c40) 
thrown [s\open\src\hotspot\share\interpreter\linkResolver.cpp, line 759]
Event: 57.107 Thread 0x0000029445b9fc60 Exception <a 'java/lang/NoSuchMethodError'{0x0000000088325680}: 'java.lang.Object java.lang.invoke.Invokers$Holder.linkToTargetMethod(java.lang.Object, java.lang.Object, java.lang.Object, long, java.lang.Object)'> (0x0000000088325680) 
thrown [s\open\src\hotspot\share\interpreter\linkResolver.cpp, line 759]

VM Operations (20 events):
Event: 52.164 Executing VM operation: Cleanup
Event: 52.164 Executing VM operation: Cleanup done
Event: 53.166 Executing VM operation: Cleanup
Event: 53.166 Executing VM operation: Cleanup done
Event: 55.167 Executing VM operation: Cleanup
Event: 55.167 Executing VM operation: Cleanup done
Event: 55.535 Executing VM operation: HandshakeAllThreads
Event: 55.539 Executing VM operation: HandshakeAllThreads done
Event: 56.549 Executing VM operation: Cleanup
Event: 56.565 Executing VM operation: Cleanup done
Event: 57.153 Executing VM operation: HandshakeAllThreads
Event: 57.180 Executing VM operation: HandshakeAllThreads done
Event: 57.182 Executing VM operation: HandshakeAllThreads
Event: 57.249 Executing VM operation: HandshakeAllThreads done
Event: 58.264 Executing VM operation: Cleanup
Event: 58.265 Executing VM operation: Cleanup done
Event: 58.572 Executing VM operation: HandshakeAllThreads
Event: 58.572 Executing VM operation: HandshakeAllThreads done
Event: 58.710 Executing VM operation: HandshakeAllThreads
Event: 58.710 Executing VM operation: HandshakeAllThreads done

Events (20 events):
Event: 56.753 loading class java/nio/channels/SelectionKey
Event: 56.755 loading class java/nio/channels/SelectionKey done
Event: 56.755 loading class java/nio/channels/spi/AbstractSelectionKey done
Event: 56.755 loading class sun/nio/ch/SelectionKeyImpl done
Event: 56.758 loading class java/lang/invoke/ConstantBootstraps
Event: 56.765 loading class java/lang/invoke/ConstantBootstraps done
Event: 57.115 loading class sun/nio/cs/ThreadLocalCoders
Event: 57.116 loading class sun/nio/cs/ThreadLocalCoders done
Event: 57.116 loading class sun/nio/cs/ThreadLocalCoders$1
Event: 57.116 loading class sun/nio/cs/ThreadLocalCoders$Cache
Event: 57.117 loading class sun/nio/cs/ThreadLocalCoders$Cache done
Event: 57.117 loading class sun/nio/cs/ThreadLocalCoders$1 done
Event: 57.117 loading class sun/nio/cs/ThreadLocalCoders$2
Event: 57.117 loading class sun/nio/cs/ThreadLocalCoders$2 done
Event: 58.158 loading class java/time/format/DateTimeFormatterBuilder$ZoneTextPrinterParser
Event: 58.176 loading class java/time/format/DateTimeFormatterBuilder$ZoneTextPrinterParser done
Event: 58.178 loading class java/time/format/DateTimeFormatterBuilder$ReducedPrinterParser
Event: 58.181 loading class java/time/format/DateTimeFormatterBuilder$ReducedPrinterParser done
Event: 58.385 loading class java/util/concurrent/locks/ReentrantReadWriteLock$Sync$HoldCounter
Event: 58.385 loading class java/util/concurrent/locks/ReentrantReadWriteLock$Sync$HoldCounter done


Dynamic libraries:
0x00007ff7e46e0000 - 0x00007ff7e46f0000 	C:\Program Files\Java\jdk-17\bin\java.exe
0x00007ff93ce70000 - 0x00007ff93d087000 	C:\WINDOWS\SYSTEM32\ntdll.dll
0x00007ff93c6a0000 - 0x00007ff93c764000 	C:\WINDOWS\System32\KERNEL32.DLL
0x00007ff93a040000 - 0x00007ff93a413000 	C:\WINDOWS\System32\KERNELBASE.dll
0x00007ff93a820000 - 0x00007ff93a931000 	C:\WINDOWS\System32\ucrtbase.dll
0x00007ff928e40000 - 0x00007ff928e59000 	C:\Program Files\Java\jdk-17\bin\jli.dll
0x00007ff928e20000 - 0x00007ff928e3b000 	C:\Program Files\Java\jdk-17\bin\VCRUNTIME140.dll
0x00007ff93c8e0000 - 0x00007ff93c991000 	C:\WINDOWS\System32\ADVAPI32.dll
0x00007ff93b6e0000 - 0x00007ff93b787000 	C:\WINDOWS\System32\msvcrt.dll
0x00007ff93c5f0000 - 0x00007ff93c698000 	C:\WINDOWS\System32\sechost.dll
0x00007ff93aa60000 - 0x00007ff93aa88000 	C:\WINDOWS\System32\bcrypt.dll
0x00007ff93cbe0000 - 0x00007ff93ccf4000 	C:\WINDOWS\System32\RPCRT4.dll
0x00007ff93c030000 - 0x00007ff93c1e1000 	C:\WINDOWS\System32\USER32.dll
0x00007ff93a420000 - 0x00007ff93a446000 	C:\WINDOWS\System32\win32u.dll
0x00007ff924780000 - 0x00007ff924a18000 	C:\WINDOWS\WinSxS\amd64_microsoft.windows.common-controls_6595b64144ccf1df_6.0.22621.5124_none_270e8f4f7386d69d\COMCTL32.dll
0x00007ff93c350000 - 0x00007ff93c379000 	C:\WINDOWS\System32\GDI32.dll
0x00007ff93a940000 - 0x00007ff93aa5b000 	C:\WINDOWS\System32\gdi32full.dll
0x00007ff93a5c0000 - 0x00007ff93a65a000 	C:\WINDOWS\System32\msvcp_win.dll
0x00007ff933040000 - 0x00007ff93304a000 	C:\WINDOWS\SYSTEM32\VERSION.dll
0x00007ff93c840000 - 0x00007ff93c871000 	C:\WINDOWS\System32\IMM32.DLL
0x00007ff936560000 - 0x00007ff93656c000 	C:\Program Files\Java\jdk-17\bin\vcruntime140_1.dll
0x00007ff922fd0000 - 0x00007ff92305e000 	C:\Program Files\Java\jdk-17\bin\msvcp140.dll
0x00007ff89ef10000 - 0x00007ff89faf0000 	C:\Program Files\Java\jdk-17\bin\server\jvm.dll
0x00007ff93cd00000 - 0x00007ff93cd08000 	C:\WINDOWS\System32\PSAPI.DLL
0x00007ff9377e0000 - 0x00007ff937814000 	C:\WINDOWS\SYSTEM32\WINMM.dll
0x00007ff91bb20000 - 0x00007ff91bb29000 	C:\WINDOWS\SYSTEM32\WSOCK32.dll
0x00007ff93c770000 - 0x00007ff93c7e1000 	C:\WINDOWS\System32\WS2_32.dll
0x00007ff938fb0000 - 0x00007ff938fc8000 	C:\WINDOWS\SYSTEM32\kernel.appcore.dll
0x00007ff927d80000 - 0x00007ff927d8a000 	C:\Program Files\Java\jdk-17\bin\jimage.dll
0x00007ff937470000 - 0x00007ff9376a2000 	C:\WINDOWS\SYSTEM32\DBGHELP.DLL
0x00007ff93b220000 - 0x00007ff93b5b2000 	C:\WINDOWS\System32\combase.dll
0x00007ff93acc0000 - 0x00007ff93ad97000 	C:\WINDOWS\System32\OLEAUT32.dll
0x00007ff9377a0000 - 0x00007ff9377d2000 	C:\WINDOWS\SYSTEM32\dbgcore.DLL
0x00007ff93aa90000 - 0x00007ff93ab0b000 	C:\WINDOWS\System32\bcryptPrimitives.dll
0x00007ff925320000 - 0x00007ff92532e000 	C:\Program Files\Java\jdk-17\bin\instrument.dll
0x00007ff925330000 - 0x00007ff925355000 	C:\Program Files\Java\jdk-17\bin\java.dll
0x00007ff8ebc30000 - 0x00007ff8ebd07000 	C:\Program Files\Java\jdk-17\bin\jsvml.dll
0x00007ff93b790000 - 0x00007ff93c026000 	C:\WINDOWS\System32\SHELL32.dll
0x00007ff93a6e0000 - 0x00007ff93a81f000 	C:\WINDOWS\System32\wintypes.dll
0x00007ff937ea0000 - 0x00007ff9387ba000 	C:\WINDOWS\SYSTEM32\windows.storage.dll
0x00007ff93b5c0000 - 0x00007ff93b6ca000 	C:\WINDOWS\System32\SHCORE.dll
0x00007ff93c2e0000 - 0x00007ff93c343000 	C:\WINDOWS\System32\shlwapi.dll
0x00007ff939eb0000 - 0x00007ff939edb000 	C:\WINDOWS\SYSTEM32\profapi.dll
0x00007ff924720000 - 0x00007ff924738000 	C:\Program Files\Java\jdk-17\bin\zip.dll
0x00007ff9276a0000 - 0x00007ff9276b9000 	C:\Program Files\Java\jdk-17\bin\net.dll
0x00007ff936770000 - 0x00007ff93689c000 	C:\WINDOWS\SYSTEM32\WINHTTP.dll
0x00007ff939430000 - 0x00007ff93949a000 	C:\WINDOWS\system32\mswsock.dll
0x00007ff924d90000 - 0x00007ff924da6000 	C:\Program Files\Java\jdk-17\bin\nio.dll
0x00007ff923240000 - 0x00007ff92325a000 	C:\Program Files\JetBrains\IntelliJ IDEA 2024.3.3\bin\breakgen64.dll
0x00007ff938a90000 - 0x00007ff938b92000 	C:\WINDOWS\SYSTEM32\DNSAPI.dll
0x00007ff938a60000 - 0x00007ff938a8d000 	C:\WINDOWS\SYSTEM32\IPHLPAPI.DLL
0x00007ff93b6d0000 - 0x00007ff93b6d9000 	C:\WINDOWS\System32\NSI.dll
0x00007ff932060000 - 0x00007ff93206a000 	C:\Windows\System32\rasadhlp.dll
0x00007ff933400000 - 0x00007ff933483000 	C:\WINDOWS\System32\fwpuclnt.dll
0x00007ff9257f0000 - 0x00007ff9257fa000 	C:\Program Files\Java\jdk-17\bin\management.dll
0x00007ff9233d0000 - 0x00007ff9233e0000 	C:\Program Files\Java\jdk-17\bin\verify.dll
0x00007ff924710000 - 0x00007ff92471b000 	C:\Program Files\Java\jdk-17\bin\management_ext.dll
0x00007ff939680000 - 0x00007ff93969b000 	C:\WINDOWS\SYSTEM32\CRYPTSP.dll
0x00007ff938f10000 - 0x00007ff938f47000 	C:\WINDOWS\system32\rsaenh.dll
0x00007ff939520000 - 0x00007ff939548000 	C:\WINDOWS\SYSTEM32\USERENV.dll
0x00007ff9396a0000 - 0x00007ff9396ac000 	C:\WINDOWS\SYSTEM32\CRYPTBASE.dll
0x00007ff934180000 - 0x00007ff934199000 	C:\WINDOWS\SYSTEM32\dhcpcsvc6.DLL
0x00007ff9340b0000 - 0x00007ff9340cf000 	C:\WINDOWS\SYSTEM32\dhcpcsvc.DLL
0x00007ff8f5750000 - 0x00007ff8f5767000 	C:\WINDOWS\system32\napinsp.dll
0x00007ff8af750000 - 0x00007ff8af76b000 	C:\WINDOWS\system32\pnrpnsp.dll
0x00007ff8af730000 - 0x00007ff8af741000 	C:\WINDOWS\System32\winrnr.dll
0x00007ff902bd0000 - 0x00007ff902be5000 	C:\WINDOWS\system32\wshbth.dll
0x00007ff8f5650000 - 0x00007ff8f5677000 	C:\WINDOWS\system32\nlansp_c.dll
0x00007ff91bab0000 - 0x00007ff91bb00000 	C:\WINDOWS\SYSTEM32\pdh.dll
0x00007ff923220000 - 0x00007ff923231000 	C:\WINDOWS\System32\perfproc.dll
0x00007ff929210000 - 0x00007ff929220000 	C:\WINDOWS\System32\perfos.dll
0x00007ff936f20000 - 0x00007ff936f30000 	C:\WINDOWS\SYSTEM32\pfclient.dll
0x00007ff927890000 - 0x00007ff92789e000 	C:\Program Files\Java\jdk-17\bin\sunmscapi.dll
0x00007ff93a450000 - 0x00007ff93a5b7000 	C:\WINDOWS\System32\CRYPT32.dll
0x00007ff939820000 - 0x00007ff93984d000 	C:\WINDOWS\SYSTEM32\ncrypt.dll
0x00007ff9397e0000 - 0x00007ff939817000 	C:\WINDOWS\SYSTEM32\NTASN1.dll
0x00007ff90f560000 - 0x00007ff90f568000 	C:\WINDOWS\system32\wshunix.dll

dbghelp: loaded successfully - version: 4.0.5 - missing functions: none
symbol engine: initialized successfully - sym options: 0x614 - pdb path: .;C:\Program Files\Java\jdk-17\bin;C:\WINDOWS\SYSTEM32;C:\WINDOWS\WinSxS\amd64_microsoft.windows.common-controls_6595b64144ccf1df_6.0.22621.5124_none_270e8f4f7386d69d;C:\Program Files\Java\jdk-17\bin\server;C:\Program Files\JetBrains\IntelliJ IDEA 2024.3.3\bin

VM Arguments:
jvm_args: -javaagent:C:\Program Files\JetBrains\IntelliJ IDEA 2024.3.3\lib\idea_rt.jar=52165:C:\Program Files\JetBrains\IntelliJ IDEA 2024.3.3\bin -Dfile.encoding=UTF-8 
java_command: com.poly.beeshoes.Application
java_class_path (initial): E:\BeeShoes\bee-shoes-be\target\classes;C:\Users\ADMIN\.m2\repository\org\springframework\boot\spring-boot-starter-data-jpa\3.1.2\spring-boot-starter-data-jpa-3.1.2.jar;C:\Users\ADMIN\.m2\repository\org\springframework\boot\spring-boot-starter-aop\3.1.2\spring-boot-starter-aop-3.1.2.jar;C:\Users\ADMIN\.m2\repository\org\aspectj\aspectjweaver\1.9.19\aspectjweaver-1.9.19.jar;C:\Users\ADMIN\.m2\repository\org\springframework\boot\spring-boot-starter-jdbc\3.1.2\spring-boot-starter-jdbc-3.1.2.jar;C:\Users\ADMIN\.m2\repository\com\zaxxer\HikariCP\5.0.1\HikariCP-5.0.1.jar;C:\Users\ADMIN\.m2\repository\org\springframework\spring-jdbc\6.0.11\spring-jdbc-6.0.11.jar;C:\Users\ADMIN\.m2\repository\org\hibernate\orm\hibernate-core\6.2.6.Final\hibernate-core-6.2.6.Final.jar;C:\Users\ADMIN\.m2\repository\jakarta\persistence\jakarta.persistence-api\3.1.0\jakarta.persistence-api-3.1.0.jar;C:\Users\ADMIN\.m2\repository\jakarta\transaction\jakarta.transaction-api\2.0.1\jakarta.transaction-api-2.0.1.jar;C:\Users\ADMIN\.m2\repository\org\jboss\logging\jboss-logging\3.5.3.Final\jboss-logging-3.5.3.Final.jar;C:\Users\ADMIN\.m2\repository\org\hibernate\common\hibernate-commons-annotations\6.0.6.Final\hibernate-commons-annotations-6.0.6.Final.jar;C:\Users\ADMIN\.m2\repository\io\smallrye\jandex\3.0.5\jandex-3.0.5.jar;C:\Users\ADMIN\.m2\repository\com\fasterxml\classmate\1.5.1\classmate-1.5.1.jar;C:\Users\ADMIN\.m2\repository\net\bytebuddy\byte-buddy\1.14.5\byte-buddy-1.14.5.jar;C:\Users\ADMIN\.m2\repository\org\glassfish\jaxb\jaxb-runtime\4.0.3\jaxb-runtime-4.0.3.jar;C:\Users\ADMIN\.m2\repository\org\glassfish\jaxb\jaxb-core\4.0.3\jaxb-core-4.0.3.jar;C:\Users\ADMIN\.m2\repository\org\glassfish\jaxb\txw2\4.0.3\txw2-4.0.3.jar;C:\Users\ADMIN\.m2\repository\com\sun\istack\istack-commons-runtime\4.1.2\istack-commons-runtime-4.1.2.jar;C:\Users\ADMIN\.m2\repository\jakarta\inject\jakarta.inject-api\2.0.1\jakarta.inject-api-2.0.1.jar;C:\Users\ADMIN\.m2\repository\org\ant
Launcher Type: SUN_STANDARD

[Global flags]
     intx CICompilerCount                          = 3                                         {product} {ergonomic}
     uint ConcGCThreads                            = 1                                         {product} {ergonomic}
     uint G1ConcRefinementThreads                  = 4                                         {product} {ergonomic}
   size_t G1HeapRegionSize                         = 1048576                                   {product} {ergonomic}
    uintx GCDrainStackTargetSize                   = 64                                        {product} {ergonomic}
   size_t InitialHeapSize                          = 132120576                                 {product} {ergonomic}
   size_t MarkStackSize                            = 4194304                                   {product} {ergonomic}
   size_t MaxHeapSize                              = 2095054848                                {product} {ergonomic}
   size_t MaxNewSize                               = 1256194048                                {product} {ergonomic}
   size_t MinHeapDeltaBytes                        = 1048576                                   {product} {ergonomic}
   size_t MinHeapSize                              = 8388608                                   {product} {ergonomic}
    uintx NonNMethodCodeHeapSize                   = 5832780                                {pd product} {ergonomic}
    uintx NonProfiledCodeHeapSize                  = 122912730                              {pd product} {ergonomic}
    uintx ProfiledCodeHeapSize                     = 122912730                              {pd product} {ergonomic}
    uintx ReservedCodeCacheSize                    = 251658240                              {pd product} {ergonomic}
     bool SegmentedCodeCache                       = true                                      {product} {ergonomic}
   size_t SoftMaxHeapSize                          = 2095054848                             {manageable} {ergonomic}
     bool UseCompressedClassPointers               = true                           {product lp64_product} {ergonomic}
     bool UseCompressedOops                        = true                           {product lp64_product} {ergonomic}
     bool UseG1GC                                  = true                                      {product} {ergonomic}
     bool UseLargePagesIndividualAllocation        = false                                  {pd product} {ergonomic}

Logging:
Log output configuration:
 #0: stdout all=warning uptime,level,tags
 #1: stderr all=off uptime,level,tags

Environment Variables:
JAVA_HOME=C:\Program Files\Java\jdk-22
PATH=C:\Program Files\Python312\Scripts\;C:\Program Files\Python312\;F:\VM Ware\bin\;C:\Program Files\Common Files\Oracle\Java\javapath;C:\WINDOWS\system32;C:\WINDOWS;C:\WINDOWS\System32\Wbem;C:\WINDOWS\System32\WindowsPowerShell\v1.0\;C:\WINDOWS\System32\OpenSSH\;C:\MinGW\bin;C:\Program Files\Microsoft SQL Server\Client SDK\ODBC\170\Tools\Binn\;C:\Program Files (x86)\Microsoft SQL Server\150\Tools\Binn\;C:\Program Files\Microsoft SQL Server\150\Tools\Binn\;C:\Program Files\Microsoft SQL Server\150\DTS\Binn\;C:\Program Files (x86)\Microsoft SQL Server\150\DTS\Binn\;C:\xampp\php\;C:\Program Files\Git\cmd;C:\Users\ADMIN\AppData\Local\Android\Sdk\platform-tools;C:\Users\ADMIN\AppData\Local\Android\Sdk;C:\Users\ADMIN\AppData\Local\Android\Sdk\build-tools\34.0.0;C:\Program Files\nodejs\;C:\Program Files\Java\jdk-22\bin;;C:\Program Files\dotnet\;C:\Program Files (x86)\Windows Kits\10\Windows Performance Toolkit\;C:\Program Files\Go\bin;C:\Program Files\WireGuard\;C:\Users\ADMIN\AppData\Local\Programs\Python\Python311\Scripts\;C:\Users\ADMIN\AppData\Local\Programs\Python\Python311\;C:\Users\ADMIN\AppData\Local\Microsoft\WindowsApps;C:\Program Files\JetBrains\CLion 2021.3\bin;;C:\Users\ADMIN\AppData\Local\Programs\Microsoft VS Code\bin;C:\MinGW\bin;C:\Program Files\Azure Data Studio\bin;C:\Users\ADMIN\.dotnet\tools;;C:\Users\ADMIN\AppData\Local\Programs\Fiddler;F:\Fiddler;C:\Users\ADMIN\AppData\Roaming\npm;C:\Users\ADMIN\.dotnet\tools;C:\Users\ADMIN\go\bin;C:\Program Files\JetBrains\IntelliJ IDEA 2024.3.3\bin;
USERNAME=ADMIN
OS=Windows_NT
PROCESSOR_IDENTIFIER=Intel64 Family 6 Model 140 Stepping 1, GenuineIntel



---------------  S Y S T E M  ---------------

OS:
 Windows 11 , 64 bit Build 22621 (10.0.22621.5124)
OS uptime: 12 days 5:52 hours

CPU: total 4 (initial active 4) (2 cores per cpu, 2 threads per core) family 6 model 140 stepping 1 microcode 0x9a, cx8, cmov, fxsr, ht, mmx, 3dnowpref, sse, sse2, sse3, ssse3, sse4.1, sse4.2, popcnt, lzcnt, tsc, tscinvbit, avx, avx2, aes, erms, clmul, bmi1, bmi2, adx, avx512f, avx512dq, avx512cd, avx512bw, avx512vl, sha, fma, vzeroupper, avx512_vpopcntdq, avx512_vpclmulqdq, avx512_vaes, avx512_vnni, clflush, clflushopt, clwb, avx512_vbmi2, avx512_vbmi

Memory: 4k page, system-wide physical 7991M (337M free)
TotalPageFile size 32567M (AvailPageFile size 6M)
current process WorkingSet (physical memory assigned to process): 184M, peak: 345M
current process commit charge ("private bytes"): 356M, peak: 375M

vm_info: Java HotSpot(TM) 64-Bit Server VM (17.0.12+8-LTS-286) for windows-amd64 JRE (17.0.12+8-LTS-286), built on Jun  5 2024 06:46:59 by "mach5one" with MS VC++ 17.6 (VS2022)

END.
