#
# There is insufficient memory for the Java Runtime Environment to continue.
# Native memory allocation (malloc) failed to allocate 1075856 bytes for Chunk::new
# Possible reasons:
#   The system is out of physical RAM or swap space
#   The process is running with CompressedOops enabled, and the Java Heap may be blocking the growth of the native heap
# Possible solutions:
#   Reduce memory load on the system
#   Increase physical memory or swap space
#   Check if swap backing store is full
#   Decrease Java heap size (-Xmx/-Xms)
#   Decrease number of Java threads
#   Decrease Java thread stack sizes (-Xss)
#   Set larger code cache with -XX:ReservedCodeCacheSize=
#   JVM is running with Unscaled Compressed Oops mode in which the Java heap is
#     placed in the first 4GB address space. The Java Heap base address is the
#     maximum limit for the native heap growth. Please use -XX:HeapBaseMinAddress
#     to set the Java Heap base and to place the Java Heap above 4GB virtual address.
# This output file may be truncated or incomplete.
#
#  Out of Memory Error (arena.cpp:189), pid=12904, tid=64700
#
# JRE version: Java(TM) SE Runtime Environment (17.0.12+8) (build 17.0.12+8-LTS-286)
# Java VM: Java HotSpot(TM) 64-Bit Server VM (17.0.12+8-LTS-286, mixed mode, sharing, tiered, compressed oops, compressed class ptrs, g1 gc, windows-amd64)
# No core dump will be written. Minidumps are not enabled by default on client versions of Windows
#

---------------  S U M M A R Y ------------

Command Line: -javaagent:C:\Program Files\JetBrains\IntelliJ IDEA 2024.3.3\lib\idea_rt.jar=54273:C:\Program Files\JetBrains\IntelliJ IDEA 2024.3.3\bin -Dfile.encoding=UTF-8 com.poly.beeshoes.Application

Host: 11th Gen Intel(R) Core(TM) i3-1115G4 @ 3.00GHz, 4 cores, 7G,  Windows 11 , 64 bit Build 22621 (10.0.22621.5124)
Time: Wed Apr 23 14:55:19 2025 SE Asia Standard Time elapsed time: 18.737529 seconds (0d 0h 0m 18s)

---------------  T H R E A D  ---------------

Current thread (0x000001b477668bc0):  JavaThread "C2 CompilerThread1" daemon [_thread_in_native, id=64700, stack(0x0000004267100000,0x0000004267200000)]


Current CompileTask:
C2:  18737 9597       4       org.springframework.core.annotation.AnnotationUtils::findAnnotation (70 bytes)

Stack: [0x0000004267100000,0x0000004267200000]
Native frames: (J=compiled Java code, j=interpreted, Vv=VM code, C=native code)
V  [jvm.dll+0x67a04a]
V  [jvm.dll+0x7da4ed]
V  [jvm.dll+0x7dbe33]
V  [jvm.dll+0x7dc4a3]
V  [jvm.dll+0x24508f]
V  [jvm.dll+0xab773]
V  [jvm.dll+0xabd3c]
V  [jvm.dll+0x361b9f]
V  [jvm.dll+0x1ba64a]
V  [jvm.dll+0x216997]
V  [jvm.dll+0x215c6f]
V  [jvm.dll+0x1a2960]
V  [jvm.dll+0x22610b]
V  [jvm.dll+0x2242ab]
V  [jvm.dll+0x79075c]
V  [jvm.dll+0x78abea]
V  [jvm.dll+0x678f35]
C  [ucrtbase.dll+0x29333]
C  [KERNEL32.DLL+0x1259d]
C  [ntdll.dll+0x5af38]


---------------  P R O C E S S  ---------------

Threads class SMR info:
_java_thread_list=0x000001b47a505030, length=38, elements={
0x000001b470302cc0, 0x000001b470305430, 0x000001b470319440, 0x000001b47031a000,
0x000001b47031eae0, 0x000001b47031f4a0, 0x000001b470320240, 0x000001b4703703f0,
0x000001b4704ba460, 0x000001b452c0df40, 0x000001b47073cd90, 0x000001b470788190,
0x000001b4754fb4f0, 0x000001b4756ddc80, 0x000001b475347a10, 0x000001b47548a2f0,
0x000001b475b262b0, 0x000001b475b24960, 0x000001b477668bc0, 0x000001b475b211b0,
0x000001b475b25380, 0x000001b475b28110, 0x000001b475b28620, 0x000001b475b28b30,
0x000001b4792eca80, 0x000001b4792ecf90, 0x000001b4792ed4a0, 0x000001b4792ed9b0,
0x000001b4792ec060, 0x000001b4792ec570, 0x000001b47bde2890, 0x000001b47bde2da0,
0x000001b47bddf5f0, 0x000001b47bde0010, 0x000001b47bde1960, 0x000001b47bde0f40,
0x000001b47bde2380, 0x000001b47bde1e70
}

Java Threads: ( => current thread )
  0x000001b470302cc0 JavaThread "Reference Handler" daemon [_thread_blocked, id=42988, stack(0x0000004265a00000,0x0000004265b00000)]
  0x000001b470305430 JavaThread "Finalizer" daemon [_thread_blocked, id=28276, stack(0x0000004265b00000,0x0000004265c00000)]
  0x000001b470319440 JavaThread "Signal Dispatcher" daemon [_thread_blocked, id=49872, stack(0x0000004265c00000,0x0000004265d00000)]
  0x000001b47031a000 JavaThread "Attach Listener" daemon [_thread_blocked, id=49848, stack(0x0000004265d00000,0x0000004265e00000)]
  0x000001b47031eae0 JavaThread "Service Thread" daemon [_thread_blocked, id=41852, stack(0x0000004265e00000,0x0000004265f00000)]
  0x000001b47031f4a0 JavaThread "Monitor Deflation Thread" daemon [_thread_blocked, id=27780, stack(0x0000004265f00000,0x0000004266000000)]
  0x000001b470320240 JavaThread "C2 CompilerThread0" daemon [_thread_in_native, id=52576, stack(0x0000004266000000,0x0000004266100000)]
  0x000001b4703703f0 JavaThread "C1 CompilerThread0" daemon [_thread_blocked, id=52500, stack(0x0000004266100000,0x0000004266200000)]
  0x000001b4704ba460 JavaThread "Sweeper thread" daemon [_thread_blocked, id=7524, stack(0x0000004266200000,0x0000004266300000)]
  0x000001b452c0df40 JavaThread "Common-Cleaner" daemon [_thread_blocked, id=15304, stack(0x0000004266300000,0x0000004266400000)]
  0x000001b47073cd90 JavaThread "Monitor Ctrl-Break" daemon [_thread_in_native, id=7780, stack(0x0000004266500000,0x0000004266600000)]
  0x000001b470788190 JavaThread "Notification Thread" daemon [_thread_blocked, id=50272, stack(0x0000004266600000,0x0000004266700000)]
  0x000001b4754fb4f0 JavaThread "RMI TCP Accept-0" daemon [_thread_in_native, id=39124, stack(0x0000004266b00000,0x0000004266c00000)]
  0x000001b4756ddc80 JavaThread "RMI TCP Connection(1)-10.1.8.35" daemon [_thread_in_native, id=65988, stack(0x0000004266c00000,0x0000004266d00000)]
  0x000001b475347a10 JavaThread "RMI Scheduler(0)" daemon [_thread_blocked, id=1796, stack(0x0000004266d00000,0x0000004266e00000)]
  0x000001b47548a2f0 JavaThread "JMX server connection timeout 19" daemon [_thread_blocked, id=8912, stack(0x0000004266e00000,0x0000004266f00000)]
  0x000001b475b262b0 JavaThread "mysql-cj-abandoned-connection-cleanup" daemon [_thread_blocked, id=53844, stack(0x0000004267200000,0x0000004267300000)]
  0x000001b475b24960 JavaThread "HikariPool-1 housekeeper" daemon [_thread_blocked, id=56820, stack(0x0000004267400000,0x0000004267500000)]
=>0x000001b477668bc0 JavaThread "C2 CompilerThread1" daemon [_thread_in_native, id=64700, stack(0x0000004267100000,0x0000004267200000)]
  0x000001b475b211b0 JavaThread "Catalina-utility-1" [_thread_blocked, id=2444, stack(0x0000004267600000,0x0000004267700000)]
  0x000001b475b25380 JavaThread "Catalina-utility-2" [_thread_blocked, id=37052, stack(0x0000004267700000,0x0000004267800000)]
  0x000001b475b28110 JavaThread "container-0" [_thread_blocked, id=52736, stack(0x0000004267800000,0x0000004267900000)]
  0x000001b475b28620 JavaThread "File Watcher" daemon [_thread_blocked, id=55076, stack(0x0000004267500000,0x0000004267600000)]
  0x000001b475b28b30 JavaThread "Live Reload Server" daemon [_thread_in_native, id=6868, stack(0x0000004267a00000,0x0000004267b00000)]
  0x000001b4792eca80 JavaThread "http-nio-8080-exec-1" daemon [_thread_blocked, id=41000, stack(0x0000004267900000,0x0000004267a00000)]
  0x000001b4792ecf90 JavaThread "http-nio-8080-exec-2" daemon [_thread_blocked, id=52524, stack(0x0000004267b00000,0x0000004267c00000)]
  0x000001b4792ed4a0 JavaThread "http-nio-8080-exec-3" daemon [_thread_blocked, id=58104, stack(0x0000004267c00000,0x0000004267d00000)]
  0x000001b4792ed9b0 JavaThread "http-nio-8080-exec-4" daemon [_thread_blocked, id=34884, stack(0x0000004267d00000,0x0000004267e00000)]
  0x000001b4792ec060 JavaThread "http-nio-8080-exec-5" daemon [_thread_blocked, id=13336, stack(0x0000004267e00000,0x0000004267f00000)]
  0x000001b4792ec570 JavaThread "http-nio-8080-exec-6" daemon [_thread_blocked, id=24808, stack(0x0000004267f00000,0x0000004268000000)]
  0x000001b47bde2890 JavaThread "http-nio-8080-exec-7" daemon [_thread_blocked, id=20892, stack(0x0000004268000000,0x0000004268100000)]
  0x000001b47bde2da0 JavaThread "http-nio-8080-exec-8" daemon [_thread_blocked, id=20628, stack(0x0000004268100000,0x0000004268200000)]
  0x000001b47bddf5f0 JavaThread "http-nio-8080-exec-9" daemon [_thread_blocked, id=27904, stack(0x0000004268200000,0x0000004268300000)]
  0x000001b47bde0010 JavaThread "http-nio-8080-exec-10" daemon [_thread_blocked, id=33856, stack(0x0000004268300000,0x0000004268400000)]
  0x000001b47bde1960 JavaThread "http-nio-8080-Poller" daemon [_thread_in_native, id=43432, stack(0x0000004268400000,0x0000004268500000)]
  0x000001b47bde0f40 JavaThread "http-nio-8080-Acceptor" daemon [_thread_in_native, id=46360, stack(0x0000004268500000,0x0000004268600000)]
  0x000001b47bde2380 JavaThread "scheduling-1" [_thread_blocked, id=33044, stack(0x0000004268600000,0x0000004268700000)]
  0x000001b47bde1e70 JavaThread "DestroyJavaVM" [_thread_blocked, id=58916, stack(0x0000004265300000,0x0000004265400000)]

Other Threads:
  0x000001b4702fea80 VMThread "VM Thread" [stack: 0x0000004265900000,0x0000004265a00000] [id=57660]
  0x000001b470789470 WatcherThread [stack: 0x0000004266700000,0x0000004266800000] [id=47620]
  0x000001b452baec10 GCTaskThread "GC Thread#0" [stack: 0x0000004265400000,0x0000004265500000] [id=37928]
  0x000001b475510d10 GCTaskThread "GC Thread#1" [stack: 0x0000004266400000,0x0000004266500000] [id=43300]
  0x000001b4754d1ab0 GCTaskThread "GC Thread#2" [stack: 0x0000004266800000,0x0000004266900000] [id=18116]
  0x000001b4754ee810 GCTaskThread "GC Thread#3" [stack: 0x0000004266900000,0x0000004266a00000] [id=21736]
  0x000001b452bc0930 ConcurrentGCThread "G1 Main Marker" [stack: 0x0000004265500000,0x0000004265600000] [id=38872]
  0x000001b452bc1ae0 ConcurrentGCThread "G1 Conc#0" [stack: 0x0000004265600000,0x0000004265700000] [id=64924]
  0x000001b4701c24c0 ConcurrentGCThread "G1 Refine#0" [stack: 0x0000004265700000,0x0000004265800000] [id=60856]
  0x000001b4754e8360 ConcurrentGCThread "G1 Refine#1" [stack: 0x0000004266a00000,0x0000004266b00000] [id=36476]
  0x000001b4701c3690 ConcurrentGCThread "G1 Service" [stack: 0x0000004265800000,0x0000004265900000] [id=36692]

Threads with active compile tasks:
C2 CompilerThread0    18758 9598       4       org.springframework.data.repository.core.RepositoryInformationSupport::isQueryMethodCandidate (54 bytes)
C2 CompilerThread1    18758 9597       4       org.springframework.core.annotation.AnnotationUtils::findAnnotation (70 bytes)

VM state: not at safepoint (normal execution)

VM Mutex/Monitor currently owned by a thread: None

Heap address: 0x0000000083200000, size: 1998 MB, Compressed Oops mode: 32-bit

CDS archive(s) mapped at: [0x000001b400000000-0x000001b400bd0000-0x000001b400bd0000), size 12386304, SharedBaseAddress: 0x000001b400000000, ArchiveRelocationMode: 1.
Compressed class space mapped at: 0x000001b401000000-0x000001b441000000, reserved size: 1073741824
Narrow klass base: 0x000001b400000000, Narrow klass shift: 0, Narrow klass range: 0x100000000

GC Precious Log:
 CPUs: 4 total, 4 available
 Memory: 7991M
 Large Page Support: Disabled
 NUMA Support: Disabled
 Compressed Oops: Enabled (32-bit)
 Heap Region Size: 1M
 Heap Min Capacity: 8M
 Heap Initial Capacity: 126M
 Heap Max Capacity: 1998M
 Pre-touch: Disabled
 Parallel Workers: 4
 Concurrent Workers: 1
 Concurrent Refinement Workers: 4
 Periodic GC: Disabled

Heap:
 garbage-first heap   total 216064K, used 106386K [0x0000000083200000, 0x0000000100000000)
  region size 1024K, 66 young (67584K), 4 survivors (4096K)
 Metaspace       used 80371K, committed 80960K, reserved 1179648K
  class space    used 10945K, committed 11200K, reserved 1048576K

Heap Regions: E=young(eden), S=young(survivor), O=old, HS=humongous(starts), HC=humongous(continues), CS=collection set, F=free, OA=open archive, CA=closed archive, TAMS=top-at-mark-start (previous, next)
|   0|0x0000000083200000, 0x0000000083300000, 0x0000000083300000|100%|HS|  |TAMS 0x0000000083300000, 0x0000000083200000| Complete 
|   1|0x0000000083300000, 0x0000000083400000, 0x0000000083400000|100%| O|  |TAMS 0x0000000083400000, 0x0000000083300000| Untracked 
|   2|0x0000000083400000, 0x0000000083500000, 0x0000000083500000|100%| O|  |TAMS 0x0000000083500000, 0x0000000083400000| Untracked 
|   3|0x0000000083500000, 0x0000000083600000, 0x0000000083600000|100%| O|  |TAMS 0x0000000083600000, 0x0000000083500000| Untracked 
|   4|0x0000000083600000, 0x0000000083700000, 0x0000000083700000|100%| O|  |TAMS 0x0000000083700000, 0x0000000083600000| Untracked 
|   5|0x0000000083700000, 0x0000000083800000, 0x0000000083800000|100%| O|  |TAMS 0x0000000083800000, 0x0000000083700000| Untracked 
|   6|0x0000000083800000, 0x0000000083900000, 0x0000000083900000|100%| O|  |TAMS 0x0000000083900000, 0x0000000083800000| Untracked 
|   7|0x0000000083900000, 0x00000000839f0c00, 0x0000000083a00000| 94%| O|  |TAMS 0x00000000839f0c00, 0x0000000083900000| Untracked 
|   8|0x0000000083a00000, 0x0000000083b00000, 0x0000000083b00000|100%| O|  |TAMS 0x0000000083b00000, 0x0000000083a00000| Untracked 
|   9|0x0000000083b00000, 0x0000000083c00000, 0x0000000083c00000|100%| O|  |TAMS 0x0000000083c00000, 0x0000000083b00000| Untracked 
|  10|0x0000000083c00000, 0x0000000083d00000, 0x0000000083d00000|100%| O|  |TAMS 0x0000000083d00000, 0x0000000083c00000| Untracked 
|  11|0x0000000083d00000, 0x0000000083e00000, 0x0000000083e00000|100%| O|  |TAMS 0x0000000083e00000, 0x0000000083d00000| Untracked 
|  12|0x0000000083e00000, 0x0000000083f00000, 0x0000000083f00000|100%| O|  |TAMS 0x0000000083f00000, 0x0000000083e00000| Untracked 
|  13|0x0000000083f00000, 0x0000000084000000, 0x0000000084000000|100%| O|  |TAMS 0x0000000084000000, 0x0000000083f00000| Untracked 
|  14|0x0000000084000000, 0x0000000084100000, 0x0000000084100000|100%| O|  |TAMS 0x0000000084100000, 0x0000000084000000| Untracked 
|  15|0x0000000084100000, 0x0000000084200000, 0x0000000084200000|100%| O|  |TAMS 0x0000000084200000, 0x0000000084100000| Untracked 
|  16|0x0000000084200000, 0x0000000084300000, 0x0000000084300000|100%| O|  |TAMS 0x0000000084300000, 0x0000000084200000| Untracked 
|  17|0x0000000084300000, 0x0000000084400000, 0x0000000084400000|100%| O|  |TAMS 0x0000000084400000, 0x0000000084300000| Untracked 
|  18|0x0000000084400000, 0x0000000084500000, 0x0000000084500000|100%| O|  |TAMS 0x0000000084500000, 0x0000000084400000| Untracked 
|  19|0x0000000084500000, 0x0000000084600000, 0x0000000084600000|100%| O|  |TAMS 0x0000000084600000, 0x0000000084500000| Untracked 
|  20|0x0000000084600000, 0x0000000084700000, 0x0000000084700000|100%| O|  |TAMS 0x0000000084700000, 0x0000000084600000| Untracked 
|  21|0x0000000084700000, 0x0000000084800000, 0x0000000084800000|100%| O|  |TAMS 0x0000000084800000, 0x0000000084700000| Untracked 
|  22|0x0000000084800000, 0x0000000084900000, 0x0000000084900000|100%| O|  |TAMS 0x0000000084800000, 0x0000000084800000| Untracked 
|  23|0x0000000084900000, 0x0000000084a00000, 0x0000000084a00000|100%| O|  |TAMS 0x0000000084a00000, 0x0000000084900000| Untracked 
|  24|0x0000000084a00000, 0x0000000084b00000, 0x0000000084b00000|100%| O|  |TAMS 0x0000000084b00000, 0x0000000084a00000| Untracked 
|  25|0x0000000084b00000, 0x0000000084c00000, 0x0000000084c00000|100%| O|  |TAMS 0x0000000084c00000, 0x0000000084b00000| Untracked 
|  26|0x0000000084c00000, 0x0000000084d00000, 0x0000000084d00000|100%| O|  |TAMS 0x0000000084d00000, 0x0000000084c00000| Untracked 
|  27|0x0000000084d00000, 0x0000000084e00000, 0x0000000084e00000|100%| O|  |TAMS 0x0000000084e00000, 0x0000000084d00000| Untracked 
|  28|0x0000000084e00000, 0x0000000084f00000, 0x0000000084f00000|100%| O|  |TAMS 0x0000000084f00000, 0x0000000084e00000| Untracked 
|  29|0x0000000084f00000, 0x0000000085000000, 0x0000000085000000|100%| O|  |TAMS 0x0000000085000000, 0x0000000084f00000| Untracked 
|  30|0x0000000085000000, 0x0000000085100000, 0x0000000085100000|100%| O|  |TAMS 0x0000000085100000, 0x0000000085000000| Untracked 
|  31|0x0000000085100000, 0x0000000085200000, 0x0000000085200000|100%| O|  |TAMS 0x0000000085200000, 0x0000000085100000| Untracked 
|  32|0x0000000085200000, 0x0000000085300000, 0x0000000085300000|100%| O|  |TAMS 0x0000000085300000, 0x0000000085200000| Untracked 
|  33|0x0000000085300000, 0x0000000085400000, 0x0000000085400000|100%| O|  |TAMS 0x0000000085400000, 0x0000000085300000| Untracked 
|  34|0x0000000085400000, 0x0000000085500000, 0x0000000085500000|100%| O|  |TAMS 0x0000000085500000, 0x0000000085400000| Untracked 
|  35|0x0000000085500000, 0x0000000085600000, 0x0000000085600000|100%| O|  |TAMS 0x0000000085600000, 0x0000000085500000| Untracked 
|  36|0x0000000085600000, 0x0000000085600000, 0x0000000085700000|  0%| F|  |TAMS 0x0000000085600000, 0x0000000085600000| Untracked 
|  37|0x0000000085700000, 0x0000000085800000, 0x0000000085800000|100%| O|  |TAMS 0x0000000085800000, 0x0000000085700000| Untracked 
|  38|0x0000000085800000, 0x0000000085900000, 0x0000000085900000|100%| O|  |TAMS 0x0000000085900000, 0x0000000085800000| Untracked 
|  39|0x0000000085900000, 0x0000000085900000, 0x0000000085a00000|  0%| F|  |TAMS 0x0000000085900000, 0x0000000085900000| Untracked 
|  40|0x0000000085a00000, 0x0000000085b00000, 0x0000000085b00000|100%| O|  |TAMS 0x0000000085a46a00, 0x0000000085a00000| Untracked 
|  41|0x0000000085b00000, 0x0000000085b51400, 0x0000000085c00000| 31%| O|  |TAMS 0x0000000085b00000, 0x0000000085b00000| Untracked 
|  42|0x0000000085c00000, 0x0000000085c00000, 0x0000000085d00000|  0%| F|  |TAMS 0x0000000085c00000, 0x0000000085c00000| Untracked 
|  43|0x0000000085d00000, 0x0000000085d00000, 0x0000000085e00000|  0%| F|  |TAMS 0x0000000085d00000, 0x0000000085d00000| Untracked 
|  44|0x0000000085e00000, 0x0000000085e00000, 0x0000000085f00000|  0%| F|  |TAMS 0x0000000085e00000, 0x0000000085e00000| Untracked 
|  45|0x0000000085f00000, 0x0000000085f00000, 0x0000000086000000|  0%| F|  |TAMS 0x0000000085f00000, 0x0000000085f00000| Untracked 
|  46|0x0000000086000000, 0x0000000086000000, 0x0000000086100000|  0%| F|  |TAMS 0x0000000086000000, 0x0000000086000000| Untracked 
|  47|0x0000000086100000, 0x0000000086100000, 0x0000000086200000|  0%| F|  |TAMS 0x0000000086100000, 0x0000000086100000| Untracked 
|  48|0x0000000086200000, 0x0000000086200000, 0x0000000086300000|  0%| F|  |TAMS 0x0000000086200000, 0x0000000086200000| Untracked 
|  49|0x0000000086300000, 0x0000000086300000, 0x0000000086400000|  0%| F|  |TAMS 0x0000000086300000, 0x0000000086300000| Untracked 
|  50|0x0000000086400000, 0x0000000086400000, 0x0000000086500000|  0%| F|  |TAMS 0x0000000086400000, 0x0000000086400000| Untracked 
|  51|0x0000000086500000, 0x0000000086500000, 0x0000000086600000|  0%| F|  |TAMS 0x0000000086500000, 0x0000000086500000| Untracked 
|  52|0x0000000086600000, 0x0000000086600000, 0x0000000086700000|  0%| F|  |TAMS 0x0000000086600000, 0x0000000086600000| Untracked 
|  53|0x0000000086700000, 0x0000000086700000, 0x0000000086800000|  0%| F|  |TAMS 0x0000000086700000, 0x0000000086700000| Untracked 
|  54|0x0000000086800000, 0x0000000086800000, 0x0000000086900000|  0%| F|  |TAMS 0x0000000086800000, 0x0000000086800000| Untracked 
|  55|0x0000000086900000, 0x0000000086900000, 0x0000000086a00000|  0%| F|  |TAMS 0x0000000086900000, 0x0000000086900000| Untracked 
|  56|0x0000000086a00000, 0x0000000086a00000, 0x0000000086b00000|  0%| F|  |TAMS 0x0000000086a00000, 0x0000000086a00000| Untracked 
|  57|0x0000000086b00000, 0x0000000086b00000, 0x0000000086c00000|  0%| F|  |TAMS 0x0000000086b00000, 0x0000000086b00000| Untracked 
|  58|0x0000000086c00000, 0x0000000086c00000, 0x0000000086d00000|  0%| F|  |TAMS 0x0000000086c00000, 0x0000000086c00000| Untracked 
|  59|0x0000000086d00000, 0x0000000086d00000, 0x0000000086e00000|  0%| F|  |TAMS 0x0000000086d00000, 0x0000000086d00000| Untracked 
|  60|0x0000000086e00000, 0x0000000086e00000, 0x0000000086f00000|  0%| F|  |TAMS 0x0000000086e00000, 0x0000000086e00000| Untracked 
|  61|0x0000000086f00000, 0x0000000086f00000, 0x0000000087000000|  0%| F|  |TAMS 0x0000000086f00000, 0x0000000086f00000| Untracked 
|  62|0x0000000087000000, 0x0000000087000000, 0x0000000087100000|  0%| F|  |TAMS 0x0000000087000000, 0x0000000087000000| Untracked 
|  63|0x0000000087100000, 0x0000000087100000, 0x0000000087200000|  0%| F|  |TAMS 0x0000000087100000, 0x0000000087100000| Untracked 
|  64|0x0000000087200000, 0x0000000087200000, 0x0000000087300000|  0%| F|  |TAMS 0x0000000087200000, 0x0000000087200000| Untracked 
|  65|0x0000000087300000, 0x0000000087300000, 0x0000000087400000|  0%| F|  |TAMS 0x0000000087300000, 0x0000000087300000| Untracked 
|  66|0x0000000087400000, 0x0000000087400000, 0x0000000087500000|  0%| F|  |TAMS 0x0000000087400000, 0x0000000087400000| Untracked 
|  67|0x0000000087500000, 0x0000000087500000, 0x0000000087600000|  0%| F|  |TAMS 0x0000000087500000, 0x0000000087500000| Untracked 
|  68|0x0000000087600000, 0x0000000087600000, 0x0000000087700000|  0%| F|  |TAMS 0x0000000087600000, 0x0000000087600000| Untracked 
|  69|0x0000000087700000, 0x0000000087700000, 0x0000000087800000|  0%| F|  |TAMS 0x0000000087700000, 0x0000000087700000| Untracked 
|  70|0x0000000087800000, 0x0000000087800000, 0x0000000087900000|  0%| F|  |TAMS 0x0000000087800000, 0x0000000087800000| Untracked 
|  71|0x0000000087900000, 0x0000000087900000, 0x0000000087a00000|  0%| F|  |TAMS 0x0000000087900000, 0x0000000087900000| Untracked 
|  72|0x0000000087a00000, 0x0000000087a00000, 0x0000000087b00000|  0%| F|  |TAMS 0x0000000087a00000, 0x0000000087a00000| Untracked 
|  73|0x0000000087b00000, 0x0000000087b00000, 0x0000000087c00000|  0%| F|  |TAMS 0x0000000087b00000, 0x0000000087b00000| Untracked 
|  74|0x0000000087c00000, 0x0000000087c00000, 0x0000000087d00000|  0%| F|  |TAMS 0x0000000087c00000, 0x0000000087c00000| Untracked 
|  75|0x0000000087d00000, 0x0000000087d00000, 0x0000000087e00000|  0%| F|  |TAMS 0x0000000087d00000, 0x0000000087d00000| Untracked 
|  76|0x0000000087e00000, 0x0000000087e00000, 0x0000000087f00000|  0%| F|  |TAMS 0x0000000087e00000, 0x0000000087e00000| Untracked 
|  77|0x0000000087f00000, 0x0000000087f00000, 0x0000000088000000|  0%| F|  |TAMS 0x0000000087f00000, 0x0000000087f00000| Untracked 
|  78|0x0000000088000000, 0x0000000088000000, 0x0000000088100000|  0%| F|  |TAMS 0x0000000088000000, 0x0000000088000000| Untracked 
|  79|0x0000000088100000, 0x0000000088100000, 0x0000000088200000|  0%| F|  |TAMS 0x0000000088100000, 0x0000000088100000| Untracked 
|  80|0x0000000088200000, 0x0000000088200000, 0x0000000088300000|  0%| F|  |TAMS 0x0000000088200000, 0x0000000088200000| Untracked 
|  81|0x0000000088300000, 0x00000000883a2b20, 0x0000000088400000| 63%| S|CS|TAMS 0x0000000088300000, 0x0000000088300000| Complete 
|  82|0x0000000088400000, 0x0000000088500000, 0x0000000088500000|100%| S|CS|TAMS 0x0000000088400000, 0x0000000088400000| Complete 
|  83|0x0000000088500000, 0x0000000088600000, 0x0000000088600000|100%| S|CS|TAMS 0x0000000088500000, 0x0000000088500000| Complete 
|  84|0x0000000088600000, 0x0000000088700000, 0x0000000088700000|100%| S|CS|TAMS 0x0000000088600000, 0x0000000088600000| Complete 
|  85|0x0000000088700000, 0x0000000088700000, 0x0000000088800000|  0%| F|  |TAMS 0x0000000088700000, 0x0000000088700000| Untracked 
|  86|0x0000000088800000, 0x0000000088800000, 0x0000000088900000|  0%| F|  |TAMS 0x0000000088800000, 0x0000000088800000| Untracked 
|  87|0x0000000088900000, 0x0000000088900000, 0x0000000088a00000|  0%| F|  |TAMS 0x0000000088900000, 0x0000000088900000| Untracked 
|  88|0x0000000088a00000, 0x0000000088a00000, 0x0000000088b00000|  0%| F|  |TAMS 0x0000000088a00000, 0x0000000088a00000| Untracked 
|  89|0x0000000088b00000, 0x0000000088b00000, 0x0000000088c00000|  0%| F|  |TAMS 0x0000000088b00000, 0x0000000088b00000| Untracked 
|  90|0x0000000088c00000, 0x0000000088c00000, 0x0000000088d00000|  0%| F|  |TAMS 0x0000000088c00000, 0x0000000088c00000| Untracked 
|  91|0x0000000088d00000, 0x0000000088d00000, 0x0000000088e00000|  0%| F|  |TAMS 0x0000000088d00000, 0x0000000088d00000| Untracked 
|  92|0x0000000088e00000, 0x0000000088e00000, 0x0000000088f00000|  0%| F|  |TAMS 0x0000000088e00000, 0x0000000088e00000| Untracked 
|  93|0x0000000088f00000, 0x0000000088f00000, 0x0000000089000000|  0%| F|  |TAMS 0x0000000088f00000, 0x0000000088f00000| Untracked 
|  94|0x0000000089000000, 0x0000000089000000, 0x0000000089100000|  0%| F|  |TAMS 0x0000000089000000, 0x0000000089000000| Untracked 
|  95|0x0000000089100000, 0x0000000089100000, 0x0000000089200000|  0%| F|  |TAMS 0x0000000089100000, 0x0000000089100000| Untracked 
|  96|0x0000000089200000, 0x0000000089200000, 0x0000000089300000|  0%| F|  |TAMS 0x0000000089200000, 0x0000000089200000| Untracked 
|  97|0x0000000089300000, 0x0000000089300000, 0x0000000089400000|  0%| F|  |TAMS 0x0000000089300000, 0x0000000089300000| Untracked 
|  98|0x0000000089400000, 0x0000000089400000, 0x0000000089500000|  0%| F|  |TAMS 0x0000000089400000, 0x0000000089400000| Untracked 
|  99|0x0000000089500000, 0x0000000089500000, 0x0000000089600000|  0%| F|  |TAMS 0x0000000089500000, 0x0000000089500000| Untracked 
| 100|0x0000000089600000, 0x0000000089600000, 0x0000000089700000|  0%| F|  |TAMS 0x0000000089600000, 0x0000000089600000| Untracked 
| 101|0x0000000089700000, 0x0000000089700000, 0x0000000089800000|  0%| F|  |TAMS 0x0000000089700000, 0x0000000089700000| Untracked 
| 102|0x0000000089800000, 0x0000000089800000, 0x0000000089900000|  0%| F|  |TAMS 0x0000000089800000, 0x0000000089800000| Untracked 
| 103|0x0000000089900000, 0x0000000089900000, 0x0000000089a00000|  0%| F|  |TAMS 0x0000000089900000, 0x0000000089900000| Untracked 
| 104|0x0000000089a00000, 0x0000000089a00000, 0x0000000089b00000|  0%| F|  |TAMS 0x0000000089a00000, 0x0000000089a00000| Untracked 
| 105|0x0000000089b00000, 0x0000000089b00000, 0x0000000089c00000|  0%| F|  |TAMS 0x0000000089b00000, 0x0000000089b00000| Untracked 
| 106|0x0000000089c00000, 0x0000000089c00000, 0x0000000089d00000|  0%| F|  |TAMS 0x0000000089c00000, 0x0000000089c00000| Untracked 
| 107|0x0000000089d00000, 0x0000000089d00000, 0x0000000089e00000|  0%| F|  |TAMS 0x0000000089d00000, 0x0000000089d00000| Untracked 
| 108|0x0000000089e00000, 0x0000000089e00000, 0x0000000089f00000|  0%| F|  |TAMS 0x0000000089e00000, 0x0000000089e00000| Untracked 
| 109|0x0000000089f00000, 0x0000000089f00000, 0x000000008a000000|  0%| F|  |TAMS 0x0000000089f00000, 0x0000000089f00000| Untracked 
| 110|0x000000008a000000, 0x000000008a000000, 0x000000008a100000|  0%| F|  |TAMS 0x000000008a000000, 0x000000008a000000| Untracked 
| 111|0x000000008a100000, 0x000000008a100000, 0x000000008a200000|  0%| F|  |TAMS 0x000000008a100000, 0x000000008a100000| Untracked 
| 112|0x000000008a200000, 0x000000008a200000, 0x000000008a300000|  0%| F|  |TAMS 0x000000008a200000, 0x000000008a200000| Untracked 
| 113|0x000000008a300000, 0x000000008a300000, 0x000000008a400000|  0%| F|  |TAMS 0x000000008a300000, 0x000000008a300000| Untracked 
| 114|0x000000008a400000, 0x000000008a400000, 0x000000008a500000|  0%| F|  |TAMS 0x000000008a400000, 0x000000008a400000| Untracked 
| 115|0x000000008a500000, 0x000000008a500000, 0x000000008a600000|  0%| F|  |TAMS 0x000000008a500000, 0x000000008a500000| Untracked 
| 116|0x000000008a600000, 0x000000008a600000, 0x000000008a700000|  0%| F|  |TAMS 0x000000008a600000, 0x000000008a600000| Untracked 
| 117|0x000000008a700000, 0x000000008a700000, 0x000000008a800000|  0%| F|  |TAMS 0x000000008a700000, 0x000000008a700000| Untracked 
| 118|0x000000008a800000, 0x000000008a800000, 0x000000008a900000|  0%| F|  |TAMS 0x000000008a800000, 0x000000008a800000| Untracked 
| 119|0x000000008a900000, 0x000000008a900000, 0x000000008aa00000|  0%| F|  |TAMS 0x000000008a900000, 0x000000008a900000| Untracked 
| 120|0x000000008aa00000, 0x000000008aa00000, 0x000000008ab00000|  0%| F|  |TAMS 0x000000008aa00000, 0x000000008aa00000| Untracked 
| 121|0x000000008ab00000, 0x000000008ab00000, 0x000000008ac00000|  0%| F|  |TAMS 0x000000008ab00000, 0x000000008ab00000| Untracked 
| 122|0x000000008ac00000, 0x000000008ac00000, 0x000000008ad00000|  0%| F|  |TAMS 0x000000008ac00000, 0x000000008ac00000| Untracked 
| 123|0x000000008ad00000, 0x000000008ad00000, 0x000000008ae00000|  0%| F|  |TAMS 0x000000008ad00000, 0x000000008ad00000| Untracked 
| 124|0x000000008ae00000, 0x000000008ae00000, 0x000000008af00000|  0%| F|  |TAMS 0x000000008ae00000, 0x000000008ae00000| Untracked 
| 125|0x000000008af00000, 0x000000008af00000, 0x000000008b000000|  0%| F|  |TAMS 0x000000008af00000, 0x000000008af00000| Untracked 
| 126|0x000000008b000000, 0x000000008b000000, 0x000000008b100000|  0%| F|  |TAMS 0x000000008b000000, 0x000000008b000000| Untracked 
| 127|0x000000008b100000, 0x000000008b100000, 0x000000008b200000|  0%| F|  |TAMS 0x000000008b100000, 0x000000008b100000| Untracked 
| 128|0x000000008b200000, 0x000000008b200000, 0x000000008b300000|  0%| F|  |TAMS 0x000000008b200000, 0x000000008b200000| Untracked 
| 129|0x000000008b300000, 0x000000008b300000, 0x000000008b400000|  0%| F|  |TAMS 0x000000008b300000, 0x000000008b300000| Untracked 
| 130|0x000000008b400000, 0x000000008b400000, 0x000000008b500000|  0%| F|  |TAMS 0x000000008b400000, 0x000000008b400000| Untracked 
| 131|0x000000008b500000, 0x000000008b500000, 0x000000008b600000|  0%| F|  |TAMS 0x000000008b500000, 0x000000008b500000| Untracked 
| 132|0x000000008b600000, 0x000000008b600000, 0x000000008b700000|  0%| F|  |TAMS 0x000000008b600000, 0x000000008b600000| Untracked 
| 133|0x000000008b700000, 0x000000008b700000, 0x000000008b800000|  0%| F|  |TAMS 0x000000008b700000, 0x000000008b700000| Untracked 
| 134|0x000000008b800000, 0x000000008b800000, 0x000000008b900000|  0%| F|  |TAMS 0x000000008b800000, 0x000000008b800000| Untracked 
| 135|0x000000008b900000, 0x000000008b900000, 0x000000008ba00000|  0%| F|  |TAMS 0x000000008b900000, 0x000000008b900000| Untracked 
| 136|0x000000008ba00000, 0x000000008ba00000, 0x000000008bb00000|  0%| F|  |TAMS 0x000000008ba00000, 0x000000008ba00000| Untracked 
| 137|0x000000008bb00000, 0x000000008bb00000, 0x000000008bc00000|  0%| F|  |TAMS 0x000000008bb00000, 0x000000008bb00000| Untracked 
| 138|0x000000008bc00000, 0x000000008bc00000, 0x000000008bd00000|  0%| F|  |TAMS 0x000000008bc00000, 0x000000008bc00000| Untracked 
| 139|0x000000008bd00000, 0x000000008bd00000, 0x000000008be00000|  0%| F|  |TAMS 0x000000008bd00000, 0x000000008bd00000| Untracked 
| 140|0x000000008be00000, 0x000000008be00000, 0x000000008bf00000|  0%| F|  |TAMS 0x000000008be00000, 0x000000008be00000| Untracked 
| 141|0x000000008bf00000, 0x000000008bf00000, 0x000000008c000000|  0%| F|  |TAMS 0x000000008bf00000, 0x000000008bf00000| Untracked 
| 142|0x000000008c000000, 0x000000008c000000, 0x000000008c100000|  0%| F|  |TAMS 0x000000008c000000, 0x000000008c000000| Untracked 
| 143|0x000000008c100000, 0x000000008c100000, 0x000000008c200000|  0%| F|  |TAMS 0x000000008c100000, 0x000000008c100000| Untracked 
| 144|0x000000008c200000, 0x000000008c200000, 0x000000008c300000|  0%| F|  |TAMS 0x000000008c200000, 0x000000008c200000| Untracked 
| 145|0x000000008c300000, 0x000000008c300000, 0x000000008c400000|  0%| F|  |TAMS 0x000000008c300000, 0x000000008c300000| Untracked 
| 146|0x000000008c400000, 0x000000008c400000, 0x000000008c500000|  0%| F|  |TAMS 0x000000008c400000, 0x000000008c400000| Untracked 
| 147|0x000000008c500000, 0x000000008c500000, 0x000000008c600000|  0%| F|  |TAMS 0x000000008c500000, 0x000000008c500000| Untracked 
| 148|0x000000008c600000, 0x000000008c600000, 0x000000008c700000|  0%| F|  |TAMS 0x000000008c600000, 0x000000008c600000| Untracked 
| 149|0x000000008c700000, 0x000000008c700800, 0x000000008c800000|  0%| E|  |TAMS 0x000000008c700000, 0x000000008c700000| Complete 
| 150|0x000000008c800000, 0x000000008c900000, 0x000000008c900000|100%| E|CS|TAMS 0x000000008c800000, 0x000000008c800000| Complete 
| 151|0x000000008c900000, 0x000000008ca00000, 0x000000008ca00000|100%| E|CS|TAMS 0x000000008c900000, 0x000000008c900000| Complete 
| 152|0x000000008ca00000, 0x000000008cb00000, 0x000000008cb00000|100%| E|CS|TAMS 0x000000008ca00000, 0x000000008ca00000| Complete 
| 153|0x000000008cb00000, 0x000000008cc00000, 0x000000008cc00000|100%| E|CS|TAMS 0x000000008cb00000, 0x000000008cb00000| Complete 
| 154|0x000000008cc00000, 0x000000008cd00000, 0x000000008cd00000|100%| E|CS|TAMS 0x000000008cc00000, 0x000000008cc00000| Complete 
| 155|0x000000008cd00000, 0x000000008ce00000, 0x000000008ce00000|100%| E|CS|TAMS 0x000000008cd00000, 0x000000008cd00000| Complete 
| 156|0x000000008ce00000, 0x000000008cf00000, 0x000000008cf00000|100%| E|CS|TAMS 0x000000008ce00000, 0x000000008ce00000| Complete 
| 157|0x000000008cf00000, 0x000000008d000000, 0x000000008d000000|100%| E|CS|TAMS 0x000000008cf00000, 0x000000008cf00000| Complete 
| 158|0x000000008d000000, 0x000000008d100000, 0x000000008d100000|100%| E|CS|TAMS 0x000000008d000000, 0x000000008d000000| Complete 
| 159|0x000000008d100000, 0x000000008d200000, 0x000000008d200000|100%| E|CS|TAMS 0x000000008d100000, 0x000000008d100000| Complete 
| 160|0x000000008d200000, 0x000000008d300000, 0x000000008d300000|100%| E|CS|TAMS 0x000000008d200000, 0x000000008d200000| Complete 
| 161|0x000000008d300000, 0x000000008d400000, 0x000000008d400000|100%| E|CS|TAMS 0x000000008d300000, 0x000000008d300000| Complete 
| 162|0x000000008d400000, 0x000000008d500000, 0x000000008d500000|100%| E|CS|TAMS 0x000000008d400000, 0x000000008d400000| Complete 
| 163|0x000000008d500000, 0x000000008d600000, 0x000000008d600000|100%| E|CS|TAMS 0x000000008d500000, 0x000000008d500000| Complete 
| 164|0x000000008d600000, 0x000000008d700000, 0x000000008d700000|100%| E|CS|TAMS 0x000000008d600000, 0x000000008d600000| Complete 
| 165|0x000000008d700000, 0x000000008d800000, 0x000000008d800000|100%| E|CS|TAMS 0x000000008d700000, 0x000000008d700000| Complete 
| 166|0x000000008d800000, 0x000000008d900000, 0x000000008d900000|100%| E|CS|TAMS 0x000000008d800000, 0x000000008d800000| Complete 
| 167|0x000000008d900000, 0x000000008da00000, 0x000000008da00000|100%| E|CS|TAMS 0x000000008d900000, 0x000000008d900000| Complete 
| 168|0x000000008da00000, 0x000000008db00000, 0x000000008db00000|100%| E|CS|TAMS 0x000000008da00000, 0x000000008da00000| Complete 
| 169|0x000000008db00000, 0x000000008dc00000, 0x000000008dc00000|100%| E|CS|TAMS 0x000000008db00000, 0x000000008db00000| Complete 
| 170|0x000000008dc00000, 0x000000008dd00000, 0x000000008dd00000|100%| E|CS|TAMS 0x000000008dc00000, 0x000000008dc00000| Complete 
| 171|0x000000008dd00000, 0x000000008de00000, 0x000000008de00000|100%| E|CS|TAMS 0x000000008dd00000, 0x000000008dd00000| Complete 
| 172|0x000000008de00000, 0x000000008df00000, 0x000000008df00000|100%| E|CS|TAMS 0x000000008de00000, 0x000000008de00000| Complete 
| 173|0x000000008df00000, 0x000000008e000000, 0x000000008e000000|100%| E|CS|TAMS 0x000000008df00000, 0x000000008df00000| Complete 
| 174|0x000000008e000000, 0x000000008e100000, 0x000000008e100000|100%| E|CS|TAMS 0x000000008e000000, 0x000000008e000000| Complete 
| 175|0x000000008e100000, 0x000000008e200000, 0x000000008e200000|100%| E|CS|TAMS 0x000000008e100000, 0x000000008e100000| Complete 
| 176|0x000000008e200000, 0x000000008e300000, 0x000000008e300000|100%| E|CS|TAMS 0x000000008e200000, 0x000000008e200000| Complete 
| 177|0x000000008e300000, 0x000000008e400000, 0x000000008e400000|100%| E|CS|TAMS 0x000000008e300000, 0x000000008e300000| Complete 
| 178|0x000000008e400000, 0x000000008e500000, 0x000000008e500000|100%| E|CS|TAMS 0x000000008e400000, 0x000000008e400000| Complete 
| 179|0x000000008e500000, 0x000000008e600000, 0x000000008e600000|100%| E|CS|TAMS 0x000000008e500000, 0x000000008e500000| Complete 
| 180|0x000000008e600000, 0x000000008e700000, 0x000000008e700000|100%| E|CS|TAMS 0x000000008e600000, 0x000000008e600000| Complete 
| 181|0x000000008e700000, 0x000000008e800000, 0x000000008e800000|100%| E|CS|TAMS 0x000000008e700000, 0x000000008e700000| Complete 
| 182|0x000000008e800000, 0x000000008e900000, 0x000000008e900000|100%| E|CS|TAMS 0x000000008e800000, 0x000000008e800000| Complete 
| 183|0x000000008e900000, 0x000000008ea00000, 0x000000008ea00000|100%| E|CS|TAMS 0x000000008e900000, 0x000000008e900000| Complete 
| 184|0x000000008ea00000, 0x000000008eb00000, 0x000000008eb00000|100%| E|CS|TAMS 0x000000008ea00000, 0x000000008ea00000| Complete 
| 185|0x000000008eb00000, 0x000000008ec00000, 0x000000008ec00000|100%| E|CS|TAMS 0x000000008eb00000, 0x000000008eb00000| Complete 
| 186|0x000000008ec00000, 0x000000008ed00000, 0x000000008ed00000|100%| E|CS|TAMS 0x000000008ec00000, 0x000000008ec00000| Complete 
| 187|0x000000008ed00000, 0x000000008ee00000, 0x000000008ee00000|100%| E|CS|TAMS 0x000000008ed00000, 0x000000008ed00000| Complete 
| 188|0x000000008ee00000, 0x000000008ef00000, 0x000000008ef00000|100%| E|CS|TAMS 0x000000008ee00000, 0x000000008ee00000| Complete 
| 189|0x000000008ef00000, 0x000000008f000000, 0x000000008f000000|100%| E|CS|TAMS 0x000000008ef00000, 0x000000008ef00000| Complete 
| 190|0x000000008f000000, 0x000000008f100000, 0x000000008f100000|100%| E|CS|TAMS 0x000000008f000000, 0x000000008f000000| Complete 
| 191|0x000000008f100000, 0x000000008f200000, 0x000000008f200000|100%| E|CS|TAMS 0x000000008f100000, 0x000000008f100000| Complete 
| 192|0x000000008f200000, 0x000000008f300000, 0x000000008f300000|100%| E|CS|TAMS 0x000000008f200000, 0x000000008f200000| Complete 
| 193|0x000000008f300000, 0x000000008f400000, 0x000000008f400000|100%| E|CS|TAMS 0x000000008f300000, 0x000000008f300000| Complete 
| 194|0x000000008f400000, 0x000000008f500000, 0x000000008f500000|100%| E|CS|TAMS 0x000000008f400000, 0x000000008f400000| Complete 
| 195|0x000000008f500000, 0x000000008f600000, 0x000000008f600000|100%| E|CS|TAMS 0x000000008f500000, 0x000000008f500000| Complete 
| 196|0x000000008f600000, 0x000000008f700000, 0x000000008f700000|100%| E|CS|TAMS 0x000000008f600000, 0x000000008f600000| Complete 
| 197|0x000000008f700000, 0x000000008f800000, 0x000000008f800000|100%| E|CS|TAMS 0x000000008f700000, 0x000000008f700000| Complete 
| 198|0x000000008f800000, 0x000000008f900000, 0x000000008f900000|100%| E|CS|TAMS 0x000000008f800000, 0x000000008f800000| Complete 
| 199|0x000000008f900000, 0x000000008fa00000, 0x000000008fa00000|100%| E|CS|TAMS 0x000000008f900000, 0x000000008f900000| Complete 
| 200|0x000000008fa00000, 0x000000008fb00000, 0x000000008fb00000|100%| E|CS|TAMS 0x000000008fa00000, 0x000000008fa00000| Complete 
| 201|0x000000008fb00000, 0x000000008fc00000, 0x000000008fc00000|100%| E|CS|TAMS 0x000000008fb00000, 0x000000008fb00000| Complete 
| 202|0x000000008fc00000, 0x000000008fd00000, 0x000000008fd00000|100%| E|CS|TAMS 0x000000008fc00000, 0x000000008fc00000| Complete 
| 203|0x000000008fd00000, 0x000000008fe00000, 0x000000008fe00000|100%| E|CS|TAMS 0x000000008fd00000, 0x000000008fd00000| Complete 
| 204|0x000000008fe00000, 0x000000008ff00000, 0x000000008ff00000|100%| E|CS|TAMS 0x000000008fe00000, 0x000000008fe00000| Complete 
| 205|0x000000008ff00000, 0x0000000090000000, 0x0000000090000000|100%| E|CS|TAMS 0x000000008ff00000, 0x000000008ff00000| Complete 
| 206|0x0000000090000000, 0x0000000090100000, 0x0000000090100000|100%| E|CS|TAMS 0x0000000090000000, 0x0000000090000000| Complete 
| 207|0x0000000090100000, 0x0000000090200000, 0x0000000090200000|100%| E|CS|TAMS 0x0000000090100000, 0x0000000090100000| Complete 
| 208|0x0000000090200000, 0x0000000090300000, 0x0000000090300000|100%| E|CS|TAMS 0x0000000090200000, 0x0000000090200000| Complete 
| 209|0x0000000090300000, 0x0000000090400000, 0x0000000090400000|100%| E|CS|TAMS 0x0000000090300000, 0x0000000090300000| Complete 
| 210|0x0000000090400000, 0x0000000090500000, 0x0000000090500000|100%| E|CS|TAMS 0x0000000090400000, 0x0000000090400000| Complete 

Card table byte_map: [0x000001b4697f0000,0x000001b469be0000] _byte_map_base: 0x000001b4693d7000

Marking Bits (Prev, Next): (CMBitMap*) 0x000001b452bb0680, (CMBitMap*) 0x000001b452bb0640
 Prev Bits: [0x000001b46bf10000, 0x000001b46de48000)
 Next Bits: [0x000001b469fd0000, 0x000001b46bf08000)

Polling page: 0x000001b450b50000

Metaspace:

Usage:
  Non-class:     67.80 MB used.
      Class:     10.69 MB used.
       Both:     78.49 MB used.

Virtual space:
  Non-class space:      128.00 MB reserved,      68.12 MB ( 53%) committed,  2 nodes.
      Class space:        1.00 GB reserved,      10.94 MB (  1%) committed,  1 nodes.
             Both:        1.12 GB reserved,      79.06 MB (  7%) committed. 

Chunk freelists:
   Non-Class:  10.98 MB
       Class:  5.00 MB
        Both:  15.98 MB

MaxMetaspaceSize: unlimited
CompressedClassSpaceSize: 1.00 GB
Initial GC threshold: 21.00 MB
Current GC threshold: 120.44 MB
CDS: on
MetaspaceReclaimPolicy: balanced
 - commit_granule_bytes: 65536.
 - commit_granule_words: 8192.
 - virtual_space_node_default_size: 8388608.
 - enlarge_chunks_in_place: 1.
 - new_chunks_are_fully_committed: 0.
 - uncommit_free_chunks: 1.
 - use_allocation_guard: 0.
 - handle_deallocations: 1.


Internal statistics:

num_allocs_failed_limit: 6.
num_arena_births: 938.
num_arena_deaths: 0.
num_vsnodes_births: 3.
num_vsnodes_deaths: 0.
num_space_committed: 1265.
num_space_uncommitted: 0.
num_chunks_returned_to_freelist: 6.
num_chunks_taken_from_freelist: 3870.
num_chunk_merges: 6.
num_chunk_splits: 2712.
num_chunks_enlarged: 2020.
num_inconsistent_stats: 0.

CodeHeap 'non-profiled nmethods': size=120000Kb used=4885Kb max_used=5402Kb free=115114Kb
 bounds [0x000001b461ed0000, 0x000001b462420000, 0x000001b469400000]
CodeHeap 'profiled nmethods': size=120000Kb used=16175Kb max_used=17690Kb free=103824Kb
 bounds [0x000001b45a400000, 0x000001b45b550000, 0x000001b461930000]
CodeHeap 'non-nmethods': size=5760Kb used=1387Kb max_used=1451Kb free=4372Kb
 bounds [0x000001b461930000, 0x000001b461ba0000, 0x000001b461ed0000]
 total_blobs=9182 nmethods=8477 adapters=616
 compilation: enabled
              stopped_count=0, restarted_count=0
 full_count=0

Compilation events (20 events):
Event: 18.703 Thread 0x000001b4703703f0 10180       2       org.springframework.boot.autoconfigure.condition.ConditionEvaluationReport$$Lambda$1656/0x000001b401afe9d0::accept (20 bytes)
Event: 18.703 Thread 0x000001b4703703f0 nmethod 10180 0x000001b45af2c310 code [0x000001b45af2c4c0, 0x000001b45af2c668]
Event: 18.703 Thread 0x000001b4703703f0 10181       2       org.springframework.boot.autoconfigure.condition.ConditionEvaluationReport::lambda$addNoMatchOutcomeToAncestors$1 (41 bytes)
Event: 18.703 Thread 0x000001b4703703f0 nmethod 10181 0x000001b45b486010 code [0x000001b45b486200, 0x000001b45b4866b8]
Event: 18.703 Thread 0x000001b4703703f0 10182       3       org.springframework.boot.autoconfigure.condition.ConditionEvaluationReport$$Lambda$1656/0x000001b401afe9d0::accept (20 bytes)
Event: 18.704 Thread 0x000001b4703703f0 nmethod 10182 0x000001b45b219090 code [0x000001b45b219240, 0x000001b45b219588]
Event: 18.704 Thread 0x000001b4703703f0 10183       3       org.springframework.boot.autoconfigure.condition.ConditionEvaluationReport::lambda$addNoMatchOutcomeToAncestors$1 (41 bytes)
Event: 18.705 Thread 0x000001b4703703f0 nmethod 10183 0x000001b45a424c10 code [0x000001b45a424f80, 0x000001b45a426378]
Event: 18.706 Thread 0x000001b4703703f0 10184       1       org.springframework.boot.autoconfigure.condition.ConditionEvaluationReport$ConditionAndOutcome::getOutcome (5 bytes)
Event: 18.707 Thread 0x000001b4703703f0 nmethod 10184 0x000001b4622b9190 code [0x000001b4622b9320, 0x000001b4622b93f8]
Event: 18.708 Thread 0x000001b4703703f0 10186       2       java.util.TreeMap::forEach (58 bytes)
Event: 18.708 Thread 0x000001b4703703f0 nmethod 10186 0x000001b45b2b4910 code [0x000001b45b2b4b00, 0x000001b45b2b4ed8]
Event: 18.708 Thread 0x000001b4703703f0 10187 %     3       java.util.TreeMap::forEach @ 15 (58 bytes)
Event: 18.709 Thread 0x000001b4703703f0 nmethod 10187% 0x000001b45ac3f890 code [0x000001b45ac3faa0, 0x000001b45ac401d8]
Event: 18.709 Thread 0x000001b4703703f0 10190       2       org.springframework.boot.autoconfigure.condition.ConditionEvaluationReport$$Lambda$1655/0x000001b401afe7a0::accept (16 bytes)
Event: 18.710 Thread 0x000001b4703703f0 nmethod 10190 0x000001b45aa7e790 code [0x000001b45aa7ea00, 0x000001b45aa7f048]
Event: 18.710 Thread 0x000001b4703703f0 10191       2       org.springframework.boot.autoconfigure.condition.ConditionEvaluationReport::lambda$getConditionAndOutcomesBySource$0 (13 bytes)
Event: 18.710 Thread 0x000001b4703703f0 nmethod 10191 0x000001b45a75b910 code [0x000001b45a75bb60, 0x000001b45a75c128]
Event: 18.723 Thread 0x000001b4703703f0 10192   !   2       org.springframework.util.ConcurrentReferenceHashMap$Segment::doTask (179 bytes)
Event: 18.724 Thread 0x000001b4703703f0 nmethod 10192 0x000001b45a41bb10 code [0x000001b45a41bde0, 0x000001b45a41c4c8]

GC Heap History (20 events):
Event: 15.725 GC heap before
{Heap before GC invocations=26 (full 0):
 garbage-first heap   total 61440K, used 46490K [0x0000000083200000, 0x0000000100000000)
  region size 1024K, 16 young (16384K), 3 survivors (3072K)
 Metaspace       used 67386K, committed 67904K, reserved 1114112K
  class space    used 9055K, committed 9280K, reserved 1048576K
}
Event: 15.728 GC heap after
{Heap after GC invocations=27 (full 0):
 garbage-first heap   total 61440K, used 33548K [0x0000000083200000, 0x0000000100000000)
  region size 1024K, 1 young (1024K), 1 survivors (1024K)
 Metaspace       used 67386K, committed 67904K, reserved 1114112K
  class space    used 9055K, committed 9280K, reserved 1048576K
}
Event: 16.004 GC heap before
{Heap before GC invocations=27 (full 0):
 garbage-first heap   total 61440K, used 49932K [0x0000000083200000, 0x0000000100000000)
  region size 1024K, 18 young (18432K), 1 survivors (1024K)
 Metaspace       used 71120K, committed 71744K, reserved 1114112K
  class space    used 9787K, committed 10112K, reserved 1048576K
}
Event: 16.007 GC heap after
{Heap after GC invocations=28 (full 0):
 garbage-first heap   total 73728K, used 35360K [0x0000000083200000, 0x0000000100000000)
  region size 1024K, 3 young (3072K), 3 survivors (3072K)
 Metaspace       used 71120K, committed 71744K, reserved 1114112K
  class space    used 9787K, committed 10112K, reserved 1048576K
}
Event: 16.271 GC heap before
{Heap before GC invocations=29 (full 0):
 garbage-first heap   total 73728K, used 57888K [0x0000000083200000, 0x0000000100000000)
  region size 1024K, 25 young (25600K), 3 survivors (3072K)
 Metaspace       used 72855K, committed 73472K, reserved 1114112K
  class space    used 10013K, committed 10304K, reserved 1048576K
}
Event: 16.279 GC heap after
{Heap after GC invocations=30 (full 0):
 garbage-first heap   total 73728K, used 36451K [0x0000000083200000, 0x0000000100000000)
  region size 1024K, 3 young (3072K), 3 survivors (3072K)
 Metaspace       used 72855K, committed 73472K, reserved 1114112K
  class space    used 10013K, committed 10304K, reserved 1048576K
}
Event: 16.430 GC heap before
{Heap before GC invocations=30 (full 0):
 garbage-first heap   total 73728K, used 60003K [0x0000000083200000, 0x0000000100000000)
  region size 1024K, 26 young (26624K), 3 survivors (3072K)
 Metaspace       used 73073K, committed 73664K, reserved 1114112K
  class space    used 10032K, committed 10368K, reserved 1048576K
}
Event: 16.434 GC heap after
{Heap after GC invocations=31 (full 0):
 garbage-first heap   total 73728K, used 37405K [0x0000000083200000, 0x0000000100000000)
  region size 1024K, 3 young (3072K), 3 survivors (3072K)
 Metaspace       used 73073K, committed 73664K, reserved 1114112K
  class space    used 10032K, committed 10368K, reserved 1048576K
}
Event: 16.555 GC heap before
{Heap before GC invocations=32 (full 0):
 garbage-first heap   total 80896K, used 58909K [0x0000000083200000, 0x0000000100000000)
  region size 1024K, 24 young (24576K), 3 survivors (3072K)
 Metaspace       used 73128K, committed 73728K, reserved 1114112K
  class space    used 10033K, committed 10368K, reserved 1048576K
}
Event: 16.561 GC heap after
{Heap after GC invocations=33 (full 0):
 garbage-first heap   total 80896K, used 40471K [0x0000000083200000, 0x0000000100000000)
  region size 1024K, 3 young (3072K), 3 survivors (3072K)
 Metaspace       used 73128K, committed 73728K, reserved 1114112K
  class space    used 10033K, committed 10368K, reserved 1048576K
}
Event: 16.564 GC heap before
{Heap before GC invocations=33 (full 0):
 garbage-first heap   total 80896K, used 41495K [0x0000000083200000, 0x0000000100000000)
  region size 1024K, 4 young (4096K), 3 survivors (3072K)
 Metaspace       used 73128K, committed 73728K, reserved 1114112K
  class space    used 10033K, committed 10368K, reserved 1048576K
}
Event: 16.568 GC heap after
{Heap after GC invocations=34 (full 0):
 garbage-first heap   total 80896K, used 40715K [0x0000000083200000, 0x0000000100000000)
  region size 1024K, 1 young (1024K), 1 survivors (1024K)
 Metaspace       used 73128K, committed 73728K, reserved 1114112K
  class space    used 10033K, committed 10368K, reserved 1048576K
}
Event: 16.705 GC heap before
{Heap before GC invocations=34 (full 0):
 garbage-first heap   total 80896K, used 64267K [0x0000000083200000, 0x0000000100000000)
  region size 1024K, 24 young (24576K), 1 survivors (1024K)
 Metaspace       used 73306K, committed 73920K, reserved 1114112K
  class space    used 10057K, committed 10368K, reserved 1048576K
}
Event: 16.706 GC heap after
{Heap after GC invocations=35 (full 0):
 garbage-first heap   total 80896K, used 40958K [0x0000000083200000, 0x0000000100000000)
  region size 1024K, 1 young (1024K), 1 survivors (1024K)
 Metaspace       used 73306K, committed 73920K, reserved 1114112K
  class space    used 10057K, committed 10368K, reserved 1048576K
}
Event: 16.899 GC heap before
{Heap before GC invocations=36 (full 0):
 garbage-first heap   total 80896K, used 65534K [0x0000000083200000, 0x0000000100000000)
  region size 1024K, 25 young (25600K), 1 survivors (1024K)
 Metaspace       used 73455K, committed 74048K, reserved 1114112K
  class space    used 10067K, committed 10368K, reserved 1048576K
}
Event: 16.901 GC heap after
{Heap after GC invocations=37 (full 0):
 garbage-first heap   total 80896K, used 41756K [0x0000000083200000, 0x0000000100000000)
  region size 1024K, 2 young (2048K), 2 survivors (2048K)
 Metaspace       used 73455K, committed 74048K, reserved 1114112K
  class space    used 10067K, committed 10368K, reserved 1048576K
}
Event: 16.904 GC heap before
{Heap before GC invocations=37 (full 0):
 garbage-first heap   total 80896K, used 42780K [0x0000000083200000, 0x0000000100000000)
  region size 1024K, 3 young (3072K), 2 survivors (2048K)
 Metaspace       used 73455K, committed 74048K, reserved 1114112K
  class space    used 10067K, committed 10368K, reserved 1048576K
}
Event: 16.908 GC heap after
{Heap after GC invocations=38 (full 0):
 garbage-first heap   total 216064K, used 40461K [0x0000000083200000, 0x0000000100000000)
  region size 1024K, 1 young (1024K), 1 survivors (1024K)
 Metaspace       used 73455K, committed 74048K, reserved 1114112K
  class space    used 10067K, committed 10368K, reserved 1048576K
}
Event: 17.717 GC heap before
{Heap before GC invocations=38 (full 0):
 garbage-first heap   total 216064K, used 168461K [0x0000000083200000, 0x0000000100000000)
  region size 1024K, 126 young (129024K), 1 survivors (1024K)
 Metaspace       used 75087K, committed 75712K, reserved 1114112K
  class space    used 10204K, committed 10496K, reserved 1048576K
}
Event: 17.725 GC heap after
{Heap after GC invocations=39 (full 0):
 garbage-first heap   total 216064K, used 43922K [0x0000000083200000, 0x0000000100000000)
  region size 1024K, 4 young (4096K), 4 survivors (4096K)
 Metaspace       used 75087K, committed 75712K, reserved 1114112K
  class space    used 10204K, committed 10496K, reserved 1048576K
}

Deoptimization events (20 events):
Event: 18.717 Thread 0x000001b4758f24a0 Uncommon trap: trap_request=0xffffffde fr.pc=0x000001b46232efb0 relative=0x0000000000000590
Event: 18.717 Thread 0x000001b4758f24a0 Uncommon trap: reason=class_check action=maybe_recompile pc=0x000001b46232efb0 method=org.springframework.util.ConcurrentReferenceHashMap$ReferenceManager.pollForPurge()Lorg/springframework/util/ConcurrentReferenceHashMap$Reference; @ 7 c2
Event: 18.717 Thread 0x000001b4758f24a0 DEOPT PACKING pc=0x000001b46232efb0 sp=0x00000042670fe340
Event: 18.717 Thread 0x000001b4758f24a0 DEOPT UNPACKING pc=0x000001b461985ba3 sp=0x00000042670fe2b8 mode 2
Event: 18.717 Thread 0x000001b4758f24a0 Uncommon trap: trap_request=0xffffffde fr.pc=0x000001b46232efb0 relative=0x0000000000000590
Event: 18.717 Thread 0x000001b4758f24a0 Uncommon trap: reason=class_check action=maybe_recompile pc=0x000001b46232efb0 method=org.springframework.util.ConcurrentReferenceHashMap$ReferenceManager.pollForPurge()Lorg/springframework/util/ConcurrentReferenceHashMap$Reference; @ 7 c2
Event: 18.717 Thread 0x000001b4758f24a0 DEOPT PACKING pc=0x000001b46232efb0 sp=0x00000042670fe340
Event: 18.717 Thread 0x000001b4758f24a0 DEOPT UNPACKING pc=0x000001b461985ba3 sp=0x00000042670fe2b8 mode 2
Event: 18.717 Thread 0x000001b4758f24a0 Uncommon trap: trap_request=0xffffffde fr.pc=0x000001b46232efb0 relative=0x0000000000000590
Event: 18.717 Thread 0x000001b4758f24a0 Uncommon trap: reason=class_check action=maybe_recompile pc=0x000001b46232efb0 method=org.springframework.util.ConcurrentReferenceHashMap$ReferenceManager.pollForPurge()Lorg/springframework/util/ConcurrentReferenceHashMap$Reference; @ 7 c2
Event: 18.717 Thread 0x000001b4758f24a0 DEOPT PACKING pc=0x000001b46232efb0 sp=0x00000042670fe340
Event: 18.717 Thread 0x000001b4758f24a0 DEOPT UNPACKING pc=0x000001b461985ba3 sp=0x00000042670fe2b8 mode 2
Event: 18.718 Thread 0x000001b4758f24a0 Uncommon trap: trap_request=0xffffffde fr.pc=0x000001b46232efb0 relative=0x0000000000000590
Event: 18.718 Thread 0x000001b4758f24a0 Uncommon trap: reason=class_check action=maybe_recompile pc=0x000001b46232efb0 method=org.springframework.util.ConcurrentReferenceHashMap$ReferenceManager.pollForPurge()Lorg/springframework/util/ConcurrentReferenceHashMap$Reference; @ 7 c2
Event: 18.718 Thread 0x000001b4758f24a0 DEOPT PACKING pc=0x000001b46232efb0 sp=0x00000042670fe340
Event: 18.718 Thread 0x000001b4758f24a0 DEOPT UNPACKING pc=0x000001b461985ba3 sp=0x00000042670fe2b8 mode 2
Event: 18.718 Thread 0x000001b4758f24a0 Uncommon trap: trap_request=0xffffffde fr.pc=0x000001b4623ffeb0 relative=0x0000000000000090
Event: 18.718 Thread 0x000001b4758f24a0 Uncommon trap: reason=class_check action=maybe_recompile pc=0x000001b4623ffeb0 method=java.util.Collections$2.tryAdvance(Ljava/util/function/Consumer;)Z @ 29 c2
Event: 18.718 Thread 0x000001b4758f24a0 DEOPT PACKING pc=0x000001b4623ffeb0 sp=0x00000042670fe610
Event: 18.718 Thread 0x000001b4758f24a0 DEOPT UNPACKING pc=0x000001b461985ba3 sp=0x00000042670fe540 mode 2

Classes unloaded (0 events):
No events

Classes redefined (0 events):
No events

Internal exceptions (20 events):
Event: 16.296 Thread 0x000001b4758f24a0 Exception <a 'java/lang/reflect/InvocationTargetException'{0x0000000088465a40}> (0x0000000088465a40) 
thrown [s\open\src\hotspot\share\runtime\reflection.cpp, line 1121]
Event: 16.298 Thread 0x000001b4758f24a0 Exception <a 'java/lang/reflect/InvocationTargetException'{0x0000000088470790}> (0x0000000088470790) 
thrown [s\open\src\hotspot\share\runtime\reflection.cpp, line 1121]
Event: 16.300 Thread 0x000001b4758f24a0 Exception <a 'java/lang/reflect/InvocationTargetException'{0x0000000088480778}> (0x0000000088480778) 
thrown [s\open\src\hotspot\share\runtime\reflection.cpp, line 1121]
Event: 16.385 Thread 0x000001b4758f24a0 Exception <a 'java/lang/reflect/InvocationTargetException'{0x0000000086ba5158}> (0x0000000086ba5158) 
thrown [s\open\src\hotspot\share\runtime\reflection.cpp, line 1121]
Event: 16.387 Thread 0x000001b4758f24a0 Exception <a 'java/lang/reflect/InvocationTargetException'{0x0000000086bbc4d8}> (0x0000000086bbc4d8) 
thrown [s\open\src\hotspot\share\runtime\reflection.cpp, line 1121]
Event: 16.388 Thread 0x000001b4758f24a0 Exception <a 'java/lang/reflect/InvocationTargetException'{0x0000000086bc4578}> (0x0000000086bc4578) 
thrown [s\open\src\hotspot\share\runtime\reflection.cpp, line 1121]
Event: 16.393 Thread 0x000001b4758f24a0 Exception <a 'java/lang/reflect/InvocationTargetException'{0x0000000086be1b60}> (0x0000000086be1b60) 
thrown [s\open\src\hotspot\share\runtime\reflection.cpp, line 1121]
Event: 16.395 Thread 0x000001b4758f24a0 Exception <a 'java/lang/reflect/InvocationTargetException'{0x0000000086bf18f8}> (0x0000000086bf18f8) 
thrown [s\open\src\hotspot\share\runtime\reflection.cpp, line 1121]
Event: 17.345 Thread 0x000001b4758f24a0 Exception <a 'java/io/FileNotFoundException'{0x000000008bbb75d8}> (0x000000008bbb75d8) 
thrown [s\open\src\hotspot\share\prims\jni.cpp, line 516]
Event: 17.346 Thread 0x000001b4758f24a0 Exception <a 'java/io/FileNotFoundException'{0x000000008bbc26d0}> (0x000000008bbc26d0) 
thrown [s\open\src\hotspot\share\prims\jni.cpp, line 516]
Event: 17.887 Thread 0x000001b4758f24a0 Exception <a 'java/lang/IncompatibleClassChangeError'{0x000000008f84cca8}: Found class java.lang.Object, but interface was expected> (0x000000008f84cca8) 
thrown [s\open\src\hotspot\share\interpreter\linkResolver.cpp, line 826]
Event: 17.995 Thread 0x000001b4758f24a0 Implicit null exception at 0x000001b461fe4044 to 0x000001b461fe4407
Event: 18.298 Thread 0x000001b4758f24a0 Exception <a 'java/lang/IncompatibleClassChangeError'{0x000000008e290218}: Found class java.lang.Object, but interface was expected> (0x000000008e290218) 
thrown [s\open\src\hotspot\share\interpreter\linkResolver.cpp, line 826]
Event: 18.378 Thread 0x000001b4758f24a0 Exception <a 'java/lang/NoSuchMethodError'{0x000000008def6dd8}: 'java.lang.Object java.lang.invoke.DirectMethodHandle$Holder.invokeInterface(java.lang.Object, java.lang.Object, java.lang.Object, java.lang.Object)'> (0x000000008def6dd8) 
thrown [s\open\src\hotspot\share\interpreter\linkResolver.cpp, line 759]
Event: 18.504 Thread 0x000001b4758f24a0 Implicit null exception at 0x000001b4620c283f to 0x000001b4620c2d9d
Event: 18.530 Thread 0x000001b4758f24a0 Implicit null exception at 0x000001b46203bd3a to 0x000001b46203bf28
Event: 18.666 Thread 0x000001b4758f24a0 Exception <a 'java/lang/NoSuchMethodError'{0x000000008ce2db50}: 'java.lang.Object java.lang.invoke.DirectMethodHandle$Holder.newInvokeSpecial(java.lang.Object, java.lang.Object, int, java.lang.Object, java.lang.Object)'> (0x000000008ce2db50) 
thrown [s\open\src\hotspot\share\interpreter\linkResolver.cpp, line 759]
Event: 18.667 Thread 0x000001b4758f24a0 Exception <a 'java/lang/NoSuchMethodError'{0x000000008ce38de8}: 'java.lang.Object java.lang.invoke.DirectMethodHandle$Holder.invokeSpecial(java.lang.Object, java.lang.Object, int, java.lang.Object, int, java.lang.Object)'> (0x000000008ce38de8) 
thrown [s\open\src\hotspot\share\interpreter\linkResolver.cpp, line 759]
Event: 18.667 Thread 0x000001b4758f24a0 Exception <a 'java/lang/NoSuchMethodError'{0x000000008ce40e08}: 'java.lang.Object java.lang.invoke.DirectMethodHandle$Holder.newInvokeSpecial(java.lang.Object, java.lang.Object, int, java.lang.Object, int)'> (0x000000008ce40e08) 
thrown [s\open\src\hotspot\share\interpreter\linkResolver.cpp, line 759]
Event: 18.668 Thread 0x000001b4758f24a0 Exception <a 'java/lang/NoSuchMethodError'{0x000000008ce44f08}: 'java.lang.Object java.lang.invoke.DirectMethodHandle$Holder.invokeSpecial(java.lang.Object, java.lang.Object, java.lang.Object, int, java.lang.Object, int)'> (0x000000008ce44f08) 
thrown [s\open\src\hotspot\share\interpreter\linkResolver.cpp, line 759]

VM Operations (20 events):
Event: 17.885 Executing VM operation: HandshakeAllThreads
Event: 17.885 Executing VM operation: HandshakeAllThreads done
Event: 17.904 Executing VM operation: HandshakeAllThreads
Event: 17.904 Executing VM operation: HandshakeAllThreads done
Event: 17.985 Executing VM operation: HandshakeAllThreads
Event: 17.985 Executing VM operation: HandshakeAllThreads done
Event: 18.142 Executing VM operation: HandshakeAllThreads
Event: 18.142 Executing VM operation: HandshakeAllThreads done
Event: 18.150 Executing VM operation: HandshakeAllThreads
Event: 18.150 Executing VM operation: HandshakeAllThreads done
Event: 18.160 Executing VM operation: HandshakeAllThreads
Event: 18.160 Executing VM operation: HandshakeAllThreads done
Event: 18.161 Executing VM operation: HandshakeAllThreads
Event: 18.161 Executing VM operation: HandshakeAllThreads done
Event: 18.396 Executing VM operation: HandshakeAllThreads
Event: 18.396 Executing VM operation: HandshakeAllThreads done
Event: 18.450 Executing VM operation: HandshakeAllThreads
Event: 18.450 Executing VM operation: HandshakeAllThreads done
Event: 18.717 Executing VM operation: HandshakeAllThreads
Event: 18.717 Executing VM operation: HandshakeAllThreads done

Events (20 events):
Event: 18.725 loading class java/beans/WeakIdentityMap$Entry done
Event: 18.725 loading class com/sun/beans/introspect/ClassInfo
Event: 18.726 loading class com/sun/beans/introspect/ClassInfo done
Event: 18.726 loading class com/sun/beans/introspect/ClassInfo$1
Event: 18.726 loading class com/sun/beans/util/Cache
Event: 18.726 loading class com/sun/beans/util/Cache done
Event: 18.726 loading class com/sun/beans/introspect/ClassInfo$1 done
Event: 18.726 loading class com/sun/beans/util/Cache$Kind
Event: 18.726 loading class com/sun/beans/util/Cache$Kind done
Event: 18.726 loading class com/sun/beans/util/Cache$Kind$1
Event: 18.726 loading class com/sun/beans/util/Cache$Kind$1 done
Event: 18.726 loading class com/sun/beans/util/Cache$Kind$2
Event: 18.726 loading class com/sun/beans/util/Cache$Kind$2 done
Event: 18.726 loading class com/sun/beans/util/Cache$Kind$3
Event: 18.727 loading class com/sun/beans/util/Cache$Kind$3 done
Event: 18.727 loading class com/sun/beans/util/Cache$CacheEntry
Event: 18.727 loading class com/sun/beans/util/Cache$CacheEntry done
Event: 18.727 Thread 0x000001b4758f1a80 Thread exited: 0x000001b4758f1a80
Event: 18.727 Thread 0x000001b452b53ab0 Thread exited: 0x000001b452b53ab0
Event: 18.727 Thread 0x000001b47bde1e70 Thread added: 0x000001b47bde1e70


Dynamic libraries:
0x00007ff7e46e0000 - 0x00007ff7e46f0000 	C:\Program Files\Java\jdk-17\bin\java.exe
0x00007ff93ce70000 - 0x00007ff93d087000 	C:\WINDOWS\SYSTEM32\ntdll.dll
0x00007ff93c6a0000 - 0x00007ff93c764000 	C:\WINDOWS\System32\KERNEL32.DLL
0x00007ff93a040000 - 0x00007ff93a413000 	C:\WINDOWS\System32\KERNELBASE.dll
0x00007ff93a820000 - 0x00007ff93a931000 	C:\WINDOWS\System32\ucrtbase.dll
0x00007ff933060000 - 0x00007ff933079000 	C:\Program Files\Java\jdk-17\bin\jli.dll
0x00007ff93c8e0000 - 0x00007ff93c991000 	C:\WINDOWS\System32\ADVAPI32.dll
0x00007ff93b6e0000 - 0x00007ff93b787000 	C:\WINDOWS\System32\msvcrt.dll
0x00007ff93c5f0000 - 0x00007ff93c698000 	C:\WINDOWS\System32\sechost.dll
0x00007ff93aa60000 - 0x00007ff93aa88000 	C:\WINDOWS\System32\bcrypt.dll
0x00007ff93cbe0000 - 0x00007ff93ccf4000 	C:\WINDOWS\System32\RPCRT4.dll
0x00007ff93c030000 - 0x00007ff93c1e1000 	C:\WINDOWS\System32\USER32.dll
0x00007ff93a420000 - 0x00007ff93a446000 	C:\WINDOWS\System32\win32u.dll
0x00007ff93c350000 - 0x00007ff93c379000 	C:\WINDOWS\System32\GDI32.dll
0x00007ff93a940000 - 0x00007ff93aa5b000 	C:\WINDOWS\System32\gdi32full.dll
0x00007ff93a5c0000 - 0x00007ff93a65a000 	C:\WINDOWS\System32\msvcp_win.dll
0x00007ff933080000 - 0x00007ff93309b000 	C:\Program Files\Java\jdk-17\bin\VCRUNTIME140.dll
0x00007ff924780000 - 0x00007ff924a18000 	C:\WINDOWS\WinSxS\amd64_microsoft.windows.common-controls_6595b64144ccf1df_6.0.22621.5124_none_270e8f4f7386d69d\COMCTL32.dll
0x00007ff933040000 - 0x00007ff93304a000 	C:\WINDOWS\SYSTEM32\VERSION.dll
0x00007ff93c840000 - 0x00007ff93c871000 	C:\WINDOWS\System32\IMM32.DLL
0x00007ff937af0000 - 0x00007ff937afc000 	C:\Program Files\Java\jdk-17\bin\vcruntime140_1.dll
0x00007ff928e60000 - 0x00007ff928eee000 	C:\Program Files\Java\jdk-17\bin\msvcp140.dll
0x00007ff8a4b00000 - 0x00007ff8a56e0000 	C:\Program Files\Java\jdk-17\bin\server\jvm.dll
0x00007ff93cd00000 - 0x00007ff93cd08000 	C:\WINDOWS\System32\PSAPI.DLL
0x00007ff91bb20000 - 0x00007ff91bb29000 	C:\WINDOWS\SYSTEM32\WSOCK32.dll
0x00007ff9377e0000 - 0x00007ff937814000 	C:\WINDOWS\SYSTEM32\WINMM.dll
0x00007ff93c770000 - 0x00007ff93c7e1000 	C:\WINDOWS\System32\WS2_32.dll
0x00007ff938fb0000 - 0x00007ff938fc8000 	C:\WINDOWS\SYSTEM32\kernel.appcore.dll
0x00007ff937960000 - 0x00007ff93796a000 	C:\Program Files\Java\jdk-17\bin\jimage.dll
0x00007ff937470000 - 0x00007ff9376a2000 	C:\WINDOWS\SYSTEM32\DBGHELP.DLL
0x00007ff93b220000 - 0x00007ff93b5b2000 	C:\WINDOWS\System32\combase.dll
0x00007ff93acc0000 - 0x00007ff93ad97000 	C:\WINDOWS\System32\OLEAUT32.dll
0x00007ff9377a0000 - 0x00007ff9377d2000 	C:\WINDOWS\SYSTEM32\dbgcore.DLL
0x00007ff93aa90000 - 0x00007ff93ab0b000 	C:\WINDOWS\System32\bcryptPrimitives.dll
0x00007ff936560000 - 0x00007ff93656e000 	C:\Program Files\Java\jdk-17\bin\instrument.dll
0x00007ff930fd0000 - 0x00007ff930ff5000 	C:\Program Files\Java\jdk-17\bin\java.dll
0x00007ff922f80000 - 0x00007ff923057000 	C:\Program Files\Java\jdk-17\bin\jsvml.dll
0x00007ff93b790000 - 0x00007ff93c026000 	C:\WINDOWS\System32\SHELL32.dll
0x00007ff93a6e0000 - 0x00007ff93a81f000 	C:\WINDOWS\System32\wintypes.dll
0x00007ff937ea0000 - 0x00007ff9387ba000 	C:\WINDOWS\SYSTEM32\windows.storage.dll
0x00007ff93b5c0000 - 0x00007ff93b6ca000 	C:\WINDOWS\System32\SHCORE.dll
0x00007ff93c2e0000 - 0x00007ff93c343000 	C:\WINDOWS\System32\shlwapi.dll
0x00007ff939eb0000 - 0x00007ff939edb000 	C:\WINDOWS\SYSTEM32\profapi.dll
0x00007ff92f190000 - 0x00007ff92f1a8000 	C:\Program Files\Java\jdk-17\bin\zip.dll
0x00007ff930f80000 - 0x00007ff930f99000 	C:\Program Files\Java\jdk-17\bin\net.dll
0x00007ff936770000 - 0x00007ff93689c000 	C:\WINDOWS\SYSTEM32\WINHTTP.dll
0x00007ff939430000 - 0x00007ff93949a000 	C:\WINDOWS\system32\mswsock.dll
0x00007ff92f1b0000 - 0x00007ff92f1c6000 	C:\Program Files\Java\jdk-17\bin\nio.dll
0x00007ff928e20000 - 0x00007ff928e3a000 	C:\Program Files\JetBrains\IntelliJ IDEA 2024.3.3\bin\breakgen64.dll
0x00007ff938a90000 - 0x00007ff938b92000 	C:\WINDOWS\SYSTEM32\DNSAPI.dll
0x00007ff938a60000 - 0x00007ff938a8d000 	C:\WINDOWS\SYSTEM32\IPHLPAPI.DLL
0x00007ff93b6d0000 - 0x00007ff93b6d9000 	C:\WINDOWS\System32\NSI.dll
0x00007ff932060000 - 0x00007ff93206a000 	C:\Windows\System32\rasadhlp.dll
0x00007ff933400000 - 0x00007ff933483000 	C:\WINDOWS\System32\fwpuclnt.dll
0x00007ff936530000 - 0x00007ff93653a000 	C:\Program Files\Java\jdk-17\bin\management.dll
0x00007ff927d80000 - 0x00007ff927d90000 	C:\Program Files\Java\jdk-17\bin\verify.dll
0x00007ff927890000 - 0x00007ff92789b000 	C:\Program Files\Java\jdk-17\bin\management_ext.dll
0x00007ff939680000 - 0x00007ff93969b000 	C:\WINDOWS\SYSTEM32\CRYPTSP.dll
0x00007ff938f10000 - 0x00007ff938f47000 	C:\WINDOWS\system32\rsaenh.dll
0x00007ff939520000 - 0x00007ff939548000 	C:\WINDOWS\SYSTEM32\USERENV.dll
0x00007ff9396a0000 - 0x00007ff9396ac000 	C:\WINDOWS\SYSTEM32\CRYPTBASE.dll
0x00007ff934180000 - 0x00007ff934199000 	C:\WINDOWS\SYSTEM32\dhcpcsvc6.DLL
0x00007ff9340b0000 - 0x00007ff9340cf000 	C:\WINDOWS\SYSTEM32\dhcpcsvc.DLL
0x00007ff8f5750000 - 0x00007ff8f5767000 	C:\WINDOWS\system32\napinsp.dll
0x00007ff8af750000 - 0x00007ff8af76b000 	C:\WINDOWS\system32\pnrpnsp.dll
0x00007ff8af730000 - 0x00007ff8af741000 	C:\WINDOWS\System32\winrnr.dll
0x00007ff902bd0000 - 0x00007ff902be5000 	C:\WINDOWS\system32\wshbth.dll
0x00007ff8f5650000 - 0x00007ff8f5677000 	C:\WINDOWS\system32\nlansp_c.dll
0x00007ff91bab0000 - 0x00007ff91bb00000 	C:\WINDOWS\SYSTEM32\pdh.dll
0x00007ff8fdce0000 - 0x00007ff8fdcf1000 	C:\WINDOWS\System32\perfproc.dll
0x00007ff929210000 - 0x00007ff929220000 	C:\WINDOWS\System32\perfos.dll
0x00007ff936f20000 - 0x00007ff936f30000 	C:\WINDOWS\SYSTEM32\pfclient.dll
0x00007ff9257f0000 - 0x00007ff9257fe000 	C:\Program Files\Java\jdk-17\bin\sunmscapi.dll
0x00007ff93a450000 - 0x00007ff93a5b7000 	C:\WINDOWS\System32\CRYPT32.dll
0x00007ff939820000 - 0x00007ff93984d000 	C:\WINDOWS\SYSTEM32\ncrypt.dll
0x00007ff9397e0000 - 0x00007ff939817000 	C:\WINDOWS\SYSTEM32\NTASN1.dll
0x00007ff90f560000 - 0x00007ff90f568000 	C:\WINDOWS\system32\wshunix.dll

dbghelp: loaded successfully - version: 4.0.5 - missing functions: none
symbol engine: initialized successfully - sym options: 0x614 - pdb path: .;C:\Program Files\Java\jdk-17\bin;C:\WINDOWS\SYSTEM32;C:\WINDOWS\WinSxS\amd64_microsoft.windows.common-controls_6595b64144ccf1df_6.0.22621.5124_none_270e8f4f7386d69d;C:\Program Files\Java\jdk-17\bin\server;C:\Program Files\JetBrains\IntelliJ IDEA 2024.3.3\bin

VM Arguments:
jvm_args: -javaagent:C:\Program Files\JetBrains\IntelliJ IDEA 2024.3.3\lib\idea_rt.jar=54273:C:\Program Files\JetBrains\IntelliJ IDEA 2024.3.3\bin -Dfile.encoding=UTF-8 
java_command: com.poly.beeshoes.Application
java_class_path (initial): E:\BeeShoes\bee-shoes-be\target\classes;C:\Users\ADMIN\.m2\repository\org\springframework\boot\spring-boot-starter-data-jpa\3.1.2\spring-boot-starter-data-jpa-3.1.2.jar;C:\Users\ADMIN\.m2\repository\org\springframework\boot\spring-boot-starter-aop\3.1.2\spring-boot-starter-aop-3.1.2.jar;C:\Users\ADMIN\.m2\repository\org\aspectj\aspectjweaver\1.9.19\aspectjweaver-1.9.19.jar;C:\Users\ADMIN\.m2\repository\org\springframework\boot\spring-boot-starter-jdbc\3.1.2\spring-boot-starter-jdbc-3.1.2.jar;C:\Users\ADMIN\.m2\repository\com\zaxxer\HikariCP\5.0.1\HikariCP-5.0.1.jar;C:\Users\ADMIN\.m2\repository\org\springframework\spring-jdbc\6.0.11\spring-jdbc-6.0.11.jar;C:\Users\ADMIN\.m2\repository\org\hibernate\orm\hibernate-core\6.2.6.Final\hibernate-core-6.2.6.Final.jar;C:\Users\ADMIN\.m2\repository\jakarta\persistence\jakarta.persistence-api\3.1.0\jakarta.persistence-api-3.1.0.jar;C:\Users\ADMIN\.m2\repository\jakarta\transaction\jakarta.transaction-api\2.0.1\jakarta.transaction-api-2.0.1.jar;C:\Users\ADMIN\.m2\repository\org\jboss\logging\jboss-logging\3.5.3.Final\jboss-logging-3.5.3.Final.jar;C:\Users\ADMIN\.m2\repository\org\hibernate\common\hibernate-commons-annotations\6.0.6.Final\hibernate-commons-annotations-6.0.6.Final.jar;C:\Users\ADMIN\.m2\repository\io\smallrye\jandex\3.0.5\jandex-3.0.5.jar;C:\Users\ADMIN\.m2\repository\com\fasterxml\classmate\1.5.1\classmate-1.5.1.jar;C:\Users\ADMIN\.m2\repository\net\bytebuddy\byte-buddy\1.14.5\byte-buddy-1.14.5.jar;C:\Users\ADMIN\.m2\repository\org\glassfish\jaxb\jaxb-runtime\4.0.3\jaxb-runtime-4.0.3.jar;C:\Users\ADMIN\.m2\repository\org\glassfish\jaxb\jaxb-core\4.0.3\jaxb-core-4.0.3.jar;C:\Users\ADMIN\.m2\repository\org\glassfish\jaxb\txw2\4.0.3\txw2-4.0.3.jar;C:\Users\ADMIN\.m2\repository\com\sun\istack\istack-commons-runtime\4.1.2\istack-commons-runtime-4.1.2.jar;C:\Users\ADMIN\.m2\repository\jakarta\inject\jakarta.inject-api\2.0.1\jakarta.inject-api-2.0.1.jar;C:\Users\ADMIN\.m2\repository\org\ant
Launcher Type: SUN_STANDARD

[Global flags]
     intx CICompilerCount                          = 3                                         {product} {ergonomic}
     uint ConcGCThreads                            = 1                                         {product} {ergonomic}
     uint G1ConcRefinementThreads                  = 4                                         {product} {ergonomic}
   size_t G1HeapRegionSize                         = 1048576                                   {product} {ergonomic}
    uintx GCDrainStackTargetSize                   = 64                                        {product} {ergonomic}
   size_t InitialHeapSize                          = 132120576                                 {product} {ergonomic}
   size_t MarkStackSize                            = 4194304                                   {product} {ergonomic}
   size_t MaxHeapSize                              = 2095054848                                {product} {ergonomic}
   size_t MaxNewSize                               = 1256194048                                {product} {ergonomic}
   size_t MinHeapDeltaBytes                        = 1048576                                   {product} {ergonomic}
   size_t MinHeapSize                              = 8388608                                   {product} {ergonomic}
    uintx NonNMethodCodeHeapSize                   = 5832780                                {pd product} {ergonomic}
    uintx NonProfiledCodeHeapSize                  = 122912730                              {pd product} {ergonomic}
    uintx ProfiledCodeHeapSize                     = 122912730                              {pd product} {ergonomic}
    uintx ReservedCodeCacheSize                    = 251658240                              {pd product} {ergonomic}
     bool SegmentedCodeCache                       = true                                      {product} {ergonomic}
   size_t SoftMaxHeapSize                          = 2095054848                             {manageable} {ergonomic}
     bool UseCompressedClassPointers               = true                           {product lp64_product} {ergonomic}
     bool UseCompressedOops                        = true                           {product lp64_product} {ergonomic}
     bool UseG1GC                                  = true                                      {product} {ergonomic}
     bool UseLargePagesIndividualAllocation        = false                                  {pd product} {ergonomic}

Logging:
Log output configuration:
 #0: stdout all=warning uptime,level,tags
 #1: stderr all=off uptime,level,tags

Environment Variables:
JAVA_HOME=C:\Program Files\Java\jdk-22
PATH=C:\Program Files\Python312\Scripts\;C:\Program Files\Python312\;F:\VM Ware\bin\;C:\Program Files\Common Files\Oracle\Java\javapath;C:\WINDOWS\system32;C:\WINDOWS;C:\WINDOWS\System32\Wbem;C:\WINDOWS\System32\WindowsPowerShell\v1.0\;C:\WINDOWS\System32\OpenSSH\;C:\MinGW\bin;C:\Program Files\Microsoft SQL Server\Client SDK\ODBC\170\Tools\Binn\;C:\Program Files (x86)\Microsoft SQL Server\150\Tools\Binn\;C:\Program Files\Microsoft SQL Server\150\Tools\Binn\;C:\Program Files\Microsoft SQL Server\150\DTS\Binn\;C:\Program Files (x86)\Microsoft SQL Server\150\DTS\Binn\;C:\xampp\php\;C:\Program Files\Git\cmd;C:\Users\ADMIN\AppData\Local\Android\Sdk\platform-tools;C:\Users\ADMIN\AppData\Local\Android\Sdk;C:\Users\ADMIN\AppData\Local\Android\Sdk\build-tools\34.0.0;C:\Program Files\nodejs\;C:\Program Files\Java\jdk-22\bin;;C:\Program Files\dotnet\;C:\Program Files (x86)\Windows Kits\10\Windows Performance Toolkit\;C:\Program Files\Go\bin;C:\Program Files\WireGuard\;C:\Users\ADMIN\AppData\Local\Programs\Python\Python311\Scripts\;C:\Users\ADMIN\AppData\Local\Programs\Python\Python311\;C:\Users\ADMIN\AppData\Local\Microsoft\WindowsApps;C:\Program Files\JetBrains\CLion 2021.3\bin;;C:\Users\ADMIN\AppData\Local\Programs\Microsoft VS Code\bin;C:\MinGW\bin;C:\Program Files\Azure Data Studio\bin;C:\Users\ADMIN\.dotnet\tools;;C:\Users\ADMIN\AppData\Local\Programs\Fiddler;F:\Fiddler;C:\Users\ADMIN\AppData\Roaming\npm;C:\Users\ADMIN\.dotnet\tools;C:\Users\ADMIN\go\bin;C:\Program Files\JetBrains\IntelliJ IDEA 2024.3.3\bin;
USERNAME=ADMIN
OS=Windows_NT
PROCESSOR_IDENTIFIER=Intel64 Family 6 Model 140 Stepping 1, GenuineIntel



---------------  S Y S T E M  ---------------

OS:
 Windows 11 , 64 bit Build 22621 (10.0.22621.5124)
OS uptime: 12 days 6:14 hours

CPU: total 4 (initial active 4) (2 cores per cpu, 2 threads per core) family 6 model 140 stepping 1 microcode 0x9a, cx8, cmov, fxsr, ht, mmx, 3dnowpref, sse, sse2, sse3, ssse3, sse4.1, sse4.2, popcnt, lzcnt, tsc, tscinvbit, avx, avx2, aes, erms, clmul, bmi1, bmi2, adx, avx512f, avx512dq, avx512cd, avx512bw, avx512vl, sha, fma, vzeroupper, avx512_vpopcntdq, avx512_vpclmulqdq, avx512_vaes, avx512_vnni, clflush, clflushopt, clwb, avx512_vbmi2, avx512_vbmi

Memory: 4k page, system-wide physical 7991M (843M free)
TotalPageFile size 32567M (AvailPageFile size 5M)
current process WorkingSet (physical memory assigned to process): 454M, peak: 454M
current process commit charge ("private bytes"): 496M, peak: 497M

vm_info: Java HotSpot(TM) 64-Bit Server VM (17.0.12+8-LTS-286) for windows-amd64 JRE (17.0.12+8-LTS-286), built on Jun  5 2024 06:46:59 by "mach5one" with MS VC++ 17.6 (VS2022)

END.
