#
# There is insufficient memory for the Java Runtime Environment to continue.
# Native memory allocation (malloc) failed to allocate 1096848 bytes for Chunk::new
# Possible reasons:
#   The system is out of physical RAM or swap space
#   The process is running with CompressedOops enabled, and the Java Heap may be blocking the growth of the native heap
# Possible solutions:
#   Reduce memory load on the system
#   Increase physical memory or swap space
#   Check if swap backing store is full
#   Decrease Java heap size (-Xmx/-Xms)
#   Decrease number of Java threads
#   Decrease Java thread stack sizes (-Xss)
#   Set larger code cache with -XX:ReservedCodeCacheSize=
#   JVM is running with Unscaled Compressed Oops mode in which the Java heap is
#     placed in the first 4GB address space. The Java Heap base address is the
#     maximum limit for the native heap growth. Please use -XX:HeapBaseMinAddress
#     to set the Java Heap base and to place the Java Heap above 4GB virtual address.
# This output file may be truncated or incomplete.
#
#  Out of Memory Error (arena.cpp:189), pid=37756, tid=63452
#
# JRE version: Java(TM) SE Runtime Environment (17.0.12+8) (build 17.0.12+8-LTS-286)
# Java VM: Java HotSpot(TM) 64-Bit Server VM (17.0.12+8-LTS-286, mixed mode, sharing, tiered, compressed oops, compressed class ptrs, g1 gc, windows-amd64)
# No core dump will be written. Minidumps are not enabled by default on client versions of Windows
#

---------------  S U M M A R Y ------------

Command Line: -javaagent:C:\Program Files\JetBrains\IntelliJ IDEA 2024.3.3\lib\idea_rt.jar=52667:C:\Program Files\JetBrains\IntelliJ IDEA 2024.3.3\bin -Dfile.encoding=UTF-8 com.poly.beeshoes.Application

Host: 11th Gen Intel(R) Core(TM) i3-1115G4 @ 3.00GHz, 4 cores, 7G,  Windows 11 , 64 bit Build 22621 (10.0.22621.5124)
Time: Wed Apr 23 14:52:15 2025 SE Asia Standard Time elapsed time: 942.661789 seconds (0d 0h 15m 42s)

---------------  T H R E A D  ---------------

Current thread (0x000001cbceb8fc60):  JavaThread "C2 CompilerThread0" daemon [_thread_in_native, id=63452, stack(0x000000774f100000,0x000000774f200000)]


Current CompileTask:
C2: 942662 15421       4       javax.management.ObjectName::construct (1135 bytes)

Stack: [0x000000774f100000,0x000000774f200000]
Native frames: (J=compiled Java code, j=interpreted, Vv=VM code, C=native code)
V  [jvm.dll+0x67a04a]
V  [jvm.dll+0x7da4ed]
V  [jvm.dll+0x7dbe33]
V  [jvm.dll+0x7dc4a3]
V  [jvm.dll+0x24508f]
V  [jvm.dll+0xab773]
V  [jvm.dll+0xabd3c]
V  [jvm.dll+0x361bee]
V  [jvm.dll+0x32c431]
V  [jvm.dll+0x32b8ca]
V  [jvm.dll+0x21683f]
V  [jvm.dll+0x215c6f]
V  [jvm.dll+0x1a2960]
V  [jvm.dll+0x22610b]
V  [jvm.dll+0x2242ab]
V  [jvm.dll+0x79075c]
V  [jvm.dll+0x78abea]
V  [jvm.dll+0x678f35]
C  [ucrtbase.dll+0x29333]
C  [KERNEL32.DLL+0x1259d]
C  [ntdll.dll+0x5af38]


---------------  P R O C E S S  ---------------

Threads class SMR info:
_java_thread_list=0x000001cc17d2c600, length=37, elements={
0x000001cbceb74290, 0x000001cbceb76060, 0x000001cbceb8a520, 0x000001cbceb8be00,
0x000001cbceb8e6e0, 0x000001cbceb8efb0, 0x000001cbceb8fc60, 0x000001cbceb91dd0,
0x000001cc14000080, 0x000001cc14098d80, 0x000001cc14713fd0, 0x000001cc147190d0,
0x000001cc143fc660, 0x000001cc14f6f630, 0x000001cc14fbae60, 0x000001cc14ff6ec0,
0x000001cc14ff8d20, 0x000001cc18fa34a0, 0x000001cc18fa7670, 0x000001cc18fa7b80,
0x000001cc18fa8090, 0x000001cc18fa85a0, 0x000001cc18fa94d0, 0x000001cc18fa8ab0,
0x000001cc18fa3ec0, 0x000001cc18fa2570, 0x000001cc18fa6740, 0x000001cc18fa5d20,
0x000001cc18fa99e0, 0x000001cc18fa2a80, 0x000001cc18fa5810, 0x000001cc18fa4df0,
0x000001cc18fa43d0, 0x000001cc18fa5300, 0x000001cc14ff78e0, 0x000001cc14ff9230,
0x000001cc15dfb140
}

Java Threads: ( => current thread )
  0x000001cbceb74290 JavaThread "Reference Handler" daemon [_thread_blocked, id=19464, stack(0x000000774eb00000,0x000000774ec00000)]
  0x000001cbceb76060 JavaThread "Finalizer" daemon [_thread_blocked, id=41808, stack(0x000000774ec00000,0x000000774ed00000)]
  0x000001cbceb8a520 JavaThread "Signal Dispatcher" daemon [_thread_blocked, id=66516, stack(0x000000774ed00000,0x000000774ee00000)]
  0x000001cbceb8be00 JavaThread "Attach Listener" daemon [_thread_blocked, id=66376, stack(0x000000774ee00000,0x000000774ef00000)]
  0x000001cbceb8e6e0 JavaThread "Service Thread" daemon [_thread_blocked, id=22952, stack(0x000000774ef00000,0x000000774f000000)]
  0x000001cbceb8efb0 JavaThread "Monitor Deflation Thread" daemon [_thread_blocked, id=61240, stack(0x000000774f000000,0x000000774f100000)]
=>0x000001cbceb8fc60 JavaThread "C2 CompilerThread0" daemon [_thread_in_native, id=63452, stack(0x000000774f100000,0x000000774f200000)]
  0x000001cbceb91dd0 JavaThread "C1 CompilerThread0" daemon [_thread_blocked, id=14176, stack(0x000000774f200000,0x000000774f300000)]
  0x000001cc14000080 JavaThread "Sweeper thread" daemon [_thread_blocked, id=65312, stack(0x000000774f300000,0x000000774f400000)]
  0x000001cc14098d80 JavaThread "Common-Cleaner" daemon [_thread_blocked, id=14584, stack(0x000000774f400000,0x000000774f500000)]
  0x000001cc14713fd0 JavaThread "Monitor Ctrl-Break" daemon [_thread_in_native, id=8332, stack(0x000000774f500000,0x000000774f600000)]
  0x000001cc147190d0 JavaThread "Notification Thread" daemon [_thread_blocked, id=43092, stack(0x000000774f600000,0x000000774f700000)]
  0x000001cc143fc660 JavaThread "RMI TCP Accept-0" daemon [_thread_in_native, id=58132, stack(0x000000774fc00000,0x000000774fd00000)]
  0x000001cc14f6f630 JavaThread "RMI Scheduler(0)" daemon [_thread_blocked, id=66112, stack(0x000000774fe00000,0x000000774ff00000)]
  0x000001cc14fbae60 JavaThread "JMX server connection timeout 19" daemon [_thread_blocked, id=1828, stack(0x000000774ff00000,0x0000007750000000)]
  0x000001cc14ff6ec0 JavaThread "mysql-cj-abandoned-connection-cleanup" daemon [_thread_blocked, id=62340, stack(0x0000007750200000,0x0000007750300000)]
  0x000001cc14ff8d20 JavaThread "HikariPool-1 housekeeper" daemon [_thread_blocked, id=17908, stack(0x0000007750500000,0x0000007750600000)]
  0x000001cc18fa34a0 JavaThread "Catalina-utility-1" [_thread_blocked, id=33284, stack(0x0000007750300000,0x0000007750400000)]
  0x000001cc18fa7670 JavaThread "Catalina-utility-2" [_thread_blocked, id=19660, stack(0x0000007750600000,0x0000007750700000)]
  0x000001cc18fa7b80 JavaThread "container-0" [_thread_blocked, id=27608, stack(0x0000007750700000,0x0000007750800000)]
  0x000001cc18fa8090 JavaThread "File Watcher" daemon [_thread_blocked, id=37032, stack(0x0000007750800000,0x0000007750900000)]
  0x000001cc18fa85a0 JavaThread "Live Reload Server" daemon [_thread_in_native, id=43456, stack(0x0000007750a00000,0x0000007750b00000)]
  0x000001cc18fa94d0 JavaThread "http-nio-8080-exec-1" daemon [_thread_blocked, id=34704, stack(0x0000007750900000,0x0000007750a00000)]
  0x000001cc18fa8ab0 JavaThread "http-nio-8080-exec-2" daemon [_thread_blocked, id=28652, stack(0x0000007750b00000,0x0000007750c00000)]
  0x000001cc18fa3ec0 JavaThread "http-nio-8080-exec-3" daemon [_thread_blocked, id=45300, stack(0x0000007750c00000,0x0000007750d00000)]
  0x000001cc18fa2570 JavaThread "http-nio-8080-exec-4" daemon [_thread_blocked, id=13248, stack(0x0000007750d00000,0x0000007750e00000)]
  0x000001cc18fa6740 JavaThread "http-nio-8080-exec-5" daemon [_thread_blocked, id=52948, stack(0x0000007750e00000,0x0000007750f00000)]
  0x000001cc18fa5d20 JavaThread "http-nio-8080-exec-6" daemon [_thread_blocked, id=4796, stack(0x0000007750f00000,0x0000007751000000)]
  0x000001cc18fa99e0 JavaThread "http-nio-8080-exec-7" daemon [_thread_blocked, id=56444, stack(0x0000007751000000,0x0000007751100000)]
  0x000001cc18fa2a80 JavaThread "http-nio-8080-exec-8" daemon [_thread_blocked, id=48784, stack(0x0000007751100000,0x0000007751200000)]
  0x000001cc18fa5810 JavaThread "http-nio-8080-exec-9" daemon [_thread_blocked, id=7644, stack(0x0000007751200000,0x0000007751300000)]
  0x000001cc18fa4df0 JavaThread "http-nio-8080-exec-10" daemon [_thread_blocked, id=49428, stack(0x0000007751300000,0x0000007751400000)]
  0x000001cc18fa43d0 JavaThread "http-nio-8080-Poller" daemon [_thread_in_native, id=63288, stack(0x0000007751400000,0x0000007751500000)]
  0x000001cc18fa5300 JavaThread "http-nio-8080-Acceptor" daemon [_thread_in_native, id=6700, stack(0x0000007751500000,0x0000007751600000)]
  0x000001cc14ff78e0 JavaThread "scheduling-1" [_thread_blocked, id=15796, stack(0x0000007751700000,0x0000007751800000)]
  0x000001cc14ff9230 JavaThread "DestroyJavaVM" [_thread_blocked, id=43392, stack(0x000000774e400000,0x000000774e500000)]
  0x000001cc15dfb140 JavaThread "RMI TCP Connection(2)-10.1.8.35" daemon [_thread_in_native, id=20156, stack(0x000000774e300000,0x000000774e400000)]

Other Threads:
  0x000001cbceb70150 VMThread "VM Thread" [stack: 0x000000774ea00000,0x000000774eb00000] [id=18336]
  0x000001cc1471b5c0 WatcherThread [stack: 0x000000774f700000,0x000000774f800000] [id=44704]
  0x000001cbb1430cb0 GCTaskThread "GC Thread#0" [stack: 0x000000774e500000,0x000000774e600000] [id=30316]
  0x000001cc1486d580 GCTaskThread "GC Thread#1" [stack: 0x000000774f800000,0x000000774f900000] [id=49344]
  0x000001cc1480f660 GCTaskThread "GC Thread#2" [stack: 0x000000774f900000,0x000000774fa00000] [id=46140]
  0x000001cc14861320 GCTaskThread "GC Thread#3" [stack: 0x000000774fa00000,0x000000774fb00000] [id=52792]
  0x000001cbb14424d0 ConcurrentGCThread "G1 Main Marker" [stack: 0x000000774e600000,0x000000774e700000] [id=61380]
  0x000001cbb1442de0 ConcurrentGCThread "G1 Conc#0" [stack: 0x000000774e700000,0x000000774e800000] [id=54788]
  0x000001cbcea324c0 ConcurrentGCThread "G1 Refine#0" [stack: 0x000000774e800000,0x000000774e900000] [id=37780]
  0x000001cc147209c0 ConcurrentGCThread "G1 Refine#1" [stack: 0x000000774fb00000,0x000000774fc00000] [id=44628]
  0x000001cbcea32df0 ConcurrentGCThread "G1 Service" [stack: 0x000000774e900000,0x000000774ea00000] [id=24648]

Threads with active compile tasks:
C2 CompilerThread0   942693 15421       4       javax.management.ObjectName::construct (1135 bytes)

VM state: not at safepoint (normal execution)

VM Mutex/Monitor currently owned by a thread: None

Heap address: 0x0000000083200000, size: 1998 MB, Compressed Oops mode: 32-bit

CDS archive(s) mapped at: [0x000001cbcf000000-0x000001cbcfbd0000-0x000001cbcfbd0000), size 12386304, SharedBaseAddress: 0x000001cbcf000000, ArchiveRelocationMode: 1.
Compressed class space mapped at: 0x000001cbd0000000-0x000001cc10000000, reserved size: 1073741824
Narrow klass base: 0x000001cbcf000000, Narrow klass shift: 0, Narrow klass range: 0x100000000

GC Precious Log:
 CPUs: 4 total, 4 available
 Memory: 7991M
 Large Page Support: Disabled
 NUMA Support: Disabled
 Compressed Oops: Enabled (32-bit)
 Heap Region Size: 1M
 Heap Min Capacity: 8M
 Heap Initial Capacity: 126M
 Heap Max Capacity: 1998M
 Pre-touch: Disabled
 Parallel Workers: 4
 Concurrent Workers: 1
 Concurrent Refinement Workers: 4
 Periodic GC: Disabled

Heap:
 garbage-first heap   total 163840K, used 53452K [0x0000000083200000, 0x0000000100000000)
  region size 1024K, 6 young (6144K), 4 survivors (4096K)
 Metaspace       used 90900K, committed 91712K, reserved 1179648K
  class space    used 11997K, committed 12416K, reserved 1048576K

Heap Regions: E=young(eden), S=young(survivor), O=old, HS=humongous(starts), HC=humongous(continues), CS=collection set, F=free, OA=open archive, CA=closed archive, TAMS=top-at-mark-start (previous, next)
|   0|0x0000000083200000, 0x0000000083300000, 0x0000000083300000|100%|HS|  |TAMS 0x0000000083300000, 0x0000000083200000| Complete 
|   1|0x0000000083300000, 0x0000000083400000, 0x0000000083400000|100%| O|  |TAMS 0x0000000083400000, 0x0000000083300000| Untracked 
|   2|0x0000000083400000, 0x0000000083500000, 0x0000000083500000|100%| O|  |TAMS 0x0000000083500000, 0x0000000083400000| Untracked 
|   3|0x0000000083500000, 0x0000000083600000, 0x0000000083600000|100%| O|  |TAMS 0x0000000083600000, 0x0000000083500000| Untracked 
|   4|0x0000000083600000, 0x0000000083700000, 0x0000000083700000|100%| O|  |TAMS 0x0000000083700000, 0x0000000083600000| Untracked 
|   5|0x0000000083700000, 0x0000000083800000, 0x0000000083800000|100%| O|  |TAMS 0x0000000083800000, 0x0000000083700000| Untracked 
|   6|0x0000000083800000, 0x0000000083900000, 0x0000000083900000|100%| O|  |TAMS 0x0000000083900000, 0x0000000083800000| Untracked 
|   7|0x0000000083900000, 0x00000000839e6e00, 0x0000000083a00000| 90%| O|  |TAMS 0x00000000839e6e00, 0x0000000083900000| Untracked 
|   8|0x0000000083a00000, 0x0000000083b00000, 0x0000000083b00000|100%| O|  |TAMS 0x0000000083b00000, 0x0000000083a00000| Untracked 
|   9|0x0000000083b00000, 0x0000000083c00000, 0x0000000083c00000|100%| O|  |TAMS 0x0000000083c00000, 0x0000000083b00000| Untracked 
|  10|0x0000000083c00000, 0x0000000083d00000, 0x0000000083d00000|100%| O|  |TAMS 0x0000000083d00000, 0x0000000083c00000| Untracked 
|  11|0x0000000083d00000, 0x0000000083e00000, 0x0000000083e00000|100%| O|  |TAMS 0x0000000083e00000, 0x0000000083d00000| Untracked 
|  12|0x0000000083e00000, 0x0000000083f00000, 0x0000000083f00000|100%| O|  |TAMS 0x0000000083f00000, 0x0000000083e00000| Untracked 
|  13|0x0000000083f00000, 0x0000000084000000, 0x0000000084000000|100%| O|  |TAMS 0x0000000084000000, 0x0000000083f00000| Untracked 
|  14|0x0000000084000000, 0x0000000084100000, 0x0000000084100000|100%| O|  |TAMS 0x0000000084100000, 0x0000000084000000| Untracked 
|  15|0x0000000084100000, 0x0000000084200000, 0x0000000084200000|100%| O|  |TAMS 0x0000000084200000, 0x0000000084100000| Untracked 
|  16|0x0000000084200000, 0x0000000084300000, 0x0000000084300000|100%| O|  |TAMS 0x0000000084300000, 0x0000000084200000| Untracked 
|  17|0x0000000084300000, 0x0000000084400000, 0x0000000084400000|100%| O|  |TAMS 0x0000000084400000, 0x0000000084300000| Untracked 
|  18|0x0000000084400000, 0x0000000084500000, 0x0000000084500000|100%| O|  |TAMS 0x0000000084500000, 0x0000000084400000| Untracked 
|  19|0x0000000084500000, 0x0000000084600000, 0x0000000084600000|100%| O|  |TAMS 0x0000000084600000, 0x0000000084500000| Untracked 
|  20|0x0000000084600000, 0x0000000084700000, 0x0000000084700000|100%| O|  |TAMS 0x0000000084700000, 0x0000000084600000| Untracked 
|  21|0x0000000084700000, 0x0000000084800000, 0x0000000084800000|100%| O|  |TAMS 0x0000000084800000, 0x0000000084700000| Untracked 
|  22|0x0000000084800000, 0x0000000084900000, 0x0000000084900000|100%| O|  |TAMS 0x0000000084900000, 0x0000000084800000| Untracked 
|  23|0x0000000084900000, 0x0000000084a00000, 0x0000000084a00000|100%| O|  |TAMS 0x0000000084a00000, 0x0000000084900000| Untracked 
|  24|0x0000000084a00000, 0x0000000084b00000, 0x0000000084b00000|100%| O|  |TAMS 0x0000000084b00000, 0x0000000084a00000| Untracked 
|  25|0x0000000084b00000, 0x0000000084c00000, 0x0000000084c00000|100%| O|  |TAMS 0x0000000084c00000, 0x0000000084b00000| Untracked 
|  26|0x0000000084c00000, 0x0000000084d00000, 0x0000000084d00000|100%| O|  |TAMS 0x0000000084d00000, 0x0000000084c00000| Untracked 
|  27|0x0000000084d00000, 0x0000000084e00000, 0x0000000084e00000|100%| O|  |TAMS 0x0000000084e00000, 0x0000000084d00000| Untracked 
|  28|0x0000000084e00000, 0x0000000084f00000, 0x0000000084f00000|100%| O|  |TAMS 0x0000000084f00000, 0x0000000084e00000| Untracked 
|  29|0x0000000084f00000, 0x0000000085000000, 0x0000000085000000|100%| O|  |TAMS 0x0000000085000000, 0x0000000084f00000| Untracked 
|  30|0x0000000085000000, 0x0000000085100000, 0x0000000085100000|100%| O|  |TAMS 0x0000000085100000, 0x0000000085000000| Untracked 
|  31|0x0000000085100000, 0x0000000085200000, 0x0000000085200000|100%| O|  |TAMS 0x0000000085200000, 0x0000000085100000| Untracked 
|  32|0x0000000085200000, 0x0000000085300000, 0x0000000085300000|100%| O|  |TAMS 0x0000000085300000, 0x0000000085200000| Untracked 
|  33|0x0000000085300000, 0x0000000085400000, 0x0000000085400000|100%| O|  |TAMS 0x0000000085400000, 0x0000000085300000| Untracked 
|  34|0x0000000085400000, 0x0000000085500000, 0x0000000085500000|100%| O|  |TAMS 0x0000000085500000, 0x0000000085400000| Untracked 
|  35|0x0000000085500000, 0x0000000085600000, 0x0000000085600000|100%| O|  |TAMS 0x0000000085600000, 0x0000000085500000| Untracked 
|  36|0x0000000085600000, 0x0000000085700000, 0x0000000085700000|100%| O|  |TAMS 0x0000000085700000, 0x0000000085600000| Untracked 
|  37|0x0000000085700000, 0x0000000085800000, 0x0000000085800000|100%| O|  |TAMS 0x0000000085700000, 0x0000000085700000| Untracked 
|  38|0x0000000085800000, 0x0000000085900000, 0x0000000085900000|100%| O|  |TAMS 0x0000000085900000, 0x0000000085800000| Untracked 
|  39|0x0000000085900000, 0x0000000085a00000, 0x0000000085a00000|100%| O|  |TAMS 0x0000000085a00000, 0x0000000085900000| Untracked 
|  40|0x0000000085a00000, 0x0000000085b00000, 0x0000000085b00000|100%| O|  |TAMS 0x0000000085b00000, 0x0000000085a00000| Untracked 
|  41|0x0000000085b00000, 0x0000000085c00000, 0x0000000085c00000|100%| O|  |TAMS 0x0000000085c00000, 0x0000000085b00000| Untracked 
|  42|0x0000000085c00000, 0x0000000085c00000, 0x0000000085d00000|  0%| F|  |TAMS 0x0000000085c00000, 0x0000000085c00000| Untracked 
|  43|0x0000000085d00000, 0x0000000085e00000, 0x0000000085e00000|100%| O|  |TAMS 0x0000000085d00000, 0x0000000085d00000| Untracked 
|  44|0x0000000085e00000, 0x0000000085f00000, 0x0000000085f00000|100%| O|  |TAMS 0x0000000085e00000, 0x0000000085e00000| Untracked 
|  45|0x0000000085f00000, 0x0000000086000000, 0x0000000086000000|100%| O|  |TAMS 0x0000000085f00000, 0x0000000085f00000| Untracked 
|  46|0x0000000086000000, 0x0000000086100000, 0x0000000086100000|100%| O|  |TAMS 0x0000000086000000, 0x0000000086000000| Untracked 
|  47|0x0000000086100000, 0x0000000086200000, 0x0000000086200000|100%| O|  |TAMS 0x0000000086100000, 0x0000000086100000| Untracked 
|  48|0x0000000086200000, 0x000000008624c200, 0x0000000086300000| 29%| O|  |TAMS 0x0000000086200000, 0x0000000086200000| Untracked 
|  49|0x0000000086300000, 0x0000000086300000, 0x0000000086400000|  0%| F|  |TAMS 0x0000000086300000, 0x0000000086300000| Untracked 
|  50|0x0000000086400000, 0x0000000086400000, 0x0000000086500000|  0%| F|  |TAMS 0x0000000086400000, 0x0000000086400000| Untracked 
|  51|0x0000000086500000, 0x0000000086500000, 0x0000000086600000|  0%| F|  |TAMS 0x0000000086500000, 0x0000000086500000| Untracked 
|  52|0x0000000086600000, 0x0000000086600000, 0x0000000086700000|  0%| F|  |TAMS 0x0000000086600000, 0x0000000086600000| Untracked 
|  53|0x0000000086700000, 0x0000000086700000, 0x0000000086800000|  0%| F|  |TAMS 0x0000000086700000, 0x0000000086700000| Untracked 
|  54|0x0000000086800000, 0x0000000086800000, 0x0000000086900000|  0%| F|  |TAMS 0x0000000086800000, 0x0000000086800000| Untracked 
|  55|0x0000000086900000, 0x0000000086900000, 0x0000000086a00000|  0%| F|  |TAMS 0x0000000086900000, 0x0000000086900000| Untracked 
|  56|0x0000000086a00000, 0x0000000086a00000, 0x0000000086b00000|  0%| F|  |TAMS 0x0000000086a00000, 0x0000000086a00000| Untracked 
|  57|0x0000000086b00000, 0x0000000086b00000, 0x0000000086c00000|  0%| F|  |TAMS 0x0000000086b00000, 0x0000000086b00000| Untracked 
|  58|0x0000000086c00000, 0x0000000086c00000, 0x0000000086d00000|  0%| F|  |TAMS 0x0000000086c00000, 0x0000000086c00000| Untracked 
|  59|0x0000000086d00000, 0x0000000086d00000, 0x0000000086e00000|  0%| F|  |TAMS 0x0000000086d00000, 0x0000000086d00000| Untracked 
|  60|0x0000000086e00000, 0x0000000086e00000, 0x0000000086f00000|  0%| F|  |TAMS 0x0000000086e00000, 0x0000000086e00000| Untracked 
|  61|0x0000000086f00000, 0x0000000086f00000, 0x0000000087000000|  0%| F|  |TAMS 0x0000000086f00000, 0x0000000086f00000| Untracked 
|  62|0x0000000087000000, 0x0000000087000000, 0x0000000087100000|  0%| F|  |TAMS 0x0000000087000000, 0x0000000087000000| Untracked 
|  63|0x0000000087100000, 0x0000000087100000, 0x0000000087200000|  0%| F|  |TAMS 0x0000000087100000, 0x0000000087100000| Untracked 
|  64|0x0000000087200000, 0x0000000087200000, 0x0000000087300000|  0%| F|  |TAMS 0x0000000087200000, 0x0000000087200000| Untracked 
|  65|0x0000000087300000, 0x0000000087300000, 0x0000000087400000|  0%| F|  |TAMS 0x0000000087300000, 0x0000000087300000| Untracked 
|  66|0x0000000087400000, 0x0000000087400000, 0x0000000087500000|  0%| F|  |TAMS 0x0000000087400000, 0x0000000087400000| Untracked 
|  67|0x0000000087500000, 0x0000000087600000, 0x0000000087600000|100%| S|CS|TAMS 0x0000000087500000, 0x0000000087500000| Complete 
|  68|0x0000000087600000, 0x0000000087600000, 0x0000000087700000|  0%| F|  |TAMS 0x0000000087600000, 0x0000000087600000| Untracked 
|  69|0x0000000087700000, 0x0000000087700000, 0x0000000087800000|  0%| F|  |TAMS 0x0000000087700000, 0x0000000087700000| Untracked 
|  70|0x0000000087800000, 0x0000000087900000, 0x0000000087900000|100%| S|CS|TAMS 0x0000000087800000, 0x0000000087800000| Complete 
|  71|0x0000000087900000, 0x0000000087a00000, 0x0000000087a00000|100%| S|CS|TAMS 0x0000000087900000, 0x0000000087900000| Complete 
|  72|0x0000000087a00000, 0x0000000087b00000, 0x0000000087b00000|100%| S|CS|TAMS 0x0000000087a00000, 0x0000000087a00000| Complete 
|  73|0x0000000087b00000, 0x0000000087b00000, 0x0000000087c00000|  0%| F|  |TAMS 0x0000000087b00000, 0x0000000087b00000| Untracked 
|  74|0x0000000087c00000, 0x0000000087c00000, 0x0000000087d00000|  0%| F|  |TAMS 0x0000000087c00000, 0x0000000087c00000| Untracked 
|  75|0x0000000087d00000, 0x0000000087d00000, 0x0000000087e00000|  0%| F|  |TAMS 0x0000000087d00000, 0x0000000087d00000| Untracked 
|  76|0x0000000087e00000, 0x0000000087e00000, 0x0000000087f00000|  0%| F|  |TAMS 0x0000000087e00000, 0x0000000087e00000| Untracked 
|  77|0x0000000087f00000, 0x0000000087f00000, 0x0000000088000000|  0%| F|  |TAMS 0x0000000087f00000, 0x0000000087f00000| Untracked 
|  78|0x0000000088000000, 0x0000000088000000, 0x0000000088100000|  0%| F|  |TAMS 0x0000000088000000, 0x0000000088000000| Untracked 
|  79|0x0000000088100000, 0x0000000088100000, 0x0000000088200000|  0%| F|  |TAMS 0x0000000088100000, 0x0000000088100000| Untracked 
|  80|0x0000000088200000, 0x0000000088200000, 0x0000000088300000|  0%| F|  |TAMS 0x0000000088200000, 0x0000000088200000| Untracked 
|  81|0x0000000088300000, 0x0000000088300000, 0x0000000088400000|  0%| F|  |TAMS 0x0000000088300000, 0x0000000088300000| Untracked 
|  82|0x0000000088400000, 0x0000000088400000, 0x0000000088500000|  0%| F|  |TAMS 0x0000000088400000, 0x0000000088400000| Untracked 
|  83|0x0000000088500000, 0x0000000088500000, 0x0000000088600000|  0%| F|  |TAMS 0x0000000088500000, 0x0000000088500000| Untracked 
|  84|0x0000000088600000, 0x0000000088600000, 0x0000000088700000|  0%| F|  |TAMS 0x0000000088600000, 0x0000000088600000| Untracked 
|  85|0x0000000088700000, 0x0000000088700000, 0x0000000088800000|  0%| F|  |TAMS 0x0000000088700000, 0x0000000088700000| Untracked 
|  86|0x0000000088800000, 0x0000000088800000, 0x0000000088900000|  0%| F|  |TAMS 0x0000000088800000, 0x0000000088800000| Untracked 
|  87|0x0000000088900000, 0x0000000088900000, 0x0000000088a00000|  0%| F|  |TAMS 0x0000000088900000, 0x0000000088900000| Untracked 
|  88|0x0000000088a00000, 0x0000000088a00000, 0x0000000088b00000|  0%| F|  |TAMS 0x0000000088a00000, 0x0000000088a00000| Untracked 
|  89|0x0000000088b00000, 0x0000000088b00000, 0x0000000088c00000|  0%| F|  |TAMS 0x0000000088b00000, 0x0000000088b00000| Untracked 
|  90|0x0000000088c00000, 0x0000000088c00000, 0x0000000088d00000|  0%| F|  |TAMS 0x0000000088c00000, 0x0000000088c00000| Untracked 
|  91|0x0000000088d00000, 0x0000000088d00000, 0x0000000088e00000|  0%| F|  |TAMS 0x0000000088d00000, 0x0000000088d00000| Untracked 
|  92|0x0000000088e00000, 0x0000000088e00000, 0x0000000088f00000|  0%| F|  |TAMS 0x0000000088e00000, 0x0000000088e00000| Untracked 
|  93|0x0000000088f00000, 0x0000000088f00000, 0x0000000089000000|  0%| F|  |TAMS 0x0000000088f00000, 0x0000000088f00000| Untracked 
|  94|0x0000000089000000, 0x0000000089000000, 0x0000000089100000|  0%| F|  |TAMS 0x0000000089000000, 0x0000000089000000| Untracked 
|  95|0x0000000089100000, 0x0000000089100000, 0x0000000089200000|  0%| F|  |TAMS 0x0000000089100000, 0x0000000089100000| Untracked 
|  96|0x0000000089200000, 0x0000000089200000, 0x0000000089300000|  0%| F|  |TAMS 0x0000000089200000, 0x0000000089200000| Untracked 
|  97|0x0000000089300000, 0x0000000089300000, 0x0000000089400000|  0%| F|  |TAMS 0x0000000089300000, 0x0000000089300000| Untracked 
|  98|0x0000000089400000, 0x0000000089400000, 0x0000000089500000|  0%| F|  |TAMS 0x0000000089400000, 0x0000000089400000| Untracked 
|  99|0x0000000089500000, 0x0000000089500000, 0x0000000089600000|  0%| F|  |TAMS 0x0000000089500000, 0x0000000089500000| Untracked 
| 100|0x0000000089600000, 0x0000000089600000, 0x0000000089700000|  0%| F|  |TAMS 0x0000000089600000, 0x0000000089600000| Untracked 
| 101|0x0000000089700000, 0x0000000089700000, 0x0000000089800000|  0%| F|  |TAMS 0x0000000089700000, 0x0000000089700000| Untracked 
| 102|0x0000000089800000, 0x0000000089800000, 0x0000000089900000|  0%| F|  |TAMS 0x0000000089800000, 0x0000000089800000| Untracked 
| 103|0x0000000089900000, 0x0000000089900000, 0x0000000089a00000|  0%| F|  |TAMS 0x0000000089900000, 0x0000000089900000| Untracked 
| 104|0x0000000089a00000, 0x0000000089a00000, 0x0000000089b00000|  0%| F|  |TAMS 0x0000000089a00000, 0x0000000089a00000| Untracked 
| 105|0x0000000089b00000, 0x0000000089b00000, 0x0000000089c00000|  0%| F|  |TAMS 0x0000000089b00000, 0x0000000089b00000| Untracked 
| 106|0x0000000089c00000, 0x0000000089c00000, 0x0000000089d00000|  0%| F|  |TAMS 0x0000000089c00000, 0x0000000089c00000| Untracked 
| 107|0x0000000089d00000, 0x0000000089d00000, 0x0000000089e00000|  0%| F|  |TAMS 0x0000000089d00000, 0x0000000089d00000| Untracked 
| 108|0x0000000089e00000, 0x0000000089e00000, 0x0000000089f00000|  0%| F|  |TAMS 0x0000000089e00000, 0x0000000089e00000| Untracked 
| 109|0x0000000089f00000, 0x0000000089f00000, 0x000000008a000000|  0%| F|  |TAMS 0x0000000089f00000, 0x0000000089f00000| Untracked 
| 110|0x000000008a000000, 0x000000008a000000, 0x000000008a100000|  0%| F|  |TAMS 0x000000008a000000, 0x000000008a000000| Untracked 
| 111|0x000000008a100000, 0x000000008a100000, 0x000000008a200000|  0%| F|  |TAMS 0x000000008a100000, 0x000000008a100000| Untracked 
| 112|0x000000008a200000, 0x000000008a200000, 0x000000008a300000|  0%| F|  |TAMS 0x000000008a200000, 0x000000008a200000| Untracked 
| 113|0x000000008a300000, 0x000000008a300000, 0x000000008a400000|  0%| F|  |TAMS 0x000000008a300000, 0x000000008a300000| Untracked 
| 114|0x000000008a400000, 0x000000008a400000, 0x000000008a500000|  0%| F|  |TAMS 0x000000008a400000, 0x000000008a400000| Untracked 
| 115|0x000000008a500000, 0x000000008a500000, 0x000000008a600000|  0%| F|  |TAMS 0x000000008a500000, 0x000000008a500000| Untracked 
| 116|0x000000008a600000, 0x000000008a600000, 0x000000008a700000|  0%| F|  |TAMS 0x000000008a600000, 0x000000008a600000| Untracked 
| 117|0x000000008a700000, 0x000000008a700000, 0x000000008a800000|  0%| F|  |TAMS 0x000000008a700000, 0x000000008a700000| Untracked 
| 118|0x000000008a800000, 0x000000008a800000, 0x000000008a900000|  0%| F|  |TAMS 0x000000008a800000, 0x000000008a800000| Untracked 
| 119|0x000000008a900000, 0x000000008a900000, 0x000000008aa00000|  0%| F|  |TAMS 0x000000008a900000, 0x000000008a900000| Untracked 
| 120|0x000000008aa00000, 0x000000008aa00000, 0x000000008ab00000|  0%| F|  |TAMS 0x000000008aa00000, 0x000000008aa00000| Untracked 
| 121|0x000000008ab00000, 0x000000008ab00000, 0x000000008ac00000|  0%| F|  |TAMS 0x000000008ab00000, 0x000000008ab00000| Untracked 
| 122|0x000000008ac00000, 0x000000008ac00000, 0x000000008ad00000|  0%| F|  |TAMS 0x000000008ac00000, 0x000000008ac00000| Untracked 
| 123|0x000000008ad00000, 0x000000008ad00000, 0x000000008ae00000|  0%| F|  |TAMS 0x000000008ad00000, 0x000000008ad00000| Untracked 
| 124|0x000000008ae00000, 0x000000008ae00000, 0x000000008af00000|  0%| F|  |TAMS 0x000000008ae00000, 0x000000008ae00000| Untracked 
| 125|0x000000008af00000, 0x000000008af00000, 0x000000008b000000|  0%| F|  |TAMS 0x000000008af00000, 0x000000008af00000| Untracked 
| 126|0x000000008b000000, 0x000000008b000000, 0x000000008b100000|  0%| F|  |TAMS 0x000000008b000000, 0x000000008b000000| Untracked 
| 127|0x000000008b100000, 0x000000008b100000, 0x000000008b200000|  0%| F|  |TAMS 0x000000008b100000, 0x000000008b100000| Untracked 
| 128|0x000000008b200000, 0x000000008b200000, 0x000000008b300000|  0%| F|  |TAMS 0x000000008b200000, 0x000000008b200000| Untracked 
| 129|0x000000008b300000, 0x000000008b300000, 0x000000008b400000|  0%| F|  |TAMS 0x000000008b300000, 0x000000008b300000| Untracked 
| 130|0x000000008b400000, 0x000000008b400000, 0x000000008b500000|  0%| F|  |TAMS 0x000000008b400000, 0x000000008b400000| Untracked 
| 131|0x000000008b500000, 0x000000008b500000, 0x000000008b600000|  0%| F|  |TAMS 0x000000008b500000, 0x000000008b500000| Untracked 
| 132|0x000000008b600000, 0x000000008b600000, 0x000000008b700000|  0%| F|  |TAMS 0x000000008b600000, 0x000000008b600000| Untracked 
| 133|0x000000008b700000, 0x000000008b700000, 0x000000008b800000|  0%| F|  |TAMS 0x000000008b700000, 0x000000008b700000| Untracked 
| 134|0x000000008b800000, 0x000000008b800000, 0x000000008b900000|  0%| F|  |TAMS 0x000000008b800000, 0x000000008b800000| Untracked 
| 135|0x000000008b900000, 0x000000008b900000, 0x000000008ba00000|  0%| F|  |TAMS 0x000000008b900000, 0x000000008b900000| Untracked 
| 136|0x000000008ba00000, 0x000000008ba00000, 0x000000008bb00000|  0%| F|  |TAMS 0x000000008ba00000, 0x000000008ba00000| Untracked 
| 137|0x000000008bb00000, 0x000000008bb00000, 0x000000008bc00000|  0%| F|  |TAMS 0x000000008bb00000, 0x000000008bb00000| Untracked 
| 138|0x000000008bc00000, 0x000000008bc00000, 0x000000008bd00000|  0%| F|  |TAMS 0x000000008bc00000, 0x000000008bc00000| Untracked 
| 139|0x000000008bd00000, 0x000000008bd00000, 0x000000008be00000|  0%| F|  |TAMS 0x000000008bd00000, 0x000000008bd00000| Untracked 
| 140|0x000000008be00000, 0x000000008be00000, 0x000000008bf00000|  0%| F|  |TAMS 0x000000008be00000, 0x000000008be00000| Untracked 
| 141|0x000000008bf00000, 0x000000008bf00000, 0x000000008c000000|  0%| F|  |TAMS 0x000000008bf00000, 0x000000008bf00000| Untracked 
| 142|0x000000008c000000, 0x000000008c000000, 0x000000008c100000|  0%| F|  |TAMS 0x000000008c000000, 0x000000008c000000| Untracked 
| 143|0x000000008c100000, 0x000000008c100000, 0x000000008c200000|  0%| F|  |TAMS 0x000000008c100000, 0x000000008c100000| Untracked 
| 144|0x000000008c200000, 0x000000008c200000, 0x000000008c300000|  0%| F|  |TAMS 0x000000008c200000, 0x000000008c200000| Untracked 
| 145|0x000000008c300000, 0x000000008c300000, 0x000000008c400000|  0%| F|  |TAMS 0x000000008c300000, 0x000000008c300000| Untracked 
| 146|0x000000008c400000, 0x000000008c400000, 0x000000008c500000|  0%| F|  |TAMS 0x000000008c400000, 0x000000008c400000| Untracked 
| 147|0x000000008c500000, 0x000000008c500000, 0x000000008c600000|  0%| F|  |TAMS 0x000000008c500000, 0x000000008c500000| Untracked 
| 148|0x000000008c600000, 0x000000008c600000, 0x000000008c700000|  0%| F|  |TAMS 0x000000008c600000, 0x000000008c600000| Untracked 
| 149|0x000000008c700000, 0x000000008c700000, 0x000000008c800000|  0%| F|  |TAMS 0x000000008c700000, 0x000000008c700000| Untracked 
| 150|0x000000008c800000, 0x000000008c800000, 0x000000008c900000|  0%| F|  |TAMS 0x000000008c800000, 0x000000008c800000| Untracked 
| 151|0x000000008c900000, 0x000000008c900000, 0x000000008ca00000|  0%| F|  |TAMS 0x000000008c900000, 0x000000008c900000| Untracked 
| 152|0x000000008ca00000, 0x000000008ca00000, 0x000000008cb00000|  0%| F|  |TAMS 0x000000008ca00000, 0x000000008ca00000| Untracked 
| 153|0x000000008cb00000, 0x000000008cb00000, 0x000000008cc00000|  0%| F|  |TAMS 0x000000008cb00000, 0x000000008cb00000| Untracked 
| 154|0x000000008cc00000, 0x000000008cc00000, 0x000000008cd00000|  0%| F|  |TAMS 0x000000008cc00000, 0x000000008cc00000| Untracked 
| 155|0x000000008cd00000, 0x000000008cd00000, 0x000000008ce00000|  0%| F|  |TAMS 0x000000008cd00000, 0x000000008cd00000| Untracked 
| 185|0x000000008eb00000, 0x000000008eb00000, 0x000000008ec00000|  0%| F|  |TAMS 0x000000008eb00000, 0x000000008eb00000| Untracked 
| 186|0x000000008ec00000, 0x000000008ec00000, 0x000000008ed00000|  0%| F|  |TAMS 0x000000008ec00000, 0x000000008ec00000| Untracked 
| 187|0x000000008ed00000, 0x000000008ed80800, 0x000000008ee00000| 50%| E|  |TAMS 0x000000008ed00000, 0x000000008ed00000| Complete 
| 188|0x000000008ee00000, 0x000000008ef00000, 0x000000008ef00000|100%| E|CS|TAMS 0x000000008ee00000, 0x000000008ee00000| Complete 

Card table byte_map: [0x000001cbc8070000,0x000001cbc8460000] _byte_map_base: 0x000001cbc7c57000

Marking Bits (Prev, Next): (CMBitMap*) 0x000001cbb1432220, (CMBitMap*) 0x000001cbb14321e0
 Prev Bits: [0x000001cbca790000, 0x000001cbcc6c8000)
 Next Bits: [0x000001cbc8850000, 0x000001cbca788000)

Polling page: 0x000001cbaf560000

Metaspace:

Usage:
  Non-class:     77.05 MB used.
      Class:     11.72 MB used.
       Both:     88.77 MB used.

Virtual space:
  Non-class space:      128.00 MB reserved,      77.44 MB ( 60%) committed,  2 nodes.
      Class space:        1.00 GB reserved,      12.12 MB (  1%) committed,  1 nodes.
             Both:        1.12 GB reserved,      89.56 MB (  8%) committed. 

Chunk freelists:
   Non-Class:  1.67 MB
       Class:  3.92 MB
        Both:  5.59 MB

MaxMetaspaceSize: unlimited
CompressedClassSpaceSize: 1.00 GB
Initial GC threshold: 21.00 MB
Current GC threshold: 122.81 MB
CDS: on
MetaspaceReclaimPolicy: balanced
 - commit_granule_bytes: 65536.
 - commit_granule_words: 8192.
 - virtual_space_node_default_size: 8388608.
 - enlarge_chunks_in_place: 1.
 - new_chunks_are_fully_committed: 0.
 - uncommit_free_chunks: 1.
 - use_allocation_guard: 0.
 - handle_deallocations: 1.


Internal statistics:

num_allocs_failed_limit: 6.
num_arena_births: 1226.
num_arena_deaths: 2.
num_vsnodes_births: 3.
num_vsnodes_deaths: 0.
num_space_committed: 1433.
num_space_uncommitted: 0.
num_chunks_returned_to_freelist: 9.
num_chunks_taken_from_freelist: 4675.
num_chunk_merges: 6.
num_chunk_splits: 3212.
num_chunks_enlarged: 2272.
num_inconsistent_stats: 0.

CodeHeap 'non-profiled nmethods': size=120000Kb used=8195Kb max_used=8195Kb free=111804Kb
 bounds [0x000001cbc0750000, 0x000001cbc0f60000, 0x000001cbc7c80000]
CodeHeap 'profiled nmethods': size=120000Kb used=27246Kb max_used=27246Kb free=92753Kb
 bounds [0x000001cbb8c80000, 0x000001cbba720000, 0x000001cbc01b0000]
CodeHeap 'non-nmethods': size=5760Kb used=1401Kb max_used=1475Kb free=4358Kb
 bounds [0x000001cbc01b0000, 0x000001cbc0420000, 0x000001cbc0750000]
 total_blobs=14036 nmethods=13312 adapters=635
 compilation: enabled
              stopped_count=0, restarted_count=0
 full_count=0

Compilation events (20 events):
Event: 921.763 Thread 0x000001cbceb91dd0 nmethod 15393 0x000001cbba718090 code [0x000001cbba7184a0, 0x000001cbba71ab38]
Event: 927.512 Thread 0x000001cbceb8fc60 15412   !   4       sun.security.ssl.SSLSocketInputRecord::bytesInCompletePacket (286 bytes)
Event: 927.539 Thread 0x000001cbceb8fc60 nmethod 15412 0x000001cbc0f4c910 code [0x000001cbc0f4caa0, 0x000001cbc0f4cc68]
Event: 927.539 Thread 0x000001cbceb8fc60 15413       4       sun.security.ssl.ProtocolVersion::isNegotiable (67 bytes)
Event: 927.540 Thread 0x000001cbceb8fc60 nmethod 15413 0x000001cbc0f4ce10 code [0x000001cbc0f4cf80, 0x000001cbc0f4d038]
Event: 931.290 Thread 0x000001cbceb8fc60 15414       4       java.io.ObjectInputStream$BlockDataInputStream::readInt (73 bytes)
Event: 931.293 Thread 0x000001cbceb8fc60 nmethod 15414 0x000001cbc0f4d110 code [0x000001cbc0f4d2a0, 0x000001cbc0f4d448]
Event: 931.332 Thread 0x000001cbceb8fc60 15415   !   4       jdk.internal.logger.LazyLoggers$LazyLoggerAccessor::wrapped (41 bytes)
Event: 931.335 Thread 0x000001cbceb8fc60 nmethod 15415 0x000001cbc0f4d610 code [0x000001cbc0f4d780, 0x000001cbc0f4d818]
Event: 932.377 Thread 0x000001cbceb8fc60 15416       4       java.io.ObjectInputStream::readShort (8 bytes)
Event: 932.384 Thread 0x000001cbceb8fc60 nmethod 15416 0x000001cbc0f4d910 code [0x000001cbc0f4dac0, 0x000001cbc0f4def8]
Event: 933.526 Thread 0x000001cbceb8fc60 15417   !   4       sun.security.ssl.SSLSocketOutputRecord::deliver (403 bytes)
Event: 933.565 Thread 0x000001cbceb8fc60 nmethod 15417 0x000001cbc0f4e390 code [0x000001cbc0f4e5c0, 0x000001cbc0f4fa10]
Event: 933.565 Thread 0x000001cbceb8fc60 15419       4       sun.security.ssl.OutputRecord::calculateFragmentSize (37 bytes)
Event: 933.566 Thread 0x000001cbceb8fc60 nmethod 15419 0x000001cbc0f50610 code [0x000001cbc0f507a0, 0x000001cbc0f50898]
Event: 933.566 Thread 0x000001cbceb8fc60 15418       4       sun.security.ssl.Authenticator$SSLAuthenticator::seqNumOverflow (85 bytes)
Event: 933.566 Thread 0x000001cbceb8fc60 nmethod 15418 0x000001cbc0f50990 code [0x000001cbc0f50b00, 0x000001cbc0f50bb8]
Event: 939.288 Thread 0x000001cbceb8fc60 15420       4       java.util.concurrent.ScheduledThreadPoolExecutor::canRunInCurrentRunState (61 bytes)
Event: 939.290 Thread 0x000001cbceb8fc60 nmethod 15420 0x000001cbc0f50c90 code [0x000001cbc0f50e00, 0x000001cbc0f50eb8]
Event: 942.593 Thread 0x000001cbceb8fc60 15421       4       javax.management.ObjectName::construct (1135 bytes)

GC Heap History (20 events):
Event: 20.267 GC heap before
{Heap before GC invocations=40 (full 0):
 garbage-first heap   total 86016K, used 70489K [0x0000000083200000, 0x0000000100000000)
  region size 1024K, 29 young (29696K), 1 survivors (1024K)
 Metaspace       used 74109K, committed 74688K, reserved 1114112K
  class space    used 10102K, committed 10368K, reserved 1048576K
}
Event: 20.270 GC heap after
{Heap after GC invocations=41 (full 0):
 garbage-first heap   total 86016K, used 42870K [0x0000000083200000, 0x0000000100000000)
  region size 1024K, 2 young (2048K), 2 survivors (2048K)
 Metaspace       used 74109K, committed 74688K, reserved 1114112K
  class space    used 10102K, committed 10368K, reserved 1048576K
}
Event: 20.274 GC heap before
{Heap before GC invocations=41 (full 0):
 garbage-first heap   total 86016K, used 44918K [0x0000000083200000, 0x0000000100000000)
  region size 1024K, 4 young (4096K), 2 survivors (2048K)
 Metaspace       used 74110K, committed 74688K, reserved 1114112K
  class space    used 10102K, committed 10368K, reserved 1048576K
}
Event: 20.277 GC heap after
{Heap after GC invocations=42 (full 0):
 garbage-first heap   total 86016K, used 42585K [0x0000000083200000, 0x0000000100000000)
  region size 1024K, 1 young (1024K), 1 survivors (1024K)
 Metaspace       used 74110K, committed 74688K, reserved 1114112K
  class space    used 10102K, committed 10368K, reserved 1048576K
}
Event: 20.734 GC heap before
{Heap before GC invocations=42 (full 0):
 garbage-first heap   total 86016K, used 70233K [0x0000000083200000, 0x0000000100000000)
  region size 1024K, 28 young (28672K), 1 survivors (1024K)
 Metaspace       used 74764K, committed 75456K, reserved 1114112K
  class space    used 10178K, committed 10560K, reserved 1048576K
}
Event: 20.738 GC heap after
{Heap after GC invocations=43 (full 0):
 garbage-first heap   total 193536K, used 43421K [0x0000000083200000, 0x0000000100000000)
  region size 1024K, 2 young (2048K), 2 survivors (2048K)
 Metaspace       used 74764K, committed 75456K, reserved 1114112K
  class space    used 10178K, committed 10560K, reserved 1048576K
}
Event: 29.788 GC heap before
{Heap before GC invocations=44 (full 0):
 garbage-first heap   total 163840K, used 139677K [0x0000000083200000, 0x0000000100000000)
  region size 1024K, 96 young (98304K), 2 survivors (2048K)
 Metaspace       used 81576K, committed 82240K, reserved 1179648K
  class space    used 11100K, committed 11392K, reserved 1048576K
}
Event: 29.797 GC heap after
{Heap after GC invocations=45 (full 0):
 garbage-first heap   total 163840K, used 48559K [0x0000000083200000, 0x0000000100000000)
  region size 1024K, 7 young (7168K), 7 survivors (7168K)
 Metaspace       used 81576K, committed 82240K, reserved 1179648K
  class space    used 11100K, committed 11392K, reserved 1048576K
}
Event: 32.791 GC heap before
{Heap before GC invocations=45 (full 0):
 garbage-first heap   total 163840K, used 49583K [0x0000000083200000, 0x0000000100000000)
  region size 1024K, 8 young (8192K), 7 survivors (7168K)
 Metaspace       used 81612K, committed 82240K, reserved 1179648K
  class space    used 11100K, committed 11392K, reserved 1048576K
}
Event: 32.797 GC heap after
{Heap after GC invocations=46 (full 0):
 garbage-first heap   total 163840K, used 49330K [0x0000000083200000, 0x0000000100000000)
  region size 1024K, 1 young (1024K), 1 survivors (1024K)
 Metaspace       used 81612K, committed 82240K, reserved 1179648K
  class space    used 11100K, committed 11392K, reserved 1048576K
}
Event: 186.801 GC heap before
{Heap before GC invocations=46 (full 0):
 garbage-first heap   total 163840K, used 130226K [0x0000000083200000, 0x0000000100000000)
  region size 1024K, 81 young (82944K), 1 survivors (1024K)
 Metaspace       used 87662K, committed 88384K, reserved 1179648K
  class space    used 11867K, committed 12224K, reserved 1048576K
}
Event: 186.869 GC heap after
{Heap after GC invocations=47 (full 0):
 garbage-first heap   total 163840K, used 50679K [0x0000000083200000, 0x0000000100000000)
  region size 1024K, 3 young (3072K), 3 survivors (3072K)
 Metaspace       used 87662K, committed 88384K, reserved 1179648K
  class space    used 11867K, committed 12224K, reserved 1048576K
}
Event: 324.229 GC heap before
{Heap before GC invocations=47 (full 0):
 garbage-first heap   total 163840K, used 131575K [0x0000000083200000, 0x0000000100000000)
  region size 1024K, 83 young (84992K), 3 survivors (3072K)
 Metaspace       used 89603K, committed 90368K, reserved 1179648K
  class space    used 11963K, committed 12352K, reserved 1048576K
}
Event: 324.251 GC heap after
{Heap after GC invocations=48 (full 0):
 garbage-first heap   total 163840K, used 51976K [0x0000000083200000, 0x0000000100000000)
  region size 1024K, 4 young (4096K), 4 survivors (4096K)
 Metaspace       used 89603K, committed 90368K, reserved 1179648K
  class space    used 11963K, committed 12352K, reserved 1048576K
}
Event: 441.531 GC heap before
{Heap before GC invocations=48 (full 0):
 garbage-first heap   total 163840K, used 135944K [0x0000000083200000, 0x0000000100000000)
  region size 1024K, 86 young (88064K), 4 survivors (4096K)
 Metaspace       used 90513K, committed 91328K, reserved 1179648K
  class space    used 11997K, committed 12416K, reserved 1048576K
}
Event: 441.555 GC heap after
{Heap after GC invocations=49 (full 0):
 garbage-first heap   total 163840K, used 52428K [0x0000000083200000, 0x0000000100000000)
  region size 1024K, 4 young (4096K), 4 survivors (4096K)
 Metaspace       used 90513K, committed 91328K, reserved 1179648K
  class space    used 11997K, committed 12416K, reserved 1048576K
}
Event: 689.770 GC heap before
{Heap before GC invocations=49 (full 0):
 garbage-first heap   total 163840K, used 138444K [0x0000000083200000, 0x0000000100000000)
  region size 1024K, 88 young (90112K), 4 survivors (4096K)
 Metaspace       used 90867K, committed 91648K, reserved 1179648K
  class space    used 11997K, committed 12416K, reserved 1048576K
}
Event: 689.805 GC heap after
{Heap after GC invocations=50 (full 0):
 garbage-first heap   total 163840K, used 52428K [0x0000000083200000, 0x0000000100000000)
  region size 1024K, 4 young (4096K), 4 survivors (4096K)
 Metaspace       used 90867K, committed 91648K, reserved 1179648K
  class space    used 11997K, committed 12416K, reserved 1048576K
}
Event: 939.524 GC heap before
{Heap before GC invocations=50 (full 0):
 garbage-first heap   total 163840K, used 139468K [0x0000000083200000, 0x0000000100000000)
  region size 1024K, 89 young (91136K), 4 survivors (4096K)
 Metaspace       used 90900K, committed 91712K, reserved 1179648K
  class space    used 11997K, committed 12416K, reserved 1048576K
}
Event: 939.602 GC heap after
{Heap after GC invocations=51 (full 0):
 garbage-first heap   total 163840K, used 52428K [0x0000000083200000, 0x0000000100000000)
  region size 1024K, 4 young (4096K), 4 survivors (4096K)
 Metaspace       used 90900K, committed 91712K, reserved 1179648K
  class space    used 11997K, committed 12416K, reserved 1048576K
}

Deoptimization events (20 events):
Event: 393.512 Thread 0x000001cc14ff78e0 DEOPT PACKING pc=0x000001cbc0e8f438 sp=0x00000077517fd330
Event: 393.512 Thread 0x000001cc14ff78e0 DEOPT UNPACKING pc=0x000001cbc0205ba3 sp=0x00000077517fd2f0 mode 2
Event: 393.512 Thread 0x000001cc14ff78e0 Uncommon trap: trap_request=0xffffffd6 fr.pc=0x000001cbc0e8f438 relative=0x0000000000000398
Event: 393.512 Thread 0x000001cc14ff78e0 Uncommon trap: reason=array_check action=maybe_recompile pc=0x000001cbc0e8f438 method=org.hibernate.internal.util.collections.StandardStack.push(Ljava/lang/Object;)V @ 43 c2
Event: 393.512 Thread 0x000001cc14ff78e0 DEOPT PACKING pc=0x000001cbc0e8f438 sp=0x00000077517fd330
Event: 393.512 Thread 0x000001cc14ff78e0 DEOPT UNPACKING pc=0x000001cbc0205ba3 sp=0x00000077517fd2f0 mode 2
Event: 393.512 Thread 0x000001cc14ff78e0 Uncommon trap: trap_request=0xffffffd6 fr.pc=0x000001cbc0e8f438 relative=0x0000000000000398
Event: 393.512 Thread 0x000001cc14ff78e0 Uncommon trap: reason=array_check action=maybe_recompile pc=0x000001cbc0e8f438 method=org.hibernate.internal.util.collections.StandardStack.push(Ljava/lang/Object;)V @ 43 c2
Event: 393.512 Thread 0x000001cc14ff78e0 DEOPT PACKING pc=0x000001cbc0e8f438 sp=0x00000077517fd410
Event: 393.512 Thread 0x000001cc14ff78e0 DEOPT UNPACKING pc=0x000001cbc0205ba3 sp=0x00000077517fd3d0 mode 2
Event: 403.943 Thread 0x000001cc18fa6740 DEOPT PACKING pc=0x000001cbb8d33612 sp=0x0000007750ef9380
Event: 403.943 Thread 0x000001cc18fa6740 DEOPT UNPACKING pc=0x000001cbc02066e3 sp=0x0000007750ef8820 mode 0
Event: 403.968 Thread 0x000001cc18fa3ec0 Uncommon trap: trap_request=0xffffff54 fr.pc=0x000001cbc0b2d494 relative=0x0000000000000694
Event: 403.968 Thread 0x000001cc18fa3ec0 Uncommon trap: reason=speculate_null_assert action=make_not_entrant pc=0x000001cbc0b2d494 method=org.springframework.util.ConcurrentReferenceHashMap$Segment.restructureIfNecessary(Z)V @ 41 c2
Event: 403.968 Thread 0x000001cc18fa3ec0 DEOPT PACKING pc=0x000001cbc0b2d494 sp=0x0000007750cfa250
Event: 403.968 Thread 0x000001cc18fa3ec0 DEOPT UNPACKING pc=0x000001cbc0205ba3 sp=0x0000007750cfa0a8 mode 2
Event: 426.950 Thread 0x000001cc18fa94d0 Uncommon trap: trap_request=0xfffffff4 fr.pc=0x000001cbc0ebed10 relative=0x0000000000005170
Event: 426.950 Thread 0x000001cc18fa94d0 Uncommon trap: reason=null_check action=make_not_entrant pc=0x000001cbc0ebed10 method=org.springframework.core.convert.TypeDescriptor.isMap()Z @ 6 c2
Event: 426.950 Thread 0x000001cc18fa94d0 DEOPT PACKING pc=0x000001cbc0ebed10 sp=0x00000077509fa510
Event: 426.950 Thread 0x000001cc18fa94d0 DEOPT UNPACKING pc=0x000001cbc0205ba3 sp=0x00000077509fa4c0 mode 2

Classes unloaded (1 events):
Event: 20.817 Thread 0x000001cbceb70150 Unloading class 0x000001cbd0a2dc00 'jdk/internal/reflect/GeneratedSerializationConstructorAccessor19'

Classes redefined (0 events):
No events

Internal exceptions (20 events):
Event: 23.245 Thread 0x000001cc14ff9230 Implicit null exception at 0x000001cbc0839641 to 0x000001cbc0839a07
Event: 24.691 Thread 0x000001cc14ff9230 Exception <a 'java/lang/IncompatibleClassChangeError'{0x00000000894bb978}: Found class java.lang.Object, but interface was expected> (0x00000000894bb978) 
thrown [s\open\src\hotspot\share\interpreter\linkResolver.cpp, line 826]
Event: 24.761 Thread 0x000001cc14ff9230 Implicit null exception at 0x000001cbc0cf6179 to 0x000001cbc0cf6d3c
Event: 24.788 Thread 0x000001cc14ff9230 Exception <a 'java/lang/NoSuchMethodError'{0x0000000088f13828}: 'java.lang.Object java.lang.invoke.DirectMethodHandle$Holder.invokeInterface(java.lang.Object, java.lang.Object, java.lang.Object, java.lang.Object)'> (0x0000000088f13828) 
thrown [s\open\src\hotspot\share\interpreter\linkResolver.cpp, line 759]
Event: 25.260 Thread 0x000001cc14ff9230 Implicit null exception at 0x000001cbc08d833a to 0x000001cbc08d8528
Event: 25.688 Thread 0x000001cc14ff9230 Exception <a 'java/lang/NoSuchMethodError'{0x000000008805ee90}: 'java.lang.Object java.lang.invoke.DirectMethodHandle$Holder.newInvokeSpecial(java.lang.Object, java.lang.Object, int, java.lang.Object, java.lang.Object)'> (0x000000008805ee90) 
thrown [s\open\src\hotspot\share\interpreter\linkResolver.cpp, line 759]
Event: 25.689 Thread 0x000001cc14ff9230 Exception <a 'java/lang/NoSuchMethodError'{0x000000008806a128}: 'java.lang.Object java.lang.invoke.DirectMethodHandle$Holder.invokeSpecial(java.lang.Object, java.lang.Object, int, java.lang.Object, int, java.lang.Object)'> (0x000000008806a128) 
thrown [s\open\src\hotspot\share\interpreter\linkResolver.cpp, line 759]
Event: 25.690 Thread 0x000001cc14ff9230 Exception <a 'java/lang/NoSuchMethodError'{0x0000000088072148}: 'java.lang.Object java.lang.invoke.DirectMethodHandle$Holder.newInvokeSpecial(java.lang.Object, java.lang.Object, int, java.lang.Object, int)'> (0x0000000088072148) 
thrown [s\open\src\hotspot\share\interpreter\linkResolver.cpp, line 759]
Event: 25.690 Thread 0x000001cc14ff9230 Exception <a 'java/lang/NoSuchMethodError'{0x0000000088076248}: 'java.lang.Object java.lang.invoke.DirectMethodHandle$Holder.invokeSpecial(java.lang.Object, java.lang.Object, java.lang.Object, int, java.lang.Object, int)'> (0x0000000088076248) 
thrown [s\open\src\hotspot\share\interpreter\linkResolver.cpp, line 759]
Event: 33.927 Thread 0x000001cc18fa94d0 Exception <a 'java/lang/NoSuchMethodError'{0x000000008cdcc900}: 'java.lang.Object java.lang.invoke.DirectMethodHandle$Holder.invokeSpecial(java.lang.Object, java.lang.Object, java.lang.Object, java.lang.Object, java.lang.Object, long)'> (0x000000008cdcc900) 
thrown [s\open\src\hotspot\share\interpreter\linkResolver.cpp, line 759]
Event: 33.928 Thread 0x000001cc18fa94d0 Exception <a 'java/lang/NoSuchMethodError'{0x000000008cdd0340}: 'java.lang.Object java.lang.invoke.Invokers$Holder.linkToTargetMethod(java.lang.Object, java.lang.Object, java.lang.Object, long, java.lang.Object)'> (0x000000008cdd0340) 
thrown [s\open\src\hotspot\share\interpreter\linkResolver.cpp, line 759]
Event: 35.197 Thread 0x000001cc18fa2570 Implicit null exception at 0x000001cbc0aeac5b to 0x000001cbc0aeaf52
Event: 35.197 Thread 0x000001cc18fa6740 Implicit null exception at 0x000001cbc0aeac5b to 0x000001cbc0aeaf52
Event: 35.198 Thread 0x000001cc18fa94d0 Implicit null exception at 0x000001cbc09891db to 0x000001cbc0989250
Event: 35.276 Thread 0x000001cc18fa8ab0 Implicit null exception at 0x000001cbc0dbdafc to 0x000001cbc0dbe098
Event: 35.281 Thread 0x000001cc18fa2570 Exception <a 'java/lang/NoSuchMethodError'{0x000000008bff23e8}: 'java.lang.Object java.lang.invoke.DirectMethodHandle$Holder.newInvokeSpecial(java.lang.Object, long)'> (0x000000008bff23e8) 
thrown [s\open\src\hotspot\share\interpreter\linkResolver.cpp, line 759]
Event: 154.700 Thread 0x000001cc18fa5d20 Exception <a 'java/lang/NoSuchMethodError'{0x0000000088e3dbe0}: 'void java.lang.invoke.DirectMethodHandle$Holder.invokeSpecialIFC(java.lang.Object, java.lang.Object, int, java.lang.Object, java.lang.Object, java.lang.Object, java.lang.Object)'> (0x0000000088e3dbe0) 
thrown [s\open\src\hotspot\share\interpreter\linkResolver.cpp, line 759]
Event: 301.434 Thread 0x000001cc15dfb140 Implicit null exception at 0x000001cbc0c0ca99 to 0x000001cbc0c0d138
Event: 360.709 Thread 0x000001cc18fa99e0 Implicit null exception at 0x000001cbc0e424c2 to 0x000001cbc0e470ac
Event: 426.948 Thread 0x000001cc18fa94d0 Implicit null exception at 0x000001cbc0ebace2 to 0x000001cbc0ebed00

VM Operations (20 events):
Event: 856.347 Executing VM operation: Cleanup
Event: 856.347 Executing VM operation: Cleanup done
Event: 866.430 Executing VM operation: Cleanup
Event: 866.430 Executing VM operation: Cleanup done
Event: 877.525 Executing VM operation: Cleanup
Event: 877.525 Executing VM operation: Cleanup done
Event: 893.627 Executing VM operation: Cleanup
Event: 893.627 Executing VM operation: Cleanup done
Event: 915.817 Executing VM operation: Cleanup
Event: 915.817 Executing VM operation: Cleanup done
Event: 917.830 Executing VM operation: Cleanup
Event: 917.830 Executing VM operation: Cleanup done
Event: 921.860 Executing VM operation: Cleanup
Event: 921.860 Executing VM operation: Cleanup done
Event: 923.876 Executing VM operation: Cleanup
Event: 923.876 Executing VM operation: Cleanup done
Event: 933.932 Executing VM operation: Cleanup
Event: 933.932 Executing VM operation: Cleanup done
Event: 939.522 Executing VM operation: G1CollectForAllocation
Event: 939.602 Executing VM operation: G1CollectForAllocation done

Events (20 events):
Event: 243.755 loading class java/util/zip/GZIPOutputStream
Event: 243.756 loading class java/util/zip/GZIPOutputStream done
Event: 244.267 loading class java/io/WriteAbortedException
Event: 244.267 loading class java/io/WriteAbortedException done
Event: 244.373 loading class sun/security/provider/SecureRandom
Event: 244.377 loading class sun/security/provider/SecureRandom done
Event: 244.385 loading class sun/security/provider/SecureRandom$SeederHolder
Event: 244.385 loading class sun/security/provider/SecureRandom$SeederHolder done
Event: 245.053 loading class java/text/FieldPosition$Delegate
Event: 245.054 loading class java/text/FieldPosition$Delegate done
Event: 263.554 Thread 0x000001cc1541bf60 Thread added: 0x000001cc1541bf60
Event: 265.514 Thread 0x000001cc1541bf60 Thread exited: 0x000001cc1541bf60
Event: 301.432 Thread 0x000001cc15dfb140 Thread added: 0x000001cc15dfb140
Event: 339.525 Thread 0x000001cc14000080 flushing nmethod 0x000001cbc0afad10
Event: 339.570 Thread 0x000001cc14000080 flushing nmethod 0x000001cbb9165510
Event: 376.787 Thread 0x000001cc14bf0160 Thread exited: 0x000001cc14bf0160
Event: 391.305 Thread 0x000001cc15415fc0 Thread added: 0x000001cc15415fc0
Event: 392.406 Thread 0x000001cc15415fc0 Thread exited: 0x000001cc15415fc0
Event: 417.205 Thread 0x000001cc15418f90 Thread added: 0x000001cc15418f90
Event: 419.522 Thread 0x000001cc15418f90 Thread exited: 0x000001cc15418f90


Dynamic libraries:
0x00007ff7e46e0000 - 0x00007ff7e46f0000 	C:\Program Files\Java\jdk-17\bin\java.exe
0x00007ff93ce70000 - 0x00007ff93d087000 	C:\WINDOWS\SYSTEM32\ntdll.dll
0x00007ff93c6a0000 - 0x00007ff93c764000 	C:\WINDOWS\System32\KERNEL32.DLL
0x00007ff93a040000 - 0x00007ff93a413000 	C:\WINDOWS\System32\KERNELBASE.dll
0x00007ff93a820000 - 0x00007ff93a931000 	C:\WINDOWS\System32\ucrtbase.dll
0x00007ff933080000 - 0x00007ff933099000 	C:\Program Files\Java\jdk-17\bin\jli.dll
0x00007ff93c8e0000 - 0x00007ff93c991000 	C:\WINDOWS\System32\ADVAPI32.dll
0x00007ff93b6e0000 - 0x00007ff93b787000 	C:\WINDOWS\System32\msvcrt.dll
0x00007ff93c5f0000 - 0x00007ff93c698000 	C:\WINDOWS\System32\sechost.dll
0x00007ff93aa60000 - 0x00007ff93aa88000 	C:\WINDOWS\System32\bcrypt.dll
0x00007ff93cbe0000 - 0x00007ff93ccf4000 	C:\WINDOWS\System32\RPCRT4.dll
0x00007ff93c030000 - 0x00007ff93c1e1000 	C:\WINDOWS\System32\USER32.dll
0x00007ff93a420000 - 0x00007ff93a446000 	C:\WINDOWS\System32\win32u.dll
0x00007ff93c350000 - 0x00007ff93c379000 	C:\WINDOWS\System32\GDI32.dll
0x00007ff93a940000 - 0x00007ff93aa5b000 	C:\WINDOWS\System32\gdi32full.dll
0x00007ff93a5c0000 - 0x00007ff93a65a000 	C:\WINDOWS\System32\msvcp_win.dll
0x00007ff924780000 - 0x00007ff924a18000 	C:\WINDOWS\WinSxS\amd64_microsoft.windows.common-controls_6595b64144ccf1df_6.0.22621.5124_none_270e8f4f7386d69d\COMCTL32.dll
0x00007ff933060000 - 0x00007ff93307b000 	C:\Program Files\Java\jdk-17\bin\VCRUNTIME140.dll
0x00007ff933040000 - 0x00007ff93304a000 	C:\WINDOWS\SYSTEM32\VERSION.dll
0x00007ff93c840000 - 0x00007ff93c871000 	C:\WINDOWS\System32\IMM32.DLL
0x00007ff937af0000 - 0x00007ff937afc000 	C:\Program Files\Java\jdk-17\bin\vcruntime140_1.dll
0x00007ff928e60000 - 0x00007ff928eee000 	C:\Program Files\Java\jdk-17\bin\msvcp140.dll
0x00007ff8a4b00000 - 0x00007ff8a56e0000 	C:\Program Files\Java\jdk-17\bin\server\jvm.dll
0x00007ff93cd00000 - 0x00007ff93cd08000 	C:\WINDOWS\System32\PSAPI.DLL
0x00007ff9377e0000 - 0x00007ff937814000 	C:\WINDOWS\SYSTEM32\WINMM.dll
0x00007ff91bb20000 - 0x00007ff91bb29000 	C:\WINDOWS\SYSTEM32\WSOCK32.dll
0x00007ff93c770000 - 0x00007ff93c7e1000 	C:\WINDOWS\System32\WS2_32.dll
0x00007ff938fb0000 - 0x00007ff938fc8000 	C:\WINDOWS\SYSTEM32\kernel.appcore.dll
0x00007ff937960000 - 0x00007ff93796a000 	C:\Program Files\Java\jdk-17\bin\jimage.dll
0x00007ff937470000 - 0x00007ff9376a2000 	C:\WINDOWS\SYSTEM32\DBGHELP.DLL
0x00007ff93b220000 - 0x00007ff93b5b2000 	C:\WINDOWS\System32\combase.dll
0x00007ff93acc0000 - 0x00007ff93ad97000 	C:\WINDOWS\System32\OLEAUT32.dll
0x00007ff9377a0000 - 0x00007ff9377d2000 	C:\WINDOWS\SYSTEM32\dbgcore.DLL
0x00007ff93aa90000 - 0x00007ff93ab0b000 	C:\WINDOWS\System32\bcryptPrimitives.dll
0x00007ff928e30000 - 0x00007ff928e3e000 	C:\Program Files\Java\jdk-17\bin\instrument.dll
0x00007ff930fd0000 - 0x00007ff930ff5000 	C:\Program Files\Java\jdk-17\bin\java.dll
0x00007ff922f80000 - 0x00007ff923057000 	C:\Program Files\Java\jdk-17\bin\jsvml.dll
0x00007ff93b790000 - 0x00007ff93c026000 	C:\WINDOWS\System32\SHELL32.dll
0x00007ff93a6e0000 - 0x00007ff93a81f000 	C:\WINDOWS\System32\wintypes.dll
0x00007ff937ea0000 - 0x00007ff9387ba000 	C:\WINDOWS\SYSTEM32\windows.storage.dll
0x00007ff93b5c0000 - 0x00007ff93b6ca000 	C:\WINDOWS\System32\SHCORE.dll
0x00007ff93c2e0000 - 0x00007ff93c343000 	C:\WINDOWS\System32\shlwapi.dll
0x00007ff939eb0000 - 0x00007ff939edb000 	C:\WINDOWS\SYSTEM32\profapi.dll
0x00007ff930f80000 - 0x00007ff930f98000 	C:\Program Files\Java\jdk-17\bin\zip.dll
0x00007ff92f1b0000 - 0x00007ff92f1c9000 	C:\Program Files\Java\jdk-17\bin\net.dll
0x00007ff936770000 - 0x00007ff93689c000 	C:\WINDOWS\SYSTEM32\WINHTTP.dll
0x00007ff939430000 - 0x00007ff93949a000 	C:\WINDOWS\system32\mswsock.dll
0x00007ff92f190000 - 0x00007ff92f1a6000 	C:\Program Files\Java\jdk-17\bin\nio.dll
0x00007ff928e40000 - 0x00007ff928e5a000 	C:\Program Files\JetBrains\IntelliJ IDEA 2024.3.3\bin\breakgen64.dll
0x00007ff938a90000 - 0x00007ff938b92000 	C:\WINDOWS\SYSTEM32\DNSAPI.dll
0x00007ff938a60000 - 0x00007ff938a8d000 	C:\WINDOWS\SYSTEM32\IPHLPAPI.DLL
0x00007ff93b6d0000 - 0x00007ff93b6d9000 	C:\WINDOWS\System32\NSI.dll
0x00007ff932060000 - 0x00007ff93206a000 	C:\Windows\System32\rasadhlp.dll
0x00007ff933400000 - 0x00007ff933483000 	C:\WINDOWS\System32\fwpuclnt.dll
0x00007ff936560000 - 0x00007ff93656a000 	C:\Program Files\Java\jdk-17\bin\management.dll
0x00007ff936530000 - 0x00007ff93653b000 	C:\Program Files\Java\jdk-17\bin\management_ext.dll
0x00007ff933670000 - 0x00007ff933680000 	C:\Program Files\Java\jdk-17\bin\verify.dll
0x00007ff939680000 - 0x00007ff93969b000 	C:\WINDOWS\SYSTEM32\CRYPTSP.dll
0x00007ff938f10000 - 0x00007ff938f47000 	C:\WINDOWS\system32\rsaenh.dll
0x00007ff939520000 - 0x00007ff939548000 	C:\WINDOWS\SYSTEM32\USERENV.dll
0x00007ff9396a0000 - 0x00007ff9396ac000 	C:\WINDOWS\SYSTEM32\CRYPTBASE.dll
0x00007ff934180000 - 0x00007ff934199000 	C:\WINDOWS\SYSTEM32\dhcpcsvc6.DLL
0x00007ff9340b0000 - 0x00007ff9340cf000 	C:\WINDOWS\SYSTEM32\dhcpcsvc.DLL
0x00007ff8f5750000 - 0x00007ff8f5767000 	C:\WINDOWS\system32\napinsp.dll
0x00007ff8af750000 - 0x00007ff8af76b000 	C:\WINDOWS\system32\pnrpnsp.dll
0x00007ff8af730000 - 0x00007ff8af741000 	C:\WINDOWS\System32\winrnr.dll
0x00007ff902bd0000 - 0x00007ff902be5000 	C:\WINDOWS\system32\wshbth.dll
0x00007ff8f5650000 - 0x00007ff8f5677000 	C:\WINDOWS\system32\nlansp_c.dll
0x00007ff91bab0000 - 0x00007ff91bb00000 	C:\WINDOWS\SYSTEM32\pdh.dll
0x00007ff9276a0000 - 0x00007ff9276b1000 	C:\WINDOWS\System32\perfproc.dll
0x00007ff928e20000 - 0x00007ff928e2e000 	C:\Program Files\Java\jdk-17\bin\sunmscapi.dll
0x00007ff93a450000 - 0x00007ff93a5b7000 	C:\WINDOWS\System32\CRYPT32.dll
0x00007ff939820000 - 0x00007ff93984d000 	C:\WINDOWS\SYSTEM32\ncrypt.dll
0x00007ff9397e0000 - 0x00007ff939817000 	C:\WINDOWS\SYSTEM32\NTASN1.dll
0x00007ff90f560000 - 0x00007ff90f568000 	C:\WINDOWS\system32\wshunix.dll

dbghelp: loaded successfully - version: 4.0.5 - missing functions: none
symbol engine: initialized successfully - sym options: 0x614 - pdb path: .;C:\Program Files\Java\jdk-17\bin;C:\WINDOWS\SYSTEM32;C:\WINDOWS\WinSxS\amd64_microsoft.windows.common-controls_6595b64144ccf1df_6.0.22621.5124_none_270e8f4f7386d69d;C:\Program Files\Java\jdk-17\bin\server;C:\Program Files\JetBrains\IntelliJ IDEA 2024.3.3\bin

VM Arguments:
jvm_args: -javaagent:C:\Program Files\JetBrains\IntelliJ IDEA 2024.3.3\lib\idea_rt.jar=52667:C:\Program Files\JetBrains\IntelliJ IDEA 2024.3.3\bin -Dfile.encoding=UTF-8 
java_command: com.poly.beeshoes.Application
java_class_path (initial): E:\BeeShoes\bee-shoes-be\target\classes;C:\Users\ADMIN\.m2\repository\org\springframework\boot\spring-boot-starter-data-jpa\3.1.2\spring-boot-starter-data-jpa-3.1.2.jar;C:\Users\ADMIN\.m2\repository\org\springframework\boot\spring-boot-starter-aop\3.1.2\spring-boot-starter-aop-3.1.2.jar;C:\Users\ADMIN\.m2\repository\org\aspectj\aspectjweaver\1.9.19\aspectjweaver-1.9.19.jar;C:\Users\ADMIN\.m2\repository\org\springframework\boot\spring-boot-starter-jdbc\3.1.2\spring-boot-starter-jdbc-3.1.2.jar;C:\Users\ADMIN\.m2\repository\com\zaxxer\HikariCP\5.0.1\HikariCP-5.0.1.jar;C:\Users\ADMIN\.m2\repository\org\springframework\spring-jdbc\6.0.11\spring-jdbc-6.0.11.jar;C:\Users\ADMIN\.m2\repository\org\hibernate\orm\hibernate-core\6.2.6.Final\hibernate-core-6.2.6.Final.jar;C:\Users\ADMIN\.m2\repository\jakarta\persistence\jakarta.persistence-api\3.1.0\jakarta.persistence-api-3.1.0.jar;C:\Users\ADMIN\.m2\repository\jakarta\transaction\jakarta.transaction-api\2.0.1\jakarta.transaction-api-2.0.1.jar;C:\Users\ADMIN\.m2\repository\org\jboss\logging\jboss-logging\3.5.3.Final\jboss-logging-3.5.3.Final.jar;C:\Users\ADMIN\.m2\repository\org\hibernate\common\hibernate-commons-annotations\6.0.6.Final\hibernate-commons-annotations-6.0.6.Final.jar;C:\Users\ADMIN\.m2\repository\io\smallrye\jandex\3.0.5\jandex-3.0.5.jar;C:\Users\ADMIN\.m2\repository\com\fasterxml\classmate\1.5.1\classmate-1.5.1.jar;C:\Users\ADMIN\.m2\repository\net\bytebuddy\byte-buddy\1.14.5\byte-buddy-1.14.5.jar;C:\Users\ADMIN\.m2\repository\org\glassfish\jaxb\jaxb-runtime\4.0.3\jaxb-runtime-4.0.3.jar;C:\Users\ADMIN\.m2\repository\org\glassfish\jaxb\jaxb-core\4.0.3\jaxb-core-4.0.3.jar;C:\Users\ADMIN\.m2\repository\org\glassfish\jaxb\txw2\4.0.3\txw2-4.0.3.jar;C:\Users\ADMIN\.m2\repository\com\sun\istack\istack-commons-runtime\4.1.2\istack-commons-runtime-4.1.2.jar;C:\Users\ADMIN\.m2\repository\jakarta\inject\jakarta.inject-api\2.0.1\jakarta.inject-api-2.0.1.jar;C:\Users\ADMIN\.m2\repository\org\ant
Launcher Type: SUN_STANDARD

[Global flags]
     intx CICompilerCount                          = 3                                         {product} {ergonomic}
     uint ConcGCThreads                            = 1                                         {product} {ergonomic}
     uint G1ConcRefinementThreads                  = 4                                         {product} {ergonomic}
   size_t G1HeapRegionSize                         = 1048576                                   {product} {ergonomic}
    uintx GCDrainStackTargetSize                   = 64                                        {product} {ergonomic}
   size_t InitialHeapSize                          = 132120576                                 {product} {ergonomic}
   size_t MarkStackSize                            = 4194304                                   {product} {ergonomic}
   size_t MaxHeapSize                              = 2095054848                                {product} {ergonomic}
   size_t MaxNewSize                               = 1256194048                                {product} {ergonomic}
   size_t MinHeapDeltaBytes                        = 1048576                                   {product} {ergonomic}
   size_t MinHeapSize                              = 8388608                                   {product} {ergonomic}
    uintx NonNMethodCodeHeapSize                   = 5832780                                {pd product} {ergonomic}
    uintx NonProfiledCodeHeapSize                  = 122912730                              {pd product} {ergonomic}
    uintx ProfiledCodeHeapSize                     = 122912730                              {pd product} {ergonomic}
    uintx ReservedCodeCacheSize                    = 251658240                              {pd product} {ergonomic}
     bool SegmentedCodeCache                       = true                                      {product} {ergonomic}
   size_t SoftMaxHeapSize                          = 2095054848                             {manageable} {ergonomic}
     bool UseCompressedClassPointers               = true                           {product lp64_product} {ergonomic}
     bool UseCompressedOops                        = true                           {product lp64_product} {ergonomic}
     bool UseG1GC                                  = true                                      {product} {ergonomic}
     bool UseLargePagesIndividualAllocation        = false                                  {pd product} {ergonomic}

Logging:
Log output configuration:
 #0: stdout all=warning uptime,level,tags
 #1: stderr all=off uptime,level,tags

Environment Variables:
JAVA_HOME=C:\Program Files\Java\jdk-22
PATH=C:\Program Files\Python312\Scripts\;C:\Program Files\Python312\;F:\VM Ware\bin\;C:\Program Files\Common Files\Oracle\Java\javapath;C:\WINDOWS\system32;C:\WINDOWS;C:\WINDOWS\System32\Wbem;C:\WINDOWS\System32\WindowsPowerShell\v1.0\;C:\WINDOWS\System32\OpenSSH\;C:\MinGW\bin;C:\Program Files\Microsoft SQL Server\Client SDK\ODBC\170\Tools\Binn\;C:\Program Files (x86)\Microsoft SQL Server\150\Tools\Binn\;C:\Program Files\Microsoft SQL Server\150\Tools\Binn\;C:\Program Files\Microsoft SQL Server\150\DTS\Binn\;C:\Program Files (x86)\Microsoft SQL Server\150\DTS\Binn\;C:\xampp\php\;C:\Program Files\Git\cmd;C:\Users\ADMIN\AppData\Local\Android\Sdk\platform-tools;C:\Users\ADMIN\AppData\Local\Android\Sdk;C:\Users\ADMIN\AppData\Local\Android\Sdk\build-tools\34.0.0;C:\Program Files\nodejs\;C:\Program Files\Java\jdk-22\bin;;C:\Program Files\dotnet\;C:\Program Files (x86)\Windows Kits\10\Windows Performance Toolkit\;C:\Program Files\Go\bin;C:\Program Files\WireGuard\;C:\Users\ADMIN\AppData\Local\Programs\Python\Python311\Scripts\;C:\Users\ADMIN\AppData\Local\Programs\Python\Python311\;C:\Users\ADMIN\AppData\Local\Microsoft\WindowsApps;C:\Program Files\JetBrains\CLion 2021.3\bin;;C:\Users\ADMIN\AppData\Local\Programs\Microsoft VS Code\bin;C:\MinGW\bin;C:\Program Files\Azure Data Studio\bin;C:\Users\ADMIN\.dotnet\tools;;C:\Users\ADMIN\AppData\Local\Programs\Fiddler;F:\Fiddler;C:\Users\ADMIN\AppData\Roaming\npm;C:\Users\ADMIN\.dotnet\tools;C:\Users\ADMIN\go\bin;C:\Program Files\JetBrains\IntelliJ IDEA 2024.3.3\bin;
USERNAME=ADMIN
OS=Windows_NT
PROCESSOR_IDENTIFIER=Intel64 Family 6 Model 140 Stepping 1, GenuineIntel



---------------  S Y S T E M  ---------------

OS:
 Windows 11 , 64 bit Build 22621 (10.0.22621.5124)
OS uptime: 12 days 6:11 hours

CPU: total 4 (initial active 4) (2 cores per cpu, 2 threads per core) family 6 model 140 stepping 1 microcode 0x9a, cx8, cmov, fxsr, ht, mmx, 3dnowpref, sse, sse2, sse3, ssse3, sse4.1, sse4.2, popcnt, lzcnt, tsc, tscinvbit, avx, avx2, aes, erms, clmul, bmi1, bmi2, adx, avx512f, avx512dq, avx512cd, avx512bw, avx512vl, sha, fma, vzeroupper, avx512_vpopcntdq, avx512_vpclmulqdq, avx512_vaes, avx512_vnni, clflush, clflushopt, clwb, avx512_vbmi2, avx512_vbmi

Memory: 4k page, system-wide physical 7991M (515M free)
TotalPageFile size 32567M (AvailPageFile size 0M)
current process WorkingSet (physical memory assigned to process): 101M, peak: 397M
current process commit charge ("private bytes"): 435M, peak: 453M

vm_info: Java HotSpot(TM) 64-Bit Server VM (17.0.12+8-LTS-286) for windows-amd64 JRE (17.0.12+8-LTS-286), built on Jun  5 2024 06:46:59 by "mach5one" with MS VC++ 17.6 (VS2022)

END.
